[0.080s] DEBUG:colcon:Command line arguments: ['/usr/bin/colcon', 'build']
[0.080s] DEBUG:colcon:Parsed command line arguments: Namespace(log_base=None, log_level=None, verb_name='build', build_base='build', install_base='install', merge_install=False, symlink_install=False, test_result_base=None, continue_on_error=False, executor='parallel', parallel_workers=16, event_handlers=None, ignore_user_meta=False, metas=['./colcon.meta'], base_paths=['.'], packages_ignore=None, packages_ignore_regex=None, paths=None, packages_up_to=None, packages_up_to_regex=None, packages_above=None, packages_above_and_dependencies=None, packages_above_depth=None, packages_select_by_dep=None, packages_skip_by_dep=None, packages_skip_up_to=None, packages_select_build_failed=False, packages_skip_build_finished=False, packages_select_test_failures=False, packages_skip_test_passed=False, packages_select=None, packages_skip=None, packages_select_regex=None, packages_skip_regex=None, packages_start=None, packages_end=None, allow_overriding=[], cmake_args=None, cmake_target=None, cmake_target_skip_unavailable=False, cmake_clean_cache=False, cmake_clean_first=False, cmake_force_configure=False, ament_cmake_args=None, catkin_cmake_args=None, catkin_skip_building_tests=False, verb_parser=<colcon_defaults.argument_parser.defaults.DefaultArgumentsDecorator object at 0x7e17fc2e4790>, verb_extension=<colcon_core.verb.build.BuildVerb object at 0x7e17fc2e42b0>, main=<bound method BuildVerb.main of <colcon_core.verb.build.BuildVerb object at 0x7e17fc2e42b0>>)
[0.198s] Level 1:colcon.colcon_core.package_discovery:discover_packages(colcon_meta) check parameters
[0.198s] Level 1:colcon.colcon_core.package_discovery:discover_packages(recursive) check parameters
[0.198s] Level 1:colcon.colcon_core.package_discovery:discover_packages(ignore) check parameters
[0.198s] Level 1:colcon.colcon_core.package_discovery:discover_packages(path) check parameters
[0.198s] Level 1:colcon.colcon_core.package_discovery:discover_packages(colcon_meta) discover
[0.198s] Level 1:colcon.colcon_core.package_discovery:discover_packages(recursive) discover
[0.198s] INFO:colcon.colcon_core.package_discovery:Crawling recursively for packages in '/home/maxime/ros2_ws'
[0.198s] Level 1:colcon.colcon_core.package_identification:_identify(.) by extensions ['ignore', 'ignore_ament_install']
[0.198s] Level 1:colcon.colcon_core.package_identification:_identify(.) by extension 'ignore'
[0.198s] Level 1:colcon.colcon_core.package_identification:_identify(.) by extension 'ignore_ament_install'
[0.198s] Level 1:colcon.colcon_core.package_identification:_identify(.) by extensions ['colcon_pkg']
[0.198s] Level 1:colcon.colcon_core.package_identification:_identify(.) by extension 'colcon_pkg'
[0.198s] Level 1:colcon.colcon_core.package_identification:_identify(.) by extensions ['colcon_meta']
[0.198s] Level 1:colcon.colcon_core.package_identification:_identify(.) by extension 'colcon_meta'
[0.198s] Level 1:colcon.colcon_core.package_identification:_identify(.) by extensions ['ros']
[0.198s] Level 1:colcon.colcon_core.package_identification:_identify(.) by extension 'ros'
[0.207s] Level 1:colcon.colcon_core.package_identification:_identify(.) by extensions ['cmake', 'python']
[0.207s] Level 1:colcon.colcon_core.package_identification:_identify(.) by extension 'cmake'
[0.207s] Level 1:colcon.colcon_core.package_identification:_identify(.) by extension 'python'
[0.207s] Level 1:colcon.colcon_core.package_identification:_identify(.) by extensions ['python_setup_py']
[0.207s] Level 1:colcon.colcon_core.package_identification:_identify(.) by extension 'python_setup_py'
[0.208s] Level 1:colcon.colcon_core.package_identification:_identify(build) by extensions ['ignore', 'ignore_ament_install']
[0.208s] Level 1:colcon.colcon_core.package_identification:_identify(build) by extension 'ignore'
[0.208s] Level 1:colcon.colcon_core.package_identification:_identify(build) ignored
[0.208s] Level 1:colcon.colcon_core.package_identification:_identify(install) by extensions ['ignore', 'ignore_ament_install']
[0.208s] Level 1:colcon.colcon_core.package_identification:_identify(install) by extension 'ignore'
[0.208s] Level 1:colcon.colcon_core.package_identification:_identify(install) ignored
[0.208s] Level 1:colcon.colcon_core.package_identification:_identify(log) by extensions ['ignore', 'ignore_ament_install']
[0.208s] Level 1:colcon.colcon_core.package_identification:_identify(log) by extension 'ignore'
[0.208s] Level 1:colcon.colcon_core.package_identification:_identify(log) ignored
[0.208s] Level 1:colcon.colcon_core.package_identification:_identify(src) by extensions ['ignore', 'ignore_ament_install']
[0.208s] Level 1:colcon.colcon_core.package_identification:_identify(src) by extension 'ignore'
[0.208s] Level 1:colcon.colcon_core.package_identification:_identify(src) by extension 'ignore_ament_install'
[0.208s] Level 1:colcon.colcon_core.package_identification:_identify(src) by extensions ['colcon_pkg']
[0.208s] Level 1:colcon.colcon_core.package_identification:_identify(src) by extension 'colcon_pkg'
[0.208s] Level 1:colcon.colcon_core.package_identification:_identify(src) by extensions ['colcon_meta']
[0.208s] Level 1:colcon.colcon_core.package_identification:_identify(src) by extension 'colcon_meta'
[0.208s] Level 1:colcon.colcon_core.package_identification:_identify(src) by extensions ['ros']
[0.208s] Level 1:colcon.colcon_core.package_identification:_identify(src) by extension 'ros'
[0.208s] Level 1:colcon.colcon_core.package_identification:_identify(src) by extensions ['cmake', 'python']
[0.208s] Level 1:colcon.colcon_core.package_identification:_identify(src) by extension 'cmake'
[0.208s] Level 1:colcon.colcon_core.package_identification:_identify(src) by extension 'python'
[0.208s] Level 1:colcon.colcon_core.package_identification:_identify(src) by extensions ['python_setup_py']
[0.208s] Level 1:colcon.colcon_core.package_identification:_identify(src) by extension 'python_setup_py'
[0.208s] Level 1:colcon.colcon_core.package_identification:_identify(src/maestro_node) by extensions ['ignore', 'ignore_ament_install']
[0.208s] Level 1:colcon.colcon_core.package_identification:_identify(src/maestro_node) by extension 'ignore'
[0.208s] Level 1:colcon.colcon_core.package_identification:_identify(src/maestro_node) by extension 'ignore_ament_install'
[0.209s] Level 1:colcon.colcon_core.package_identification:_identify(src/maestro_node) by extensions ['colcon_pkg']
[0.209s] Level 1:colcon.colcon_core.package_identification:_identify(src/maestro_node) by extension 'colcon_pkg'
[0.209s] Level 1:colcon.colcon_core.package_identification:_identify(src/maestro_node) by extensions ['colcon_meta']
[0.209s] Level 1:colcon.colcon_core.package_identification:_identify(src/maestro_node) by extension 'colcon_meta'
[0.209s] Level 1:colcon.colcon_core.package_identification:_identify(src/maestro_node) by extensions ['ros']
[0.209s] Level 1:colcon.colcon_core.package_identification:_identify(src/maestro_node) by extension 'ros'
[0.211s] DEBUG:colcon.colcon_core.package_identification:Package 'src/maestro_node' with type 'ros.catkin' and name 'maestro_node'
[0.211s] Level 1:colcon.colcon_core.package_identification:_identify(src/ros_maestro) by extensions ['ignore', 'ignore_ament_install']
[0.211s] Level 1:colcon.colcon_core.package_identification:_identify(src/ros_maestro) by extension 'ignore'
[0.211s] Level 1:colcon.colcon_core.package_identification:_identify(src/ros_maestro) by extension 'ignore_ament_install'
[0.211s] Level 1:colcon.colcon_core.package_identification:_identify(src/ros_maestro) by extensions ['colcon_pkg']
[0.211s] Level 1:colcon.colcon_core.package_identification:_identify(src/ros_maestro) by extension 'colcon_pkg'
[0.211s] Level 1:colcon.colcon_core.package_identification:_identify(src/ros_maestro) by extensions ['colcon_meta']
[0.211s] Level 1:colcon.colcon_core.package_identification:_identify(src/ros_maestro) by extension 'colcon_meta'
[0.211s] Level 1:colcon.colcon_core.package_identification:_identify(src/ros_maestro) by extensions ['ros']
[0.211s] Level 1:colcon.colcon_core.package_identification:_identify(src/ros_maestro) by extension 'ros'
[0.212s] DEBUG:colcon.colcon_core.package_identification:Package 'src/ros_maestro' with type 'ros.catkin' and name 'ros_maestro'
[0.212s] Level 1:colcon.colcon_core.package_discovery:discover_packages(recursive) using defaults
[0.212s] Level 1:colcon.colcon_core.package_discovery:discover_packages(ignore) discover
[0.212s] Level 1:colcon.colcon_core.package_discovery:discover_packages(ignore) using defaults
[0.212s] Level 1:colcon.colcon_core.package_discovery:discover_packages(path) discover
[0.212s] Level 1:colcon.colcon_core.package_discovery:discover_packages(path) using defaults
[0.228s] Level 1:colcon.colcon_core.package_discovery:discover_packages(prefix_path) check parameters
[0.228s] Level 1:colcon.colcon_core.package_discovery:discover_packages(prefix_path) discover
[0.229s] WARNING:colcon.colcon_ros.prefix_path.catkin:The path '/home/maxime/ros2_ws/install/maestro_node' in the environment variable CMAKE_PREFIX_PATH doesn't exist
[0.229s] DEBUG:colcon.colcon_installed_package_information.package_discovery:Found 1 installed packages in /home/maxime/ros2_ws/install
[0.230s] DEBUG:colcon.colcon_installed_package_information.package_discovery:Found 280 installed packages in /opt/ros/humble
[0.244s] Level 1:colcon.colcon_core.package_discovery:discover_packages(prefix_path) using defaults
[0.274s] Level 5:colcon.colcon_core.verb:set package 'maestro_node' build argument 'cmake_args' from command line to 'None'
[0.274s] Level 5:colcon.colcon_core.verb:set package 'maestro_node' build argument 'cmake_target' from command line to 'None'
[0.274s] Level 5:colcon.colcon_core.verb:set package 'maestro_node' build argument 'cmake_target_skip_unavailable' from command line to 'False'
[0.274s] Level 5:colcon.colcon_core.verb:set package 'maestro_node' build argument 'cmake_clean_cache' from command line to 'False'
[0.274s] Level 5:colcon.colcon_core.verb:set package 'maestro_node' build argument 'cmake_clean_first' from command line to 'False'
[0.274s] Level 5:colcon.colcon_core.verb:set package 'maestro_node' build argument 'cmake_force_configure' from command line to 'False'
[0.274s] Level 5:colcon.colcon_core.verb:set package 'maestro_node' build argument 'ament_cmake_args' from command line to 'None'
[0.274s] Level 5:colcon.colcon_core.verb:set package 'maestro_node' build argument 'catkin_cmake_args' from command line to 'None'
[0.274s] Level 5:colcon.colcon_core.verb:set package 'maestro_node' build argument 'catkin_skip_building_tests' from command line to 'False'
[0.274s] DEBUG:colcon.colcon_core.verb:Building package 'maestro_node' with the following arguments: {'ament_cmake_args': None, 'build_base': '/home/maxime/ros2_ws/build/maestro_node', 'catkin_cmake_args': None, 'catkin_skip_building_tests': False, 'cmake_args': None, 'cmake_clean_cache': False, 'cmake_clean_first': False, 'cmake_force_configure': False, 'cmake_target': None, 'cmake_target_skip_unavailable': False, 'install_base': '/home/maxime/ros2_ws/install/maestro_node', 'merge_install': False, 'path': '/home/maxime/ros2_ws/src/maestro_node', 'symlink_install': False, 'test_result_base': None}
[0.274s] Level 5:colcon.colcon_core.verb:set package 'ros_maestro' build argument 'cmake_args' from command line to 'None'
[0.274s] Level 5:colcon.colcon_core.verb:set package 'ros_maestro' build argument 'cmake_target' from command line to 'None'
[0.274s] Level 5:colcon.colcon_core.verb:set package 'ros_maestro' build argument 'cmake_target_skip_unavailable' from command line to 'False'
[0.274s] Level 5:colcon.colcon_core.verb:set package 'ros_maestro' build argument 'cmake_clean_cache' from command line to 'False'
[0.274s] Level 5:colcon.colcon_core.verb:set package 'ros_maestro' build argument 'cmake_clean_first' from command line to 'False'
[0.274s] Level 5:colcon.colcon_core.verb:set package 'ros_maestro' build argument 'cmake_force_configure' from command line to 'False'
[0.274s] Level 5:colcon.colcon_core.verb:set package 'ros_maestro' build argument 'ament_cmake_args' from command line to 'None'
[0.274s] Level 5:colcon.colcon_core.verb:set package 'ros_maestro' build argument 'catkin_cmake_args' from command line to 'None'
[0.274s] Level 5:colcon.colcon_core.verb:set package 'ros_maestro' build argument 'catkin_skip_building_tests' from command line to 'False'
[0.275s] DEBUG:colcon.colcon_core.verb:Building package 'ros_maestro' with the following arguments: {'ament_cmake_args': None, 'build_base': '/home/maxime/ros2_ws/build/ros_maestro', 'catkin_cmake_args': None, 'catkin_skip_building_tests': False, 'cmake_args': None, 'cmake_clean_cache': False, 'cmake_clean_first': False, 'cmake_force_configure': False, 'cmake_target': None, 'cmake_target_skip_unavailable': False, 'install_base': '/home/maxime/ros2_ws/install/ros_maestro', 'merge_install': False, 'path': '/home/maxime/ros2_ws/src/ros_maestro', 'symlink_install': False, 'test_result_base': None}
[0.275s] INFO:colcon.colcon_core.executor:Executing jobs using 'parallel' executor
[0.276s] DEBUG:colcon.colcon_parallel_executor.executor.parallel:run_until_complete
[0.276s] INFO:colcon.colcon_ros.task.catkin.build:Building ROS package in '/home/maxime/ros2_ws/src/maestro_node' with build type 'catkin'
[0.276s] INFO:colcon.colcon_cmake.task.cmake.build:Building CMake package in '/home/maxime/ros2_ws/src/maestro_node'
[0.278s] INFO:colcon.colcon_core.plugin_system:Skipping extension 'colcon_core.shell.bat': Not used on non-Windows systems
[0.278s] INFO:colcon.colcon_core.shell:Skip shell extension 'powershell' for command environment: Not usable outside of PowerShell
[0.278s] DEBUG:colcon.colcon_core.shell:Skip shell extension 'dsv' for command environment
[0.281s] INFO:colcon.colcon_ros.task.catkin.build:Building ROS package in '/home/maxime/ros2_ws/src/ros_maestro' with build type 'catkin'
[0.281s] INFO:colcon.colcon_cmake.task.cmake.build:Building CMake package in '/home/maxime/ros2_ws/src/ros_maestro'
[0.282s] INFO:colcon.colcon_core.shell:Skip shell extension 'powershell' for command environment: Not usable outside of PowerShell
[0.282s] DEBUG:colcon.colcon_core.shell:Skip shell extension 'dsv' for command environment
[0.289s] DEBUG:colcon.colcon_core.event_handler.log_command:Invoking command in '/home/maxime/ros2_ws/build/maestro_node': /usr/bin/cmake --build /home/maxime/ros2_ws/build/maestro_node -- -j16 -l16
[0.294s] DEBUG:colcon.colcon_core.event_handler.log_command:Invoking command in '/home/maxime/ros2_ws/build/ros_maestro': /usr/bin/cmake /home/maxime/ros2_ws/src/ros_maestro -DCATKIN_INSTALL_INTO_PREFIX_ROOT=0 -DCMAKE_INSTALL_PREFIX=/home/maxime/ros2_ws/install/ros_maestro
[0.390s] DEBUG:colcon.colcon_core.event_handler.log_command:Invoked command in '/home/maxime/ros2_ws/build/maestro_node' returned '0': /usr/bin/cmake --build /home/maxime/ros2_ws/build/maestro_node -- -j16 -l16
[0.480s] DEBUG:colcon.colcon_core.event_handler.log_command:Invoking command in '/home/maxime/ros2_ws/build/maestro_node': /usr/bin/cmake --install /home/maxime/ros2_ws/build/maestro_node
[0.498s] DEBUG:colcon.colcon_core.event_handler.log_command:Invoked command in '/home/maxime/ros2_ws/build/maestro_node' returned '0': /usr/bin/cmake --install /home/maxime/ros2_ws/build/maestro_node
[0.540s] Level 1:colcon.colcon_core.shell:create_environment_hook('maestro_node', 'ros_package_path')
[0.540s] INFO:colcon.colcon_core.shell:Creating environment hook '/home/maxime/ros2_ws/install/maestro_node/share/maestro_node/hook/ros_package_path.ps1'
[0.541s] INFO:colcon.colcon_core.shell:Creating environment descriptor '/home/maxime/ros2_ws/install/maestro_node/share/maestro_node/hook/ros_package_path.dsv'
[0.541s] INFO:colcon.colcon_core.shell:Creating environment hook '/home/maxime/ros2_ws/install/maestro_node/share/maestro_node/hook/ros_package_path.sh'
[0.542s] Level 1:colcon.colcon_core.shell:create_environment_hook('maestro_node', 'pkg_config_path')
[0.542s] INFO:colcon.colcon_core.shell:Creating environment hook '/home/maxime/ros2_ws/install/maestro_node/share/maestro_node/hook/pkg_config_path.ps1'
[0.542s] INFO:colcon.colcon_core.shell:Creating environment descriptor '/home/maxime/ros2_ws/install/maestro_node/share/maestro_node/hook/pkg_config_path.dsv'
[0.542s] INFO:colcon.colcon_core.shell:Creating environment hook '/home/maxime/ros2_ws/install/maestro_node/share/maestro_node/hook/pkg_config_path.sh'
[0.544s] Level 1:colcon.colcon_core.shell:create_environment_hook('maestro_node', 'pkg_config_path_multiarch')
[0.545s] INFO:colcon.colcon_core.shell:Creating environment hook '/home/maxime/ros2_ws/install/maestro_node/share/maestro_node/hook/pkg_config_path_multiarch.ps1'
[0.545s] INFO:colcon.colcon_core.shell:Creating environment descriptor '/home/maxime/ros2_ws/install/maestro_node/share/maestro_node/hook/pkg_config_path_multiarch.dsv'
[0.545s] INFO:colcon.colcon_core.shell:Creating environment hook '/home/maxime/ros2_ws/install/maestro_node/share/maestro_node/hook/pkg_config_path_multiarch.sh'
[0.546s] Level 1:colcon.colcon_core.environment:create_environment_scripts_only(maestro_node)
[0.548s] Level 1:colcon.colcon_core.environment:checking '/home/maxime/ros2_ws/install/maestro_node' for CMake module files
[0.548s] Level 1:colcon.colcon_core.environment:checking '/home/maxime/ros2_ws/install/maestro_node' for CMake config files
[0.548s] Level 1:colcon.colcon_core.shell:create_environment_hook('maestro_node', 'cmake_prefix_path')
[0.548s] INFO:colcon.colcon_core.shell:Creating environment hook '/home/maxime/ros2_ws/install/maestro_node/share/maestro_node/hook/cmake_prefix_path.ps1'
[0.549s] INFO:colcon.colcon_core.shell:Creating environment descriptor '/home/maxime/ros2_ws/install/maestro_node/share/maestro_node/hook/cmake_prefix_path.dsv'
[0.549s] INFO:colcon.colcon_core.shell:Creating environment hook '/home/maxime/ros2_ws/install/maestro_node/share/maestro_node/hook/cmake_prefix_path.sh'
[0.549s] Level 1:colcon.colcon_core.environment:checking '/home/maxime/ros2_ws/install/maestro_node/lib'
[0.549s] Level 1:colcon.colcon_core.environment:checking '/home/maxime/ros2_ws/install/maestro_node/bin'
[0.549s] Level 1:colcon.colcon_core.environment:checking '/home/maxime/ros2_ws/install/maestro_node/lib/pkgconfig/maestro_node.pc'
[0.550s] Level 1:colcon.colcon_core.environment:checking '/home/maxime/ros2_ws/install/maestro_node/lib/python3.10/site-packages'
[0.550s] Level 1:colcon.colcon_core.environment:checking '/home/maxime/ros2_ws/install/maestro_node/bin'
[0.550s] INFO:colcon.colcon_core.shell:Creating package script '/home/maxime/ros2_ws/install/maestro_node/share/maestro_node/package.ps1'
[0.550s] INFO:colcon.colcon_core.shell:Creating package descriptor '/home/maxime/ros2_ws/install/maestro_node/share/maestro_node/package.dsv'
[0.551s] INFO:colcon.colcon_core.shell:Creating package script '/home/maxime/ros2_ws/install/maestro_node/share/maestro_node/package.sh'
[0.552s] INFO:colcon.colcon_core.shell:Creating package script '/home/maxime/ros2_ws/install/maestro_node/share/maestro_node/package.bash'
[0.552s] INFO:colcon.colcon_core.shell:Creating package script '/home/maxime/ros2_ws/install/maestro_node/share/maestro_node/package.zsh'
[0.552s] Level 1:colcon.colcon_core.environment:create_file_with_runtime_dependencies(/home/maxime/ros2_ws/install/maestro_node/share/colcon-core/packages/maestro_node)
[0.743s] DEBUG:colcon.colcon_core.event_handler.log_command:Invoked command in '/home/maxime/ros2_ws/build/ros_maestro' returned '1': /usr/bin/cmake /home/maxime/ros2_ws/src/ros_maestro -DCATKIN_INSTALL_INTO_PREFIX_ROOT=0 -DCMAKE_INSTALL_PREFIX=/home/maxime/ros2_ws/install/ros_maestro
[0.755s] Level 1:colcon.colcon_core.environment:create_environment_scripts_only(ros_maestro)
[0.756s] Level 1:colcon.colcon_core.environment:checking '/home/maxime/ros2_ws/install/ros_maestro' for CMake module files
[0.756s] Level 1:colcon.colcon_core.environment:checking '/home/maxime/ros2_ws/install/ros_maestro' for CMake config files
[0.756s] Level 1:colcon.colcon_core.environment:checking '/home/maxime/ros2_ws/install/ros_maestro/bin'
[0.756s] Level 1:colcon.colcon_core.environment:checking '/home/maxime/ros2_ws/install/ros_maestro/lib/pkgconfig/ros_maestro.pc'
[0.757s] Level 1:colcon.colcon_core.environment:checking '/home/maxime/ros2_ws/install/ros_maestro/lib/python3.10/site-packages'
[0.757s] Level 1:colcon.colcon_core.environment:checking '/home/maxime/ros2_ws/install/ros_maestro/bin'
[0.757s] INFO:colcon.colcon_core.shell:Creating package script '/home/maxime/ros2_ws/install/ros_maestro/share/ros_maestro/package.ps1'
[0.757s] INFO:colcon.colcon_core.shell:Creating package descriptor '/home/maxime/ros2_ws/install/ros_maestro/share/ros_maestro/package.dsv'
[0.757s] INFO:colcon.colcon_core.shell:Creating package script '/home/maxime/ros2_ws/install/ros_maestro/share/ros_maestro/package.sh'
[0.757s] INFO:colcon.colcon_core.shell:Creating package script '/home/maxime/ros2_ws/install/ros_maestro/share/ros_maestro/package.bash'
[0.758s] INFO:colcon.colcon_core.shell:Creating package script '/home/maxime/ros2_ws/install/ros_maestro/share/ros_maestro/package.zsh'
[0.758s] Level 1:colcon.colcon_core.environment:create_file_with_runtime_dependencies(/home/maxime/ros2_ws/install/ros_maestro/share/colcon-core/packages/ros_maestro)
[0.769s] DEBUG:colcon.colcon_parallel_executor.executor.parallel:closing loop
[0.770s] DEBUG:colcon.colcon_parallel_executor.executor.parallel:loop closed
[0.770s] DEBUG:colcon.colcon_parallel_executor.executor.parallel:run_until_complete finished with '1'
[0.770s] DEBUG:colcon.colcon_core.event_reactor:joining thread
[0.777s] INFO:colcon.colcon_core.plugin_system:Skipping extension 'colcon_notification.desktop_notification.terminal_notifier': Not used on non-Darwin systems
[0.777s] INFO:colcon.colcon_core.plugin_system:Skipping extension 'colcon_notification.desktop_notification.win32': Not used on non-Windows systems
[0.777s] INFO:colcon.colcon_notification.desktop_notification:Sending desktop notification using 'notify2'
[0.785s] DEBUG:colcon.colcon_core.event_reactor:joined thread
[0.786s] INFO:colcon.colcon_core.shell:Creating prefix script '/home/maxime/ros2_ws/install/local_setup.ps1'
[0.787s] INFO:colcon.colcon_core.shell:Creating prefix util module '/home/maxime/ros2_ws/install/_local_setup_util_ps1.py'
[0.788s] INFO:colcon.colcon_core.shell:Creating prefix chain script '/home/maxime/ros2_ws/install/setup.ps1'
[0.789s] INFO:colcon.colcon_core.shell:Creating prefix script '/home/maxime/ros2_ws/install/local_setup.sh'
[0.789s] INFO:colcon.colcon_core.shell:Creating prefix util module '/home/maxime/ros2_ws/install/_local_setup_util_sh.py'
[0.789s] INFO:colcon.colcon_core.shell:Creating prefix chain script '/home/maxime/ros2_ws/install/setup.sh'
[0.790s] INFO:colcon.colcon_core.shell:Creating prefix script '/home/maxime/ros2_ws/install/local_setup.bash'
[0.790s] INFO:colcon.colcon_core.shell:Creating prefix chain script '/home/maxime/ros2_ws/install/setup.bash'
[0.791s] INFO:colcon.colcon_core.shell:Creating prefix script '/home/maxime/ros2_ws/install/local_setup.zsh'
[0.791s] INFO:colcon.colcon_core.shell:Creating prefix chain script '/home/maxime/ros2_ws/install/setup.zsh'
