[0.012s] Invoking command in '/home/maxime/ros2_ws/build/maestro_node': /usr/bin/cmake --build /home/maxime/ros2_ws/build/maestro_node -- -j16 -l16
[0.070s] [35m[1mConsolidate compiler generated dependencies of target maestro_node[0m
[0.108s] [ 20%] [32mBuilding CXX object CMakeFiles/maestro_node.dir/src/ROSMaestroController.cpp.o[0m
[0.108s] [ 40%] [32mBuilding CXX object CMakeFiles/maestro_node.dir/src/maestro_node.cpp.o[0m
[3.104s] In file included from [01m[K/opt/ros/humble/include/rclcpp/rclcpp/logging.hpp:24[m[K,
[3.104s]                  from [01m[K/opt/ros/humble/include/rclcpp/rclcpp/client.hpp:40[m[K,
[3.104s]                  from [01m[K/opt/ros/humble/include/rclcpp/rclcpp/callback_group.hpp:24[m[K,
[3.104s]                  from [01m[K/opt/ros/humble/include/rclcpp/rclcpp/any_executable.hpp:20[m[K,
[3.104s]                  from [01m[K/opt/ros/humble/include/rclcpp/rclcpp/memory_strategy.hpp:25[m[K,
[3.104s]                  from [01m[K/opt/ros/humble/include/rclcpp/rclcpp/memory_strategies.hpp:18[m[K,
[3.104s]                  from [01m[K/opt/ros/humble/include/rclcpp/rclcpp/executor_options.hpp:20[m[K,
[3.104s]                  from [01m[K/opt/ros/humble/include/rclcpp/rclcpp/executor.hpp:37[m[K,
[3.104s]                  from [01m[K/opt/ros/humble/include/rclcpp/rclcpp/executors/multi_threaded_executor.hpp:25[m[K,
[3.105s]                  from [01m[K/opt/ros/humble/include/rclcpp/rclcpp/executors.hpp:21[m[K,
[3.105s]                  from [01m[K/opt/ros/humble/include/rclcpp/rclcpp/rclcpp.hpp:155[m[K,
[3.105s]                  from [01m[K/home/maxime/ros2_ws/src/maestro_node/include/ROSMaestroController.h:4[m[K,
[3.105s]                  from [01m[K/home/maxime/ros2_ws/src/maestro_node/src/ROSMaestroController.cpp:1[m[K:
[3.105s] [01m[K/home/maxime/ros2_ws/src/maestro_node/src/ROSMaestroController.cpp:[m[K In member function ‘[01m[Kvoid ROSMaestroController::connectCallback(const SharedPtr&)[m[K’:
[3.105s] [01m[K/home/maxime/ros2_ws/src/maestro_node/src/ROSMaestroController.cpp:57:38:[m[K [01;35m[Kwarning: [m[Kformat ‘[01m[K%s[m[K’ expects argument of type ‘[01m[Kchar*[m[K’, but argument 5 has type ‘[01m[Ksize_t[m[K’ {aka ‘[01m[Klong unsigned int[m[K’} [[01;35m[K]8;;https://gcc.gnu.org/onlinedocs/gcc/Warning-Options.html#index-Wformat=-Wformat=]8;;[m[K]
[3.105s]    57 |     RCLCPP_INFO(node_->get_logger(), [01;35m[K"Connect: %s - %s"[m[K, [32m[Kpub->get_subscription_count()[m[K, pub->get_topic_name());
[3.105s]       |                                      [01;35m[K^~~~~~~~~~~~~~~~~~[m[K  [32m[K~~~~~~~~~~~~~~~~~~~~~~~~~~~~~[m[K
[3.105s]       |                                                                                     [32m[K|[m[K
[3.105s]       |                                                                                     [32m[Ksize_t {aka long unsigned int}[m[K
[3.105s] [01m[K/home/maxime/ros2_ws/src/maestro_node/src/ROSMaestroController.cpp:57:49:[m[K [01;36m[Knote: [m[Kformat string is defined here
[3.105s]    57 |     RCLCPP_INFO(node_->get_logger(), "Connect: [01;36m[K%s[m[K - %s", pub->get_subscription_count(), pub->get_topic_name());
[3.105s]       |                                                [01;36m[K~^[m[K
[3.105s]       |                                                 [01;36m[K|[m[K
[3.105s]       |                                                 [01;36m[Kchar*[m[K
[3.105s]       |                                                [32m[K%ld[m[K
[3.107s] [01m[K/home/maxime/ros2_ws/src/maestro_node/src/ROSMaestroController.cpp:[m[K In member function ‘[01m[Kvoid ROSMaestroController::loadConfiguration()[m[K’:
[3.107s] [01m[K/home/maxime/ros2_ws/src/maestro_node/src/ROSMaestroController.cpp:103:29:[m[K [01;31m[Kerror: [m[Kno matching function for call to ‘[01m[Krclcpp::Node::set_parameter(std::__cxx11::basic_string<char>, double&)[m[K’
[3.107s]   103 |         [01;31m[Knode_->set_parameter(name_node_ + "/timer/rate", rate)[m[K;
[3.107s]       |         [01;31m[K~~~~~~~~~~~~~~~~~~~~^~~~~~~~~~~~~~~~~~~~~~~~~~~~~~~~~~[m[K
[3.107s] In file included from [01m[K/opt/ros/humble/include/rclcpp/rclcpp/executors/single_threaded_executor.hpp:28[m[K,
[3.107s]                  from [01m[K/opt/ros/humble/include/rclcpp/rclcpp/executors.hpp:22[m[K,
[3.107s]                  from [01m[K/opt/ros/humble/include/rclcpp/rclcpp/rclcpp.hpp:155[m[K,
[3.107s]                  from [01m[K/home/maxime/ros2_ws/src/maestro_node/include/ROSMaestroController.h:4[m[K,
[3.108s]                  from [01m[K/home/maxime/ros2_ws/src/maestro_node/src/ROSMaestroController.cpp:1[m[K:
[3.108s] [01m[K/opt/ros/humble/include/rclcpp/rclcpp/node.hpp:555:3:[m[K [01;36m[Knote: [m[Kcandidate: ‘[01m[Krcl_interfaces::msg::SetParametersResult rclcpp::Node::set_parameter(const rclcpp::Parameter&)[m[K’
[3.108s]   555 |   [01;36m[Kset_parameter[m[K(const rclcpp::Parameter & parameter);
[3.108s]       |   [01;36m[K^~~~~~~~~~~~~[m[K
[3.108s] [01m[K/opt/ros/humble/include/rclcpp/rclcpp/node.hpp:555:3:[m[K [01;36m[Knote: [m[K  candidate expects 1 argument, 2 provided
[3.108s] [01m[K/home/maxime/ros2_ws/src/maestro_node/src/ROSMaestroController.cpp:114:29:[m[K [01;31m[Kerror: [m[Kno matching function for call to ‘[01m[Krclcpp::Node::set_parameter(std::__cxx11::basic_string<char>, std::string&)[m[K’
[3.108s]   114 |         [01;31m[Knode_->set_parameter(name_node_ + "/" + tf_string + "/" + joint_string, tf_joint_string_)[m[K;
[3.108s]       |         [01;31m[K~~~~~~~~~~~~~~~~~~~~^~~~~~~~~~~~~~~~~~~~~~~~~~~~~~~~~~~~~~~~~~~~~~~~~~~~~~~~~~~~~~~~~~~~~[m[K
[3.108s] In file included from [01m[K/opt/ros/humble/include/rclcpp/rclcpp/executors/single_threaded_executor.hpp:28[m[K,
[3.108s]                  from [01m[K/opt/ros/humble/include/rclcpp/rclcpp/executors.hpp:22[m[K,
[3.108s]                  from [01m[K/opt/ros/humble/include/rclcpp/rclcpp/rclcpp.hpp:155[m[K,
[3.108s]                  from [01m[K/home/maxime/ros2_ws/src/maestro_node/include/ROSMaestroController.h:4[m[K,
[3.108s]                  from [01m[K/home/maxime/ros2_ws/src/maestro_node/src/ROSMaestroController.cpp:1[m[K:
[3.108s] [01m[K/opt/ros/humble/include/rclcpp/rclcpp/node.hpp:555:3:[m[K [01;36m[Knote: [m[Kcandidate: ‘[01m[Krcl_interfaces::msg::SetParametersResult rclcpp::Node::set_parameter(const rclcpp::Parameter&)[m[K’
[3.108s]   555 |   [01;36m[Kset_parameter[m[K(const rclcpp::Parameter & parameter);
[3.108s]       |   [01;36m[K^~~~~~~~~~~~~[m[K
[3.108s] [01m[K/opt/ros/humble/include/rclcpp/rclcpp/node.hpp:555:3:[m[K [01;36m[Knote: [m[K  candidate expects 1 argument, 2 provided
[3.108s] [01m[K/home/maxime/ros2_ws/src/maestro_node/src/ROSMaestroController.cpp:[m[K In member function ‘[01m[Kvoid ROSMaestroController::addServo(std::string, int)[m[K’:
[3.108s] [01m[K/home/maxime/ros2_ws/src/maestro_node/src/ROSMaestroController.cpp:126:25:[m[K [01;31m[Kerror: [m[Kno matching function for call to ‘[01m[Krclcpp::Node::set_parameter(std::__cxx11::basic_string<char>, int)[m[K’
[3.108s]   126 |     [01;31m[Knode_->set_parameter(name_node_ + "/servo/length", length + 1)[m[K;
[3.108s]       |     [01;31m[K~~~~~~~~~~~~~~~~~~~~^~~~~~~~~~~~~~~~~~~~~~~~~~~~~~~~~~~~~~~~~~[m[K
[3.108s] In file included from [01m[K/opt/ros/humble/include/rclcpp/rclcpp/executors/single_threaded_executor.hpp:28[m[K,
[3.108s]                  from [01m[K/opt/ros/humble/include/rclcpp/rclcpp/executors.hpp:22[m[K,
[3.108s]                  from [01m[K/opt/ros/humble/include/rclcpp/rclcpp/rclcpp.hpp:155[m[K,
[3.108s]                  from [01m[K/home/maxime/ros2_ws/src/maestro_node/include/ROSMaestroController.h:4[m[K,
[3.108s]                  from [01m[K/home/maxime/ros2_ws/src/maestro_node/src/ROSMaestroController.cpp:1[m[K:
[3.108s] [01m[K/opt/ros/humble/include/rclcpp/rclcpp/node.hpp:555:3:[m[K [01;36m[Knote: [m[Kcandidate: ‘[01m[Krcl_interfaces::msg::SetParametersResult rclcpp::Node::set_parameter(const rclcpp::Parameter&)[m[K’
[3.109s]   555 |   [01;36m[Kset_parameter[m[K(const rclcpp::Parameter & parameter);
[3.109s]       |   [01;36m[K^~~~~~~~~~~~~[m[K
[3.109s] [01m[K/opt/ros/humble/include/rclcpp/rclcpp/node.hpp:555:3:[m[K [01;36m[Knote: [m[K  candidate expects 1 argument, 2 provided
[3.109s] [01m[K/home/maxime/ros2_ws/src/maestro_node/src/ROSMaestroController.cpp:133:25:[m[K [01;31m[Kerror: [m[Kno matching function for call to ‘[01m[Krclcpp::Node::set_parameter(std::__cxx11::basic_string<char>, std::string&)[m[K’
[3.109s]   133 |     [01;31m[Knode_->set_parameter(name_node_ + "/servo/name/" + convert.str(), temp_servo.name)[m[K;
[3.109s]       |     [01;31m[K~~~~~~~~~~~~~~~~~~~~^~~~~~~~~~~~~~~~~~~~~~~~~~~~~~~~~~~~~~~~~~~~~~~~~~~~~~~~~~~~~~[m[K
[3.109s] In file included from [01m[K/opt/ros/humble/include/rclcpp/rclcpp/executors/single_threaded_executor.hpp:28[m[K,
[3.109s]                  from [01m[K/opt/ros/humble/include/rclcpp/rclcpp/executors.hpp:22[m[K,
[3.109s]                  from [01m[K/opt/ros/humble/include/rclcpp/rclcpp/rclcpp.hpp:155[m[K,
[3.109s]                  from [01m[K/home/maxime/ros2_ws/src/maestro_node/include/ROSMaestroController.h:4[m[K,
[3.109s]                  from [01m[K/home/maxime/ros2_ws/src/maestro_node/src/ROSMaestroController.cpp:1[m[K:
[3.109s] [01m[K/opt/ros/humble/include/rclcpp/rclcpp/node.hpp:555:3:[m[K [01;36m[Knote: [m[Kcandidate: ‘[01m[Krcl_interfaces::msg::SetParametersResult rclcpp::Node::set_parameter(const rclcpp::Parameter&)[m[K’
[3.109s]   555 |   [01;36m[Kset_parameter[m[K(const rclcpp::Parameter & parameter);
[3.109s]       |   [01;36m[K^~~~~~~~~~~~~[m[K
[3.109s] [01m[K/opt/ros/humble/include/rclcpp/rclcpp/node.hpp:555:3:[m[K [01;36m[Knote: [m[K  candidate expects 1 argument, 2 provided
[3.109s] [01m[K/home/maxime/ros2_ws/src/maestro_node/src/ROSMaestroController.cpp:134:25:[m[K [01;31m[Kerror: [m[Kno matching function for call to ‘[01m[Krclcpp::Node::set_parameter(std::__cxx11::basic_string<char>, int&)[m[K’
[3.109s]   134 |     [01;31m[Knode_->set_parameter(name_node_ + "/servo/channel/" + convert.str(), temp_servo.channel)[m[K;
[3.109s]       |     [01;31m[K~~~~~~~~~~~~~~~~~~~~^~~~~~~~~~~~~~~~~~~~~~~~~~~~~~~~~~~~~~~~~~~~~~~~~~~~~~~~~~~~~~~~~~~~[m[K
[3.109s] In file included from [01m[K/opt/ros/humble/include/rclcpp/rclcpp/executors/single_threaded_executor.hpp:28[m[K,
[3.109s]                  from [01m[K/opt/ros/humble/include/rclcpp/rclcpp/executors.hpp:22[m[K,
[3.109s]                  from [01m[K/opt/ros/humble/include/rclcpp/rclcpp/rclcpp.hpp:155[m[K,
[3.109s]                  from [01m[K/home/maxime/ros2_ws/src/maestro_node/include/ROSMaestroController.h:4[m[K,
[3.109s]                  from [01m[K/home/maxime/ros2_ws/src/maestro_node/src/ROSMaestroController.cpp:1[m[K:
[3.109s] [01m[K/opt/ros/humble/include/rclcpp/rclcpp/node.hpp:555:3:[m[K [01;36m[Knote: [m[Kcandidate: ‘[01m[Krcl_interfaces::msg::SetParametersResult rclcpp::Node::set_parameter(const rclcpp::Parameter&)[m[K’
[3.109s]   555 |   [01;36m[Kset_parameter[m[K(const rclcpp::Parameter & parameter);
[3.109s]       |   [01;36m[K^~~~~~~~~~~~~[m[K
[3.109s] [01m[K/opt/ros/humble/include/rclcpp/rclcpp/node.hpp:555:3:[m[K [01;36m[Knote: [m[K  candidate expects 1 argument, 2 provided
[3.346s] In file included from [01m[K/usr/include/x86_64-linux-gnu/c++/11/bits/c++allocator.h:33[m[K,
[3.346s]                  from [01m[K/usr/include/c++/11/bits/allocator.h:46[m[K,
[3.346s]                  from [01m[K/usr/include/c++/11/string:41[m[K,
[3.346s]                  from [01m[K/usr/include/c++/11/bits/locale_classes.h:40[m[K,
[3.346s]                  from [01m[K/usr/include/c++/11/bits/ios_base.h:41[m[K,
[3.346s]                  from [01m[K/usr/include/c++/11/ios:42[m[K,
[3.347s]                  from [01m[K/usr/include/c++/11/ostream:38[m[K,
[3.347s]                  from [01m[K/usr/include/c++/11/iostream:39[m[K,
[3.347s]                  from [01m[K/home/maxime/ros2_ws/src/maestro_node/src/maestro_node.cpp:2[m[K:
[3.347s] /usr/include/c++/11/ext/new_allocator.h: In instantiation of ‘[01m[Kvoid __gnu_cxx::new_allocator<_Tp>::construct(_Up*, _Args&& ...) [with _Up = ROSMaestroController; _Args = {std::__cxx11::basic_string<char, std::char_traits<char>, std::allocator<char> >&, MaestroNode*, TimeoutSerial*}; _Tp = ROSMaestroController][m[K’:
[3.348s] [01m[K/usr/include/c++/11/bits/alloc_traits.h:516:17:[m[K   required from ‘[01m[Kstatic void std::allocator_traits<std::allocator<_CharT> >::construct(std::allocator_traits<std::allocator<_CharT> >::allocator_type&, _Up*, _Args&& ...) [with _Up = ROSMaestroController; _Args = {std::__cxx11::basic_string<char, std::char_traits<char>, std::allocator<char> >&, MaestroNode*, TimeoutSerial*}; _Tp = ROSMaestroController; std::allocator_traits<std::allocator<_CharT> >::allocator_type = std::allocator<ROSMaestroController>][m[K’
[3.348s] [01m[K/usr/include/c++/11/bits/shared_ptr_base.h:519:39:[m[K   required from ‘[01m[Kstd::_Sp_counted_ptr_inplace<_Tp, _Alloc, _Lp>::_Sp_counted_ptr_inplace(_Alloc, _Args&& ...) [with _Args = {std::__cxx11::basic_string<char, std::char_traits<char>, std::allocator<char> >&, MaestroNode*, TimeoutSerial*}; _Tp = ROSMaestroController; _Alloc = std::allocator<ROSMaestroController>; __gnu_cxx::_Lock_policy _Lp = __gnu_cxx::_S_atomic][m[K’
[3.348s] [01m[K/usr/include/c++/11/bits/shared_ptr_base.h:650:16:[m[K   required from ‘[01m[Kstd::__shared_count<_Lp>::__shared_count(_Tp*&, std::_Sp_alloc_shared_tag<_Alloc>, _Args&& ...) [with _Tp = ROSMaestroController; _Alloc = std::allocator<ROSMaestroController>; _Args = {std::__cxx11::basic_string<char, std::char_traits<char>, std::allocator<char> >&, MaestroNode*, TimeoutSerial*}; __gnu_cxx::_Lock_policy _Lp = __gnu_cxx::_S_atomic][m[K’
[3.348s] [01m[K/usr/include/c++/11/bits/shared_ptr_base.h:1342:14:[m[K   required from ‘[01m[Kstd::__shared_ptr<_Tp, _Lp>::__shared_ptr(std::_Sp_alloc_shared_tag<_Tp>, _Args&& ...) [with _Alloc = std::allocator<ROSMaestroController>; _Args = {std::__cxx11::basic_string<char, std::char_traits<char>, std::allocator<char> >&, MaestroNode*, TimeoutSerial*}; _Tp = ROSMaestroController; __gnu_cxx::_Lock_policy _Lp = __gnu_cxx::_S_atomic][m[K’
[3.348s] [01m[K/usr/include/c++/11/bits/shared_ptr.h:409:59:[m[K   required from ‘[01m[Kstd::shared_ptr<_Tp>::shared_ptr(std::_Sp_alloc_shared_tag<_Tp>, _Args&& ...) [with _Alloc = std::allocator<ROSMaestroController>; _Args = {std::__cxx11::basic_string<char, std::char_traits<char>, std::allocator<char> >&, MaestroNode*, TimeoutSerial*}; _Tp = ROSMaestroController][m[K’
[3.348s] [01m[K/usr/include/c++/11/bits/shared_ptr.h:862:14:[m[K   required from ‘[01m[Kstd::shared_ptr<_Tp> std::allocate_shared(const _Alloc&, _Args&& ...) [with _Tp = ROSMaestroController; _Alloc = std::allocator<ROSMaestroController>; _Args = {std::__cxx11::basic_string<char, std::char_traits<char>, std::allocator<char> >&, MaestroNode*, TimeoutSerial*}][m[K’
[3.348s] [01m[K/usr/include/c++/11/bits/shared_ptr.h:878:39:[m[K   required from ‘[01m[Kstd::shared_ptr<_Tp> std::make_shared(_Args&& ...) [with _Tp = ROSMaestroController; _Args = {std::__cxx11::basic_string<char, std::char_traits<char>, std::allocator<char> >&, MaestroNode*, TimeoutSerial*}][m[K’
[3.348s] [01m[K/home/maxime/ros2_ws/src/maestro_node/src/maestro_node.cpp:20:61:[m[K   required from here
[3.348s] [01m[K/usr/include/c++/11/ext/new_allocator.h:162:11:[m[K [01;31m[Kerror: [m[Kno matching function for call to ‘[01m[KROSMaestroController::ROSMaestroController(std::__cxx11::basic_string<char>&, MaestroNode*, TimeoutSerial*)[m[K’
[3.349s]   162 |         { [01;31m[K::new((void *)__p) _Up(std::forward<_Args>(__args)...)[m[K; }
[3.349s]       |           [01;31m[K^~~~~~~~~~~~~~~~~~~~~~~~~~~~~~~~~~~~~~~~~~~~~~~~~~~~~~[m[K
[3.349s] In file included from [01m[K/home/maxime/ros2_ws/src/maestro_node/src/maestro_node.cpp:5[m[K:
[3.349s] [01m[K/home/maxime/ros2_ws/src/maestro_node/include/ROSMaestroController.h:19:5:[m[K [01;36m[Knote: [m[Kcandidate: ‘[01m[KROSMaestroController::ROSMaestroController(std::string, std::shared_ptr<rclcpp::Node>, TimeoutSerial*)[m[K’
[3.349s]    19 |     [01;36m[KROSMaestroController[m[K(std::string name_node, std::shared_ptr<rclcpp::Node> node, TimeoutSerial* serial);
[3.349s]       |     [01;36m[K^~~~~~~~~~~~~~~~~~~~[m[K
[3.349s] [01m[K/home/maxime/ros2_ws/src/maestro_node/include/ROSMaestroController.h:19:79:[m[K [01;36m[Knote: [m[K  no known conversion for argument 2 from ‘[01m[KMaestroNode*[m[K’ to ‘[01m[Kstd::shared_ptr<rclcpp::Node>[m[K’
[3.349s]    19 |     ROSMaestroController(std::string name_node, [01;36m[Kstd::shared_ptr<rclcpp::Node> node[m[K, TimeoutSerial* serial);
[3.349s]       |                                                 [01;36m[K~~~~~~~~~~~~~~~~~~~~~~~~~~~~~~^~~~[m[K
[3.448s] gmake[2]: *** [CMakeFiles/maestro_node.dir/build.make:118: CMakeFiles/maestro_node.dir/src/maestro_node.cpp.o] Error 1
[3.448s] gmake[2]: *** Waiting for unfinished jobs....
[4.454s] gmake[2]: *** [CMakeFiles/maestro_node.dir/build.make:104: CMakeFiles/maestro_node.dir/src/ROSMaestroController.cpp.o] Error 1
[4.454s] gmake[1]: *** [CMakeFiles/Makefile2:137: CMakeFiles/maestro_node.dir/all] Error 2
[4.455s] gmake: *** [Makefile:146: all] Error 2
[4.457s] Invoked command in '/home/maxime/ros2_ws/build/maestro_node' returned '2': /usr/bin/cmake --build /home/maxime/ros2_ws/build/maestro_node -- -j16 -l16
