[0.014s] Invoking command in '/home/maxime/ros2_ws/build/ros_maestro': /usr/bin/cmake --build /home/maxime/ros2_ws/build/ros_maestro -- -j16 -l16
[0.057s] [35m[1mConsolidate compiler generated dependencies of target ros_maestro__rosidl_generator_c[0m
[0.068s] [  3%] Built target ros_maestro__cpp
[0.069s] [ 12%] Built target ros_maestro__rosidl_generator_c
[0.078s] [ 12%] Built target ament_cmake_python_copy_ros_maestro
[0.079s] [35m[1mConsolidate compiler generated dependencies of target ros_maestro__rosidl_typesupport_cpp[0m
[0.079s] [35m[1mConsolidate compiler generated dependencies of target ros_maestro__rosidl_typesupport_introspection_cpp[0m
[0.080s] [35m[1mConsolidate compiler generated dependencies of target ros_maestro__rosidl_typesupport_fastrtps_cpp[0m
[0.089s] [35m[1mConsolidate compiler generated dependencies of target ros_maestro__rosidl_typesupport_fastrtps_c[0m
[0.089s] [35m[1mConsolidate compiler generated dependencies of target ros_maestro__rosidl_typesupport_c[0m
[0.089s] [35m[1mConsolidate compiler generated dependencies of target ros_maestro__rosidl_typesupport_introspection_c[0m
[0.091s] [ 32%] Built target ros_maestro__rosidl_typesupport_cpp
[0.091s] [ 32%] Built target ros_maestro__rosidl_typesupport_introspection_cpp
[0.093s] [ 41%] Built target ros_maestro__rosidl_typesupport_fastrtps_cpp
[0.102s] [ 70%] Built target ros_maestro__rosidl_typesupport_fastrtps_c
[0.102s] [ 70%] Built target ros_maestro__rosidl_typesupport_introspection_c
[0.102s] [ 70%] Built target ros_maestro__rosidl_typesupport_c
[0.129s] [ 70%] Built target ros_maestro
[0.156s] [ 74%] Built target ros_maestro__py
[0.168s] [35m[1mConsolidate compiler generated dependencies of target ros_maestro__rosidl_generator_py[0m
[0.184s] [ 80%] Built target ros_maestro__rosidl_generator_py
[0.197s] [35m[1mConsolidate compiler generated dependencies of target ros_maestro__rosidl_typesupport_introspection_c__pyext[0m
[0.197s] [35m[1mConsolidate compiler generated dependencies of target ros_maestro__rosidl_typesupport_c__pyext[0m
[0.197s] [35m[1mConsolidate compiler generated dependencies of target ros_maestro__rosidl_typesupport_fastrtps_c__pyext[0m
[0.212s] [ 93%] Built target ros_maestro__rosidl_typesupport_fastrtps_c__pyext
[0.212s] [ 93%] Built target ros_maestro__rosidl_typesupport_introspection_c__pyext
[0.212s] [100%] Built target ros_maestro__rosidl_typesupport_c__pyext
[0.273s] running egg_info
[0.274s] writing ros_maestro.egg-info/PKG-INFO
[0.275s] writing dependency_links to ros_maestro.egg-info/dependency_links.txt
[0.275s] writing top-level names to ros_maestro.egg-info/top_level.txt
[0.277s] reading manifest file 'ros_maestro.egg-info/SOURCES.txt'
[0.278s] writing manifest file 'ros_maestro.egg-info/SOURCES.txt'
[0.315s] [100%] Built target ament_cmake_python_build_ros_maestro_egg
[0.328s] Invoked command in '/home/maxime/ros2_ws/build/ros_maestro' returned '0': /usr/bin/cmake --build /home/maxime/ros2_ws/build/ros_maestro -- -j16 -l16
[0.491s] Invoking command in '/home/maxime/ros2_ws/build/ros_maestro': /usr/bin/cmake --install /home/maxime/ros2_ws/build/ros_maestro
[0.498s] -- Install configuration: ""
[0.498s] -- Up-to-date: /home/maxime/ros2_ws/install/ros_maestro/share/ament_index/resource_index/rosidl_interfaces/ros_maestro
[0.498s] -- Up-to-date: /home/maxime/ros2_ws/install/ros_maestro/include/ros_maestro/ros_maestro
[0.499s] -- Up-to-date: /home/maxime/ros2_ws/install/ros_maestro/include/ros_maestro/ros_maestro/msg
[0.499s] -- Up-to-date: /home/maxime/ros2_ws/install/ros_maestro/include/ros_maestro/ros_maestro/msg/rosidl_generator_c__visibility_control.h
[0.499s] -- Up-to-date: /home/maxime/ros2_ws/install/ros_maestro/include/ros_maestro/ros_maestro/msg/detail
[0.499s] -- Up-to-date: /home/maxime/ros2_ws/install/ros_maestro/include/ros_maestro/ros_maestro/msg/detail/pwm_cmd__functions.h
[0.499s] -- Up-to-date: /home/maxime/ros2_ws/install/ros_maestro/include/ros_maestro/ros_maestro/msg/detail/pwm_cmd__type_support.h
[0.499s] -- Up-to-date: /home/maxime/ros2_ws/install/ros_maestro/include/ros_maestro/ros_maestro/msg/detail/pwm_cmd__struct.h
[0.499s] -- Up-to-date: /home/maxime/ros2_ws/install/ros_maestro/include/ros_maestro/ros_maestro/msg/detail/pwm_cmd__functions.c
[0.499s] -- Up-to-date: /home/maxime/ros2_ws/install/ros_maestro/include/ros_maestro/ros_maestro/msg/pwm_cmd.h
[0.499s] -- Up-to-date: /home/maxime/ros2_ws/install/ros_maestro/share/ros_maestro/environment/library_path.sh
[0.499s] -- Up-to-date: /home/maxime/ros2_ws/install/ros_maestro/share/ros_maestro/environment/library_path.dsv
[0.499s] -- Up-to-date: /home/maxime/ros2_ws/install/ros_maestro/lib/libros_maestro__rosidl_generator_c.so
[0.499s] -- Up-to-date: /home/maxime/ros2_ws/install/ros_maestro/include/ros_maestro/ros_maestro
[0.499s] -- Up-to-date: /home/maxime/ros2_ws/install/ros_maestro/include/ros_maestro/ros_maestro/msg
[0.499s] -- Up-to-date: /home/maxime/ros2_ws/install/ros_maestro/include/ros_maestro/ros_maestro/msg/rosidl_typesupport_fastrtps_c__visibility_control.h
[0.499s] -- Up-to-date: /home/maxime/ros2_ws/install/ros_maestro/include/ros_maestro/ros_maestro/msg/detail
[0.499s] -- Up-to-date: /home/maxime/ros2_ws/install/ros_maestro/include/ros_maestro/ros_maestro/msg/detail/pwm_cmd__rosidl_typesupport_fastrtps_c.h
[0.499s] -- Up-to-date: /home/maxime/ros2_ws/install/ros_maestro/lib/libros_maestro__rosidl_typesupport_fastrtps_c.so
[0.499s] -- Up-to-date: /home/maxime/ros2_ws/install/ros_maestro/include/ros_maestro/ros_maestro
[0.499s] -- Up-to-date: /home/maxime/ros2_ws/install/ros_maestro/include/ros_maestro/ros_maestro/msg
[0.499s] -- Up-to-date: /home/maxime/ros2_ws/install/ros_maestro/include/ros_maestro/ros_maestro/msg/detail
[0.499s] -- Up-to-date: /home/maxime/ros2_ws/install/ros_maestro/include/ros_maestro/ros_maestro/msg/detail/pwm_cmd__builder.hpp
[0.499s] -- Up-to-date: /home/maxime/ros2_ws/install/ros_maestro/include/ros_maestro/ros_maestro/msg/detail/pwm_cmd__struct.hpp
[0.499s] -- Up-to-date: /home/maxime/ros2_ws/install/ros_maestro/include/ros_maestro/ros_maestro/msg/detail/pwm_cmd__traits.hpp
[0.499s] -- Up-to-date: /home/maxime/ros2_ws/install/ros_maestro/include/ros_maestro/ros_maestro/msg/pwm_cmd.hpp
[0.499s] -- Up-to-date: /home/maxime/ros2_ws/install/ros_maestro/include/ros_maestro/ros_maestro
[0.499s] -- Up-to-date: /home/maxime/ros2_ws/install/ros_maestro/include/ros_maestro/ros_maestro/msg
[0.499s] -- Up-to-date: /home/maxime/ros2_ws/install/ros_maestro/include/ros_maestro/ros_maestro/msg/rosidl_typesupport_fastrtps_cpp__visibility_control.h
[0.499s] -- Up-to-date: /home/maxime/ros2_ws/install/ros_maestro/include/ros_maestro/ros_maestro/msg/detail
[0.499s] -- Up-to-date: /home/maxime/ros2_ws/install/ros_maestro/include/ros_maestro/ros_maestro/msg/detail/dds_fastrtps
[0.499s] -- Up-to-date: /home/maxime/ros2_ws/install/ros_maestro/include/ros_maestro/ros_maestro/msg/detail/pwm_cmd__rosidl_typesupport_fastrtps_cpp.hpp
[0.499s] -- Up-to-date: /home/maxime/ros2_ws/install/ros_maestro/lib/libros_maestro__rosidl_typesupport_fastrtps_cpp.so
[0.499s] -- Up-to-date: /home/maxime/ros2_ws/install/ros_maestro/include/ros_maestro/ros_maestro
[0.499s] -- Up-to-date: /home/maxime/ros2_ws/install/ros_maestro/include/ros_maestro/ros_maestro/msg
[0.499s] -- Up-to-date: /home/maxime/ros2_ws/install/ros_maestro/include/ros_maestro/ros_maestro/msg/rosidl_typesupport_introspection_c__visibility_control.h
[0.499s] -- Up-to-date: /home/maxime/ros2_ws/install/ros_maestro/include/ros_maestro/ros_maestro/msg/detail
[0.499s] -- Up-to-date: /home/maxime/ros2_ws/install/ros_maestro/include/ros_maestro/ros_maestro/msg/detail/pwm_cmd__type_support.c
[0.499s] -- Up-to-date: /home/maxime/ros2_ws/install/ros_maestro/include/ros_maestro/ros_maestro/msg/detail/pwm_cmd__rosidl_typesupport_introspection_c.h
[0.499s] -- Up-to-date: /home/maxime/ros2_ws/install/ros_maestro/lib/libros_maestro__rosidl_typesupport_introspection_c.so
[0.500s] -- Up-to-date: /home/maxime/ros2_ws/install/ros_maestro/lib/libros_maestro__rosidl_typesupport_c.so
[0.500s] -- Up-to-date: /home/maxime/ros2_ws/install/ros_maestro/include/ros_maestro/ros_maestro
[0.500s] -- Up-to-date: /home/maxime/ros2_ws/install/ros_maestro/include/ros_maestro/ros_maestro/msg
[0.500s] -- Up-to-date: /home/maxime/ros2_ws/install/ros_maestro/include/ros_maestro/ros_maestro/msg/detail
[0.500s] -- Up-to-date: /home/maxime/ros2_ws/install/ros_maestro/include/ros_maestro/ros_maestro/msg/detail/pwm_cmd__type_support.cpp
[0.500s] -- Up-to-date: /home/maxime/ros2_ws/install/ros_maestro/include/ros_maestro/ros_maestro/msg/detail/pwm_cmd__rosidl_typesupport_introspection_cpp.hpp
[0.500s] -- Up-to-date: /home/maxime/ros2_ws/install/ros_maestro/lib/libros_maestro__rosidl_typesupport_introspection_cpp.so
[0.500s] -- Up-to-date: /home/maxime/ros2_ws/install/ros_maestro/lib/libros_maestro__rosidl_typesupport_cpp.so
[0.500s] -- Up-to-date: /home/maxime/ros2_ws/install/ros_maestro/share/ros_maestro/environment/pythonpath.sh
[0.500s] -- Up-to-date: /home/maxime/ros2_ws/install/ros_maestro/share/ros_maestro/environment/pythonpath.dsv
[0.500s] -- Up-to-date: /home/maxime/ros2_ws/install/ros_maestro/local/lib/python3.10/dist-packages/ros_maestro-0.0.0-py3.10.egg-info
[0.500s] -- Installing: /home/maxime/ros2_ws/install/ros_maestro/local/lib/python3.10/dist-packages/ros_maestro-0.0.0-py3.10.egg-info/dependency_links.txt
[0.500s] -- Installing: /home/maxime/ros2_ws/install/ros_maestro/local/lib/python3.10/dist-packages/ros_maestro-0.0.0-py3.10.egg-info/PKG-INFO
[0.500s] -- Installing: /home/maxime/ros2_ws/install/ros_maestro/local/lib/python3.10/dist-packages/ros_maestro-0.0.0-py3.10.egg-info/top_level.txt
[0.500s] -- Installing: /home/maxime/ros2_ws/install/ros_maestro/local/lib/python3.10/dist-packages/ros_maestro-0.0.0-py3.10.egg-info/SOURCES.txt
[0.500s] -- Up-to-date: /home/maxime/ros2_ws/install/ros_maestro/local/lib/python3.10/dist-packages/ros_maestro
[0.500s] -- Up-to-date: /home/maxime/ros2_ws/install/ros_maestro/local/lib/python3.10/dist-packages/ros_maestro/_ros_maestro_s.ep.rosidl_typesupport_c.c
[0.500s] -- Up-to-date: /home/maxime/ros2_ws/install/ros_maestro/local/lib/python3.10/dist-packages/ros_maestro/ros_maestro_s__rosidl_typesupport_c.cpython-310-x86_64-linux-gnu.so
[0.500s] -- Up-to-date: /home/maxime/ros2_ws/install/ros_maestro/local/lib/python3.10/dist-packages/ros_maestro/libros_maestro__rosidl_generator_py.so
[0.500s] -- Up-to-date: /home/maxime/ros2_ws/install/ros_maestro/local/lib/python3.10/dist-packages/ros_maestro/msg
[0.500s] -- Up-to-date: /home/maxime/ros2_ws/install/ros_maestro/local/lib/python3.10/dist-packages/ros_maestro/msg/_pwm_cmd_s.c
[0.500s] -- Up-to-date: /home/maxime/ros2_ws/install/ros_maestro/local/lib/python3.10/dist-packages/ros_maestro/msg/_pwm_cmd.py
[0.501s] -- Up-to-date: /home/maxime/ros2_ws/install/ros_maestro/local/lib/python3.10/dist-packages/ros_maestro/msg/__init__.py
[0.501s] -- Up-to-date: /home/maxime/ros2_ws/install/ros_maestro/local/lib/python3.10/dist-packages/ros_maestro/_ros_maestro_s.ep.rosidl_typesupport_introspection_c.c
[0.501s] -- Up-to-date: /home/maxime/ros2_ws/install/ros_maestro/local/lib/python3.10/dist-packages/ros_maestro/ros_maestro_s__rosidl_typesupport_introspection_c.cpython-310-x86_64-linux-gnu.so
[0.501s] -- Up-to-date: /home/maxime/ros2_ws/install/ros_maestro/local/lib/python3.10/dist-packages/ros_maestro/ros_maestro_s__rosidl_typesupport_fastrtps_c.cpython-310-x86_64-linux-gnu.so
[0.501s] -- Up-to-date: /home/maxime/ros2_ws/install/ros_maestro/local/lib/python3.10/dist-packages/ros_maestro/_ros_maestro_s.ep.rosidl_typesupport_fastrtps_c.c
[0.501s] -- Up-to-date: /home/maxime/ros2_ws/install/ros_maestro/local/lib/python3.10/dist-packages/ros_maestro/__init__.py
[0.518s] Listing '/home/maxime/ros2_ws/install/ros_maestro/local/lib/python3.10/dist-packages/ros_maestro'...
[0.518s] Listing '/home/maxime/ros2_ws/install/ros_maestro/local/lib/python3.10/dist-packages/ros_maestro/msg'...
[0.520s] -- Up-to-date: /home/maxime/ros2_ws/install/ros_maestro/local/lib/python3.10/dist-packages/ros_maestro/ros_maestro_s__rosidl_typesupport_fastrtps_c.cpython-310-x86_64-linux-gnu.so
[0.521s] -- Up-to-date: /home/maxime/ros2_ws/install/ros_maestro/local/lib/python3.10/dist-packages/ros_maestro/ros_maestro_s__rosidl_typesupport_introspection_c.cpython-310-x86_64-linux-gnu.so
[0.521s] -- Up-to-date: /home/maxime/ros2_ws/install/ros_maestro/local/lib/python3.10/dist-packages/ros_maestro/ros_maestro_s__rosidl_typesupport_c.cpython-310-x86_64-linux-gnu.so
[0.521s] -- Up-to-date: /home/maxime/ros2_ws/install/ros_maestro/lib/libros_maestro__rosidl_generator_py.so
[0.521s] -- Up-to-date: /home/maxime/ros2_ws/install/ros_maestro/share/ros_maestro/msg/PwmCmd.idl
[0.521s] -- Up-to-date: /home/maxime/ros2_ws/install/ros_maestro/share/ros_maestro/msg/PwmCmd.msg
[0.521s] -- Up-to-date: /home/maxime/ros2_ws/install/ros_maestro/share/ament_index/resource_index/package_run_dependencies/ros_maestro
[0.522s] -- Up-to-date: /home/maxime/ros2_ws/install/ros_maestro/share/ament_index/resource_index/parent_prefix_path/ros_maestro
[0.522s] -- Up-to-date: /home/maxime/ros2_ws/install/ros_maestro/share/ros_maestro/environment/ament_prefix_path.sh
[0.522s] -- Up-to-date: /home/maxime/ros2_ws/install/ros_maestro/share/ros_maestro/environment/ament_prefix_path.dsv
[0.522s] -- Up-to-date: /home/maxime/ros2_ws/install/ros_maestro/share/ros_maestro/environment/path.sh
[0.522s] -- Up-to-date: /home/maxime/ros2_ws/install/ros_maestro/share/ros_maestro/environment/path.dsv
[0.522s] -- Up-to-date: /home/maxime/ros2_ws/install/ros_maestro/share/ros_maestro/local_setup.bash
[0.522s] -- Up-to-date: /home/maxime/ros2_ws/install/ros_maestro/share/ros_maestro/local_setup.sh
[0.522s] -- Up-to-date: /home/maxime/ros2_ws/install/ros_maestro/share/ros_maestro/local_setup.zsh
[0.522s] -- Up-to-date: /home/maxime/ros2_ws/install/ros_maestro/share/ros_maestro/local_setup.dsv
[0.522s] -- Installing: /home/maxime/ros2_ws/install/ros_maestro/share/ros_maestro/package.dsv
[0.522s] -- Up-to-date: /home/maxime/ros2_ws/install/ros_maestro/share/ament_index/resource_index/packages/ros_maestro
[0.522s] -- Up-to-date: /home/maxime/ros2_ws/install/ros_maestro/share/ros_maestro/cmake/export_ros_maestro__rosidl_generator_cExport.cmake
[0.522s] -- Up-to-date: /home/maxime/ros2_ws/install/ros_maestro/share/ros_maestro/cmake/export_ros_maestro__rosidl_generator_cExport-noconfig.cmake
[0.522s] -- Up-to-date: /home/maxime/ros2_ws/install/ros_maestro/share/ros_maestro/cmake/export_ros_maestro__rosidl_typesupport_fastrtps_cExport.cmake
[0.522s] -- Up-to-date: /home/maxime/ros2_ws/install/ros_maestro/share/ros_maestro/cmake/export_ros_maestro__rosidl_typesupport_fastrtps_cExport-noconfig.cmake
[0.522s] -- Up-to-date: /home/maxime/ros2_ws/install/ros_maestro/share/ros_maestro/cmake/export_ros_maestro__rosidl_generator_cppExport.cmake
[0.522s] -- Up-to-date: /home/maxime/ros2_ws/install/ros_maestro/share/ros_maestro/cmake/export_ros_maestro__rosidl_typesupport_fastrtps_cppExport.cmake
[0.522s] -- Up-to-date: /home/maxime/ros2_ws/install/ros_maestro/share/ros_maestro/cmake/export_ros_maestro__rosidl_typesupport_fastrtps_cppExport-noconfig.cmake
[0.522s] -- Up-to-date: /home/maxime/ros2_ws/install/ros_maestro/share/ros_maestro/cmake/ros_maestro__rosidl_typesupport_introspection_cExport.cmake
[0.522s] -- Up-to-date: /home/maxime/ros2_ws/install/ros_maestro/share/ros_maestro/cmake/ros_maestro__rosidl_typesupport_introspection_cExport-noconfig.cmake
[0.522s] -- Up-to-date: /home/maxime/ros2_ws/install/ros_maestro/share/ros_maestro/cmake/ros_maestro__rosidl_typesupport_cExport.cmake
[0.522s] -- Up-to-date: /home/maxime/ros2_ws/install/ros_maestro/share/ros_maestro/cmake/ros_maestro__rosidl_typesupport_cExport-noconfig.cmake
[0.522s] -- Up-to-date: /home/maxime/ros2_ws/install/ros_maestro/share/ros_maestro/cmake/ros_maestro__rosidl_typesupport_introspection_cppExport.cmake
[0.522s] -- Up-to-date: /home/maxime/ros2_ws/install/ros_maestro/share/ros_maestro/cmake/ros_maestro__rosidl_typesupport_introspection_cppExport-noconfig.cmake
[0.522s] -- Up-to-date: /home/maxime/ros2_ws/install/ros_maestro/share/ros_maestro/cmake/ros_maestro__rosidl_typesupport_cppExport.cmake
[0.522s] -- Up-to-date: /home/maxime/ros2_ws/install/ros_maestro/share/ros_maestro/cmake/ros_maestro__rosidl_typesupport_cppExport-noconfig.cmake
[0.522s] -- Up-to-date: /home/maxime/ros2_ws/install/ros_maestro/share/ros_maestro/cmake/export_ros_maestro__rosidl_generator_pyExport.cmake
[0.522s] -- Up-to-date: /home/maxime/ros2_ws/install/ros_maestro/share/ros_maestro/cmake/export_ros_maestro__rosidl_generator_pyExport-noconfig.cmake
[0.523s] -- Up-to-date: /home/maxime/ros2_ws/install/ros_maestro/share/ros_maestro/cmake/ament_cmake_export_dependencies-extras.cmake
[0.523s] -- Up-to-date: /home/maxime/ros2_ws/install/ros_maestro/share/ros_maestro/cmake/rosidl_cmake-extras.cmake
[0.523s] -- Up-to-date: /home/maxime/ros2_ws/install/ros_maestro/share/ros_maestro/cmake/ament_cmake_export_include_directories-extras.cmake
[0.523s] -- Up-to-date: /home/maxime/ros2_ws/install/ros_maestro/share/ros_maestro/cmake/ament_cmake_export_libraries-extras.cmake
[0.523s] -- Up-to-date: /home/maxime/ros2_ws/install/ros_maestro/share/ros_maestro/cmake/ament_cmake_export_targets-extras.cmake
[0.523s] -- Up-to-date: /home/maxime/ros2_ws/install/ros_maestro/share/ros_maestro/cmake/rosidl_cmake_export_typesupport_targets-extras.cmake
[0.523s] -- Up-to-date: /home/maxime/ros2_ws/install/ros_maestro/share/ros_maestro/cmake/rosidl_cmake_export_typesupport_libraries-extras.cmake
[0.523s] -- Up-to-date: /home/maxime/ros2_ws/install/ros_maestro/share/ros_maestro/cmake/ros_maestroConfig.cmake
[0.523s] -- Up-to-date: /home/maxime/ros2_ws/install/ros_maestro/share/ros_maestro/cmake/ros_maestroConfig-version.cmake
[0.523s] -- Up-to-date: /home/maxime/ros2_ws/install/ros_maestro/share/ros_maestro/package.xml
[0.523s] -- Up-to-date: /home/maxime/ros2_ws/install/ros_maestro/lib/ros_maestro/attopilot_driver.py
[0.523s] -- Up-to-date: /home/maxime/ros2_ws/install/ros_maestro/lib/ros_maestro/maestro_driver.py
[0.523s] -- Up-to-date: /home/maxime/ros2_ws/install/ros_maestro/lib/ros_maestro/relay_driver.py
[0.523s] -- Up-to-date: /home/maxime/ros2_ws/install/ros_maestro/share/ros_maestro/launch
[0.523s] -- Up-to-date: /home/maxime/ros2_ws/install/ros_maestro/share/ros_maestro/launch/erl_launch.py
[0.523s] -- Up-to-date: /home/maxime/ros2_ws/install/ros_maestro/share/ros_maestro/launch/test_launch.py
[0.523s] -- Up-to-date: /home/maxime/ros2_ws/install/ros_maestro/share/ros_maestro/launch/maestro_launch.py
[0.523s] -- Up-to-date: /home/maxime/ros2_ws/install/ros_maestro/include/ros_maestro/ros_maestro
[0.523s] -- Installing: /home/maxime/ros2_ws/install/ros_maestro/include/ros_maestro/ros_maestro/maestro_test.py
[0.533s] -- Installing: /home/maxime/ros2_ws/install/ros_maestro/include/ros_maestro/ros_maestro/maestro.py
[0.538s] -- Installing: /home/maxime/ros2_ws/install/ros_maestro/include/ros_maestro/ros_maestro/__init__.py
[0.538s] -- Installing: /home/maxime/ros2_ws/install/ros_maestro/share/ros_maestro/config
[0.538s] -- Installing: /home/maxime/ros2_ws/install/ros_maestro/share/ros_maestro/config/pwmconfig_example.yaml
[0.542s] Invoked command in '/home/maxime/ros2_ws/build/ros_maestro' returned '0': /usr/bin/cmake --install /home/maxime/ros2_ws/build/ros_maestro
