[0.012s] Invoking command in '/home/maxime/ros2_ws/build/maestro_node': /usr/bin/cmake /home/maxime/ros2_ws/src/maestro_node -DCATKIN_INSTALL_INTO_PREFIX_ROOT=0 -DCATKIN_SYMLINK_INSTALL=ON -DCMAKE_INSTALL_PREFIX=/home/maxime/ros2_ws/install/maestro_node
[0.071s] -- The C compiler identification is GNU 11.4.0
[0.130s] -- The CXX compiler identification is GNU 11.4.0
[0.137s] -- Detecting C compiler ABI info
[0.215s] -- Detecting C compiler ABI info - done
[0.220s] -- Check for working C compiler: /usr/bin/cc - skipped
[0.220s] -- Detecting C compile features
[0.220s] -- Detecting C compile features - done
[0.222s] -- Detecting CXX compiler ABI info
[0.295s] -- Detecting CXX compiler ABI info - done
[0.300s] -- Check for working CXX compiler: /usr/bin/c++ - skipped
[0.300s] -- Detecting CXX compile features
[0.300s] -- Detecting CXX compile features - done
[0.302s] -- Found ament_cmake: 1.3.10 (/opt/ros/humble/share/ament_cmake/cmake)
[0.408s] -- Found Python3: /usr/bin/python3 (found version "3.10.12") found components: Interpreter 
[0.468s] -- Found rclcpp: 16.0.10 (/opt/ros/humble/share/rclcpp/cmake)
[0.493s] -- Found rosidl_generator_c: 3.1.5 (/opt/ros/humble/share/rosidl_generator_c/cmake)
[0.495s] -- Found rosidl_adapter: 3.1.5 (/opt/ros/humble/share/rosidl_adapter/cmake)
[0.500s] -- Found rosidl_generator_cpp: 3.1.5 (/opt/ros/humble/share/rosidl_generator_cpp/cmake)
[0.507s] -- Using all available rosidl_typesupport_c: rosidl_typesupport_fastrtps_c;rosidl_typesupport_introspection_c
[0.516s] -- Using all available rosidl_typesupport_cpp: rosidl_typesupport_fastrtps_cpp;rosidl_typesupport_introspection_cpp
[0.544s] -- Found rmw_implementation_cmake: 6.1.2 (/opt/ros/humble/share/rmw_implementation_cmake/cmake)
[0.546s] -- Found rmw_fastrtps_cpp: 6.2.7 (/opt/ros/humble/share/rmw_fastrtps_cpp/cmake)
[0.625s] -- Found OpenSSL: /usr/lib/x86_64-linux-gnu/libcrypto.so (found version "3.0.2")  
[0.650s] -- Found FastRTPS: /opt/ros/humble/include  
[0.685s] -- Using RMW implementation 'rmw_fastrtps_cpp' as default
[0.690s] -- Looking for pthread.h
[0.758s] -- Looking for pthread.h - found
[0.758s] -- Performing Test CMAKE_HAVE_LIBC_PTHREAD
[0.826s] -- Performing Test CMAKE_HAVE_LIBC_PTHREAD - Success
[0.826s] -- Found Threads: TRUE  
[0.859s] -- Found tf2: 0.25.8 (/opt/ros/humble/share/tf2/cmake)
[0.875s] -- Found tf2_ros: 0.25.8 (/opt/ros/humble/share/tf2_ros/cmake)
[0.937s] -- Found Boost: /usr/lib/x86_64-linux-gnu/cmake/Boost-1.74.0/BoostConfig.cmake (found version "1.74.0") found components: system thread 
[0.938s] -- Found sensor_msgs: 4.2.4 (/opt/ros/humble/share/sensor_msgs/cmake)
[0.993s] -- Configuring done
[1.003s] -- Generating done
[1.003s] [33mCMake Warning:
[1.003s]   Manually-specified variables were not used by the project:
[1.004s] 
[1.004s]     CATKIN_INSTALL_INTO_PREFIX_ROOT
[1.004s]     CATKIN_SYMLINK_INSTALL
[1.004s] 
[1.004s] [0m
[1.004s] -- Build files have been written to: /home/maxime/ros2_ws/build/maestro_node
[1.016s] Invoked command in '/home/maxime/ros2_ws/build/maestro_node' returned '0': /usr/bin/cmake /home/maxime/ros2_ws/src/maestro_node -DCATKIN_INSTALL_INTO_PREFIX_ROOT=0 -DCATKIN_SYMLINK_INSTALL=ON -DCMAKE_INSTALL_PREFIX=/home/maxime/ros2_ws/install/maestro_node
[1.018s] Invoking command in '/home/maxime/ros2_ws/build/maestro_node': /usr/bin/cmake --build /home/maxime/ros2_ws/build/maestro_node -- -j16 -l16
[1.074s] [ 80%] [32mBuilding CXX object CMakeFiles/maestro_node.dir/src/ROSMaestroController.cpp.o[0m
[1.074s] [ 80%] [32mBuilding CXX object CMakeFiles/maestro_node.dir/src/maestro_node.cpp.o[0m
[1.074s] [ 80%] [32mBuilding CXX object CMakeFiles/maestro_node.dir/src/TimeoutSerial.cpp.o[0m
[1.074s] [ 80%] [32mBuilding CXX object CMakeFiles/maestro_node.dir/src/PololuController.cpp.o[0m
[2.381s] In file included from [01m[K/usr/include/boost/smart_ptr/detail/sp_thread_sleep.hpp:22[m[K,
[2.381s]                  from [01m[K/usr/include/boost/smart_ptr/detail/yield_k.hpp:23[m[K,
[2.381s]                  from [01m[K/usr/include/boost/smart_ptr/detail/spinlock_gcc_atomic.hpp:14[m[K,
[2.382s]                  from [01m[K/usr/include/boost/smart_ptr/detail/spinlock.hpp:42[m[K,
[2.382s]                  from [01m[K/usr/include/boost/smart_ptr/detail/spinlock_pool.hpp:25[m[K,
[2.382s]                  from [01m[K/usr/include/boost/smart_ptr/shared_ptr.hpp:29[m[K,
[2.382s]                  from [01m[K/usr/include/boost/shared_ptr.hpp:17[m[K,
[2.382s]                  from [01m[K/usr/include/boost/date_time/time_clock.hpp:17[m[K,
[2.382s]                  from [01m[K/usr/include/boost/date_time/posix_time/posix_time_types.hpp:10[m[K,
[2.382s]                  from [01m[K/usr/include/boost/asio/time_traits.hpp:23[m[K,
[2.382s]                  from [01m[K/usr/include/boost/asio/detail/timer_queue_ptime.hpp:22[m[K,
[2.382s]                  from [01m[K/usr/include/boost/asio/detail/deadline_timer_service.hpp:29[m[K,
[2.382s]                  from [01m[K/usr/include/boost/asio/basic_deadline_timer.hpp:25[m[K,
[2.382s]                  from [01m[K/usr/include/boost/asio.hpp:25[m[K,
[2.382s]                  from [01m[K/home/maxime/ros2_ws/src/maestro_node/include/TimeoutSerial.h:14[m[K,
[2.382s]                  from [01m[K/home/maxime/ros2_ws/src/maestro_node/src/TimeoutSerial.cpp:20[m[K:
[2.382s] [01m[K/usr/include/boost/bind.hpp:36:1:[m[K [01;36m[Knote: [m[K‘[01m[K#pragma message: The practice of declaring the Bind placeholders (_1, _2, ...) in the global namespace is deprecated. Please use <boost/bind/bind.hpp> + using namespace boost::placeholders, or define BOOST_BIND_GLOBAL_PLACEHOLDERS to retain the current behavior.[m[K’
[2.382s]    36 | [01;36m[KBOOST_PRAGMA_MESSAGE[m[K(
[2.382s]       | [01;36m[K^~~~~~~~~~~~~~~~~~~~[m[K
[7.896s] [100%] [32m[1mLinking CXX executable maestro_node[0m
[8.212s] [100%] Built target maestro_node
