In file included from [01m[K/home/maxime/ros2_ws/src/maestro_node/src/ROSMaestroController.cpp:1[m[K:
[01m[K/home/maxime/ros2_ws/src/maestro_node/include/ROSMaestroController.h:5:10:[m[K [01;31m[Kfatal error: [m[Ksensor_msgs/msg/joint_state.hpp: No such file or directory
    5 | #include [01;31m[K<sensor_msgs/msg/joint_state.hpp>[m[K
      |          [01;31m[K^~~~~~~~~~~~~~~~~~~~~~~~~~~~~~~~~[m[K
compilation terminated.
gmake[2]: *** [CMakeFiles/maestro_node.dir/build.make:104: CMakeFiles/maestro_node.dir/src/ROSMaestroController.cpp.o] Error 1
gmake[2]: *** Waiting for unfinished jobs....
In file included from [01m[K/home/maxime/ros2_ws/src/maestro_node/src/maestro_node.cpp:5[m[K:
[01m[K/home/maxime/ros2_ws/src/maestro_node/include/ROSMaestroController.h:5:10:[m[K [01;31m[Kfatal error: [m[Ksensor_msgs/msg/joint_state.hpp: No such file or directory
    5 | #include [01;31m[K<sensor_msgs/msg/joint_state.hpp>[m[K
      |          [01;31m[K^~~~~~~~~~~~~~~~~~~~~~~~~~~~~~~~~[m[K
compilation terminated.
gmake[2]: *** [CMakeFiles/maestro_node.dir/build.make:118: CMakeFiles/maestro_node.dir/src/maestro_node.cpp.o] Error 1
[01m[K/home/maxime/ros2_ws/src/maestro_node/src/PololuController.cpp:[m[K In member function ‘[01m[Kvoid PololuController::maestroSetTarget(int, double)[m[K’:
[01m[K/home/maxime/ros2_ws/src/maestro_node/src/PololuController.cpp:38:36:[m[K [01;31m[Kerror: [m[Kno matching function for call to ‘[01m[Kstd::lock_guard<std::mutex>::lock_guard(boost::mutex&)[m[K’
   38 |     lock_guard<mutex> l(pololuMutex[01;31m[K)[m[K;
      |                                    [01;31m[K^[m[K
In file included from [01m[K/usr/include/c++/11/mutex:43[m[K,
                 from [01m[K/usr/include/boost/system/detail/std_interoperability.hpp:13[m[K,
                 from [01m[K/usr/include/boost/system/error_code.hpp:963[m[K,
                 from [01m[K/usr/include/boost/asio/detail/throw_error.hpp:19[m[K,
                 from [01m[K/usr/include/boost/asio/detail/impl/posix_event.ipp:23[m[K,
                 from [01m[K/usr/include/boost/asio/detail/posix_event.hpp:172[m[K,
                 from [01m[K/usr/include/boost/asio/detail/event.hpp:25[m[K,
                 from [01m[K/usr/include/boost/asio/execution/blocking_adaptation.hpp:19[m[K,
                 from [01m[K/usr/include/boost/asio/execution.hpp:22[m[K,
                 from [01m[K/usr/include/boost/asio/system_executor.hpp:20[m[K,
                 from [01m[K/usr/include/boost/asio/associated_executor.hpp:22[m[K,
                 from [01m[K/usr/include/boost/asio.hpp:21[m[K,
                 from [01m[K/home/maxime/ros2_ws/src/maestro_node/include/TimeoutSerial.h:14[m[K,
                 from [01m[K/home/maxime/ros2_ws/src/maestro_node/include/PololuController.h:11[m[K,
                 from [01m[K/home/maxime/ros2_ws/src/maestro_node/src/PololuController.cpp:8[m[K:
[01m[K/usr/include/c++/11/bits/std_mutex.h:231:7:[m[K [01;36m[Knote: [m[Kcandidate: ‘[01m[Kstd::lock_guard<_Mutex>::lock_guard(std::lock_guard<_Mutex>::mutex_type&, std::adopt_lock_t) [with _Mutex = std::mutex; std::lock_guard<_Mutex>::mutex_type = std::mutex][m[K’
  231 |       [01;36m[Klock_guard[m[K(mutex_type& __m, adopt_lock_t) noexcept : _M_device(__m)
      |       [01;36m[K^~~~~~~~~~[m[K
[01m[K/usr/include/c++/11/bits/std_mutex.h:231:7:[m[K [01;36m[Knote: [m[K  candidate expects 2 arguments, 1 provided
[01m[K/usr/include/c++/11/bits/std_mutex.h:228:16:[m[K [01;36m[Knote: [m[Kcandidate: ‘[01m[Kstd::lock_guard<_Mutex>::lock_guard(std::lock_guard<_Mutex>::mutex_type&) [with _Mutex = std::mutex; std::lock_guard<_Mutex>::mutex_type = std::mutex][m[K’
  228 |       explicit [01;36m[Klock_guard[m[K(mutex_type& __m) : _M_device(__m)
      |                [01;36m[K^~~~~~~~~~[m[K
[01m[K/usr/include/c++/11/bits/std_mutex.h:228:39:[m[K [01;36m[Knote: [m[K  no known conversion for argument 1 from ‘[01m[Kboost::mutex[m[K’ to ‘[01m[Kstd::lock_guard<std::mutex>::mutex_type&[m[K’ {aka ‘[01m[Kstd::mutex&[m[K’}
  228 |       explicit lock_guard([01;36m[Kmutex_type& __m[m[K) : _M_device(__m)
      |                           [01;36m[K~~~~~~~~~~~~^~~[m[K
[01m[K/home/maxime/ros2_ws/src/maestro_node/src/PololuController.cpp:[m[K In member function ‘[01m[Kdouble PololuController::maestroGetTarget(int)[m[K’:
[01m[K/home/maxime/ros2_ws/src/maestro_node/src/PololuController.cpp:50:36:[m[K [01;31m[Kerror: [m[Kno matching function for call to ‘[01m[Kstd::lock_guard<std::mutex>::lock_guard(boost::mutex&)[m[K’
   50 |     lock_guard<mutex> l(pololuMutex[01;31m[K)[m[K;
      |                                    [01;31m[K^[m[K
In file included from [01m[K/usr/include/c++/11/mutex:43[m[K,
                 from [01m[K/usr/include/boost/system/detail/std_interoperability.hpp:13[m[K,
                 from [01m[K/usr/include/boost/system/error_code.hpp:963[m[K,
                 from [01m[K/usr/include/boost/asio/detail/throw_error.hpp:19[m[K,
                 from [01m[K/usr/include/boost/asio/detail/impl/posix_event.ipp:23[m[K,
                 from [01m[K/usr/include/boost/asio/detail/posix_event.hpp:172[m[K,
                 from [01m[K/usr/include/boost/asio/detail/event.hpp:25[m[K,
                 from [01m[K/usr/include/boost/asio/execution/blocking_adaptation.hpp:19[m[K,
                 from [01m[K/usr/include/boost/asio/execution.hpp:22[m[K,
                 from [01m[K/usr/include/boost/asio/system_executor.hpp:20[m[K,
                 from [01m[K/usr/include/boost/asio/associated_executor.hpp:22[m[K,
                 from [01m[K/usr/include/boost/asio.hpp:21[m[K,
                 from [01m[K/home/maxime/ros2_ws/src/maestro_node/include/TimeoutSerial.h:14[m[K,
                 from [01m[K/home/maxime/ros2_ws/src/maestro_node/include/PololuController.h:11[m[K,
                 from [01m[K/home/maxime/ros2_ws/src/maestro_node/src/PololuController.cpp:8[m[K:
[01m[K/usr/include/c++/11/bits/std_mutex.h:231:7:[m[K [01;36m[Knote: [m[Kcandidate: ‘[01m[Kstd::lock_guard<_Mutex>::lock_guard(std::lock_guard<_Mutex>::mutex_type&, std::adopt_lock_t) [with _Mutex = std::mutex; std::lock_guard<_Mutex>::mutex_type = std::mutex][m[K’
  231 |       [01;36m[Klock_guard[m[K(mutex_type& __m, adopt_lock_t) noexcept : _M_device(__m)
      |       [01;36m[K^~~~~~~~~~[m[K
[01m[K/usr/include/c++/11/bits/std_mutex.h:231:7:[m[K [01;36m[Knote: [m[K  candidate expects 2 arguments, 1 provided
[01m[K/usr/include/c++/11/bits/std_mutex.h:228:16:[m[K [01;36m[Knote: [m[Kcandidate: ‘[01m[Kstd::lock_guard<_Mutex>::lock_guard(std::lock_guard<_Mutex>::mutex_type&) [with _Mutex = std::mutex; std::lock_guard<_Mutex>::mutex_type = std::mutex][m[K’
  228 |       explicit [01;36m[Klock_guard[m[K(mutex_type& __m) : _M_device(__m)
      |                [01;36m[K^~~~~~~~~~[m[K
[01m[K/usr/include/c++/11/bits/std_mutex.h:228:39:[m[K [01;36m[Knote: [m[K  no known conversion for argument 1 from ‘[01m[Kboost::mutex[m[K’ to ‘[01m[Kstd::lock_guard<std::mutex>::mutex_type&[m[K’ {aka ‘[01m[Kstd::mutex&[m[K’}
  228 |       explicit lock_guard([01;36m[Kmutex_type& __m[m[K) : _M_device(__m)
      |                           [01;36m[K~~~~~~~~~~~~^~~[m[K
gmake[2]: *** [CMakeFiles/maestro_node.dir/build.make:90: CMakeFiles/maestro_node.dir/src/PololuController.cpp.o] Error 1
gmake[1]: *** [CMakeFiles/Makefile2:137: CMakeFiles/maestro_node.dir/all] Error 2
gmake: *** [Makefile:146: all] Error 2
