[0.173s] DEBUG:colcon:Command line arguments: ['/usr/bin/colcon', 'build']
[0.173s] DEBUG:colcon:Parsed command line arguments: Namespace(log_base=None, log_level=None, verb_name='build', build_base='build', install_base='install', merge_install=False, symlink_install=False, test_result_base=None, continue_on_error=False, executor='parallel', parallel_workers=16, event_handlers=None, ignore_user_meta=False, metas=['./colcon.meta'], base_paths=['.'], packages_ignore=None, packages_ignore_regex=None, paths=None, packages_up_to=None, packages_up_to_regex=None, packages_above=None, packages_above_and_dependencies=None, packages_above_depth=None, packages_select_by_dep=None, packages_skip_by_dep=None, packages_skip_up_to=None, packages_select_build_failed=False, packages_skip_build_finished=False, packages_select_test_failures=False, packages_skip_test_passed=False, packages_select=None, packages_skip=None, packages_select_regex=None, packages_skip_regex=None, packages_start=None, packages_end=None, allow_overriding=[], cmake_args=None, cmake_target=None, cmake_target_skip_unavailable=False, cmake_clean_cache=False, cmake_clean_first=False, cmake_force_configure=False, ament_cmake_args=None, catkin_cmake_args=None, catkin_skip_building_tests=False, verb_parser=<colcon_defaults.argument_parser.defaults.DefaultArgumentsDecorator object at 0x75900e1b4730>, verb_extension=<colcon_core.verb.build.BuildVerb object at 0x75900e1b4250>, main=<bound method BuildVerb.main of <colcon_core.verb.build.BuildVerb object at 0x75900e1b4250>>)
[0.346s] Level 1:colcon.colcon_core.package_discovery:discover_packages(colcon_meta) check parameters
[0.346s] Level 1:colcon.colcon_core.package_discovery:discover_packages(recursive) check parameters
[0.346s] Level 1:colcon.colcon_core.package_discovery:discover_packages(ignore) check parameters
[0.346s] Level 1:colcon.colcon_core.package_discovery:discover_packages(path) check parameters
[0.346s] Level 1:colcon.colcon_core.package_discovery:discover_packages(colcon_meta) discover
[0.346s] Level 1:colcon.colcon_core.package_discovery:discover_packages(recursive) discover
[0.346s] INFO:colcon.colcon_core.package_discovery:Crawling recursively for packages in '/home/maxime/ros2_ws'
[0.346s] Level 1:colcon.colcon_core.package_identification:_identify(.) by extensions ['ignore', 'ignore_ament_install']
[0.346s] Level 1:colcon.colcon_core.package_identification:_identify(.) by extension 'ignore'
[0.346s] Level 1:colcon.colcon_core.package_identification:_identify(.) by extension 'ignore_ament_install'
[0.346s] Level 1:colcon.colcon_core.package_identification:_identify(.) by extensions ['colcon_pkg']
[0.346s] Level 1:colcon.colcon_core.package_identification:_identify(.) by extension 'colcon_pkg'
[0.346s] Level 1:colcon.colcon_core.package_identification:_identify(.) by extensions ['colcon_meta']
[0.346s] Level 1:colcon.colcon_core.package_identification:_identify(.) by extension 'colcon_meta'
[0.346s] Level 1:colcon.colcon_core.package_identification:_identify(.) by extensions ['ros']
[0.346s] Level 1:colcon.colcon_core.package_identification:_identify(.) by extension 'ros'
[0.357s] Level 1:colcon.colcon_core.package_identification:_identify(.) by extensions ['cmake', 'python']
[0.357s] Level 1:colcon.colcon_core.package_identification:_identify(.) by extension 'cmake'
[0.357s] Level 1:colcon.colcon_core.package_identification:_identify(.) by extension 'python'
[0.357s] Level 1:colcon.colcon_core.package_identification:_identify(.) by extensions ['python_setup_py']
[0.357s] Level 1:colcon.colcon_core.package_identification:_identify(.) by extension 'python_setup_py'
[0.357s] Level 1:colcon.colcon_core.package_identification:_identify(build) by extensions ['ignore', 'ignore_ament_install']
[0.357s] Level 1:colcon.colcon_core.package_identification:_identify(build) by extension 'ignore'
[0.357s] Level 1:colcon.colcon_core.package_identification:_identify(build) ignored
[0.358s] Level 1:colcon.colcon_core.package_identification:_identify(install) by extensions ['ignore', 'ignore_ament_install']
[0.358s] Level 1:colcon.colcon_core.package_identification:_identify(install) by extension 'ignore'
[0.358s] Level 1:colcon.colcon_core.package_identification:_identify(install) ignored
[0.358s] Level 1:colcon.colcon_core.package_identification:_identify(log) by extensions ['ignore', 'ignore_ament_install']
[0.358s] Level 1:colcon.colcon_core.package_identification:_identify(log) by extension 'ignore'
[0.358s] Level 1:colcon.colcon_core.package_identification:_identify(log) ignored
[0.358s] Level 1:colcon.colcon_core.package_identification:_identify(src) by extensions ['ignore', 'ignore_ament_install']
[0.358s] Level 1:colcon.colcon_core.package_identification:_identify(src) by extension 'ignore'
[0.358s] Level 1:colcon.colcon_core.package_identification:_identify(src) by extension 'ignore_ament_install'
[0.358s] Level 1:colcon.colcon_core.package_identification:_identify(src) by extensions ['colcon_pkg']
[0.358s] Level 1:colcon.colcon_core.package_identification:_identify(src) by extension 'colcon_pkg'
[0.358s] Level 1:colcon.colcon_core.package_identification:_identify(src) by extensions ['colcon_meta']
[0.358s] Level 1:colcon.colcon_core.package_identification:_identify(src) by extension 'colcon_meta'
[0.358s] Level 1:colcon.colcon_core.package_identification:_identify(src) by extensions ['ros']
[0.358s] Level 1:colcon.colcon_core.package_identification:_identify(src) by extension 'ros'
[0.358s] Level 1:colcon.colcon_core.package_identification:_identify(src) by extensions ['cmake', 'python']
[0.358s] Level 1:colcon.colcon_core.package_identification:_identify(src) by extension 'cmake'
[0.358s] Level 1:colcon.colcon_core.package_identification:_identify(src) by extension 'python'
[0.358s] Level 1:colcon.colcon_core.package_identification:_identify(src) by extensions ['python_setup_py']
[0.358s] Level 1:colcon.colcon_core.package_identification:_identify(src) by extension 'python_setup_py'
[0.358s] Level 1:colcon.colcon_core.package_identification:_identify(src/maestro_node) by extensions ['ignore', 'ignore_ament_install']
[0.358s] Level 1:colcon.colcon_core.package_identification:_identify(src/maestro_node) by extension 'ignore'
[0.358s] Level 1:colcon.colcon_core.package_identification:_identify(src/maestro_node) by extension 'ignore_ament_install'
[0.358s] Level 1:colcon.colcon_core.package_identification:_identify(src/maestro_node) by extensions ['colcon_pkg']
[0.358s] Level 1:colcon.colcon_core.package_identification:_identify(src/maestro_node) by extension 'colcon_pkg'
[0.358s] Level 1:colcon.colcon_core.package_identification:_identify(src/maestro_node) by extensions ['colcon_meta']
[0.358s] Level 1:colcon.colcon_core.package_identification:_identify(src/maestro_node) by extension 'colcon_meta'
[0.358s] Level 1:colcon.colcon_core.package_identification:_identify(src/maestro_node) by extensions ['ros']
[0.358s] Level 1:colcon.colcon_core.package_identification:_identify(src/maestro_node) by extension 'ros'
[0.361s] DEBUG:colcon.colcon_core.package_identification:Package 'src/maestro_node' with type 'ros.catkin' and name 'maestro_node'
[0.362s] Level 1:colcon.colcon_core.package_identification:_identify(src/ros_maestro) by extensions ['ignore', 'ignore_ament_install']
[0.362s] Level 1:colcon.colcon_core.package_identification:_identify(src/ros_maestro) by extension 'ignore'
[0.362s] Level 1:colcon.colcon_core.package_identification:_identify(src/ros_maestro) by extension 'ignore_ament_install'
[0.362s] Level 1:colcon.colcon_core.package_identification:_identify(src/ros_maestro) by extensions ['colcon_pkg']
[0.362s] Level 1:colcon.colcon_core.package_identification:_identify(src/ros_maestro) by extension 'colcon_pkg'
[0.362s] Level 1:colcon.colcon_core.package_identification:_identify(src/ros_maestro) by extensions ['colcon_meta']
[0.362s] Level 1:colcon.colcon_core.package_identification:_identify(src/ros_maestro) by extension 'colcon_meta'
[0.362s] Level 1:colcon.colcon_core.package_identification:_identify(src/ros_maestro) by extensions ['ros']
[0.362s] Level 1:colcon.colcon_core.package_identification:_identify(src/ros_maestro) by extension 'ros'
[0.363s] DEBUG:colcon.colcon_core.package_identification:Failed to parse potential ROS package manifest in'src/ros_maestro': Error(s) in package 'src/ros_maestro/package.xml':
Error(s):
- The manifest of package "ros_maestro" (with format version 2) must not contain the following tags: run_depend
- Please replace <run_depend> tags with <exec_depend> tags.
[0.363s] Level 1:colcon.colcon_core.package_identification:_identify(src/ros_maestro) by extensions ['cmake', 'python']
[0.363s] Level 1:colcon.colcon_core.package_identification:_identify(src/ros_maestro) by extension 'cmake'
[0.364s] Level 1:colcon.colcon_core.package_identification:_identify(src/ros_maestro) by extension 'python'
[0.364s] DEBUG:colcon.colcon_core.package_identification:Package 'src/ros_maestro' with type 'cmake' and name 'ros_maestro'
[0.364s] Level 1:colcon.colcon_core.package_discovery:discover_packages(recursive) using defaults
[0.364s] Level 1:colcon.colcon_core.package_discovery:discover_packages(ignore) discover
[0.364s] Level 1:colcon.colcon_core.package_discovery:discover_packages(ignore) using defaults
[0.364s] Level 1:colcon.colcon_core.package_discovery:discover_packages(path) discover
[0.364s] Level 1:colcon.colcon_core.package_discovery:discover_packages(path) using defaults
[0.387s] Level 1:colcon.colcon_core.package_discovery:discover_packages(prefix_path) check parameters
[0.387s] Level 1:colcon.colcon_core.package_discovery:discover_packages(prefix_path) discover
[0.390s] DEBUG:colcon.colcon_installed_package_information.package_discovery:Found 2 installed packages in /home/maxime/ros2_ws/install
[0.391s] DEBUG:colcon.colcon_installed_package_information.package_discovery:Found 280 installed packages in /opt/ros/humble
[0.402s] Level 1:colcon.colcon_core.package_discovery:discover_packages(prefix_path) using defaults
[0.434s] Level 5:colcon.colcon_core.verb:set package 'maestro_node' build argument 'cmake_args' from command line to 'None'
[0.434s] Level 5:colcon.colcon_core.verb:set package 'maestro_node' build argument 'cmake_target' from command line to 'None'
[0.434s] Level 5:colcon.colcon_core.verb:set package 'maestro_node' build argument 'cmake_target_skip_unavailable' from command line to 'False'
[0.434s] Level 5:colcon.colcon_core.verb:set package 'maestro_node' build argument 'cmake_clean_cache' from command line to 'False'
[0.434s] Level 5:colcon.colcon_core.verb:set package 'maestro_node' build argument 'cmake_clean_first' from command line to 'False'
[0.434s] Level 5:colcon.colcon_core.verb:set package 'maestro_node' build argument 'cmake_force_configure' from command line to 'False'
[0.434s] Level 5:colcon.colcon_core.verb:set package 'maestro_node' build argument 'ament_cmake_args' from command line to 'None'
[0.434s] Level 5:colcon.colcon_core.verb:set package 'maestro_node' build argument 'catkin_cmake_args' from command line to 'None'
[0.434s] Level 5:colcon.colcon_core.verb:set package 'maestro_node' build argument 'catkin_skip_building_tests' from command line to 'False'
[0.434s] DEBUG:colcon.colcon_core.verb:Building package 'maestro_node' with the following arguments: {'ament_cmake_args': None, 'build_base': '/home/maxime/ros2_ws/build/maestro_node', 'catkin_cmake_args': None, 'catkin_skip_building_tests': False, 'cmake_args': None, 'cmake_clean_cache': False, 'cmake_clean_first': False, 'cmake_force_configure': False, 'cmake_target': None, 'cmake_target_skip_unavailable': False, 'install_base': '/home/maxime/ros2_ws/install/maestro_node', 'merge_install': False, 'path': '/home/maxime/ros2_ws/src/maestro_node', 'symlink_install': False, 'test_result_base': None}
[0.434s] Level 5:colcon.colcon_core.verb:set package 'ros_maestro' build argument 'cmake_args' from command line to 'None'
[0.434s] Level 5:colcon.colcon_core.verb:set package 'ros_maestro' build argument 'cmake_target' from command line to 'None'
[0.434s] Level 5:colcon.colcon_core.verb:set package 'ros_maestro' build argument 'cmake_target_skip_unavailable' from command line to 'False'
[0.434s] Level 5:colcon.colcon_core.verb:set package 'ros_maestro' build argument 'cmake_clean_cache' from command line to 'False'
[0.434s] Level 5:colcon.colcon_core.verb:set package 'ros_maestro' build argument 'cmake_clean_first' from command line to 'False'
[0.434s] Level 5:colcon.colcon_core.verb:set package 'ros_maestro' build argument 'cmake_force_configure' from command line to 'False'
[0.434s] Level 5:colcon.colcon_core.verb:set package 'ros_maestro' build argument 'ament_cmake_args' from command line to 'None'
[0.434s] Level 5:colcon.colcon_core.verb:set package 'ros_maestro' build argument 'catkin_cmake_args' from command line to 'None'
[0.434s] Level 5:colcon.colcon_core.verb:set package 'ros_maestro' build argument 'catkin_skip_building_tests' from command line to 'False'
[0.434s] DEBUG:colcon.colcon_core.verb:Building package 'ros_maestro' with the following arguments: {'ament_cmake_args': None, 'build_base': '/home/maxime/ros2_ws/build/ros_maestro', 'catkin_cmake_args': None, 'catkin_skip_building_tests': False, 'cmake_args': None, 'cmake_clean_cache': False, 'cmake_clean_first': False, 'cmake_force_configure': False, 'cmake_target': None, 'cmake_target_skip_unavailable': False, 'install_base': '/home/maxime/ros2_ws/install/ros_maestro', 'merge_install': False, 'path': '/home/maxime/ros2_ws/src/ros_maestro', 'symlink_install': False, 'test_result_base': None}
[0.434s] INFO:colcon.colcon_core.executor:Executing jobs using 'parallel' executor
[0.435s] DEBUG:colcon.colcon_parallel_executor.executor.parallel:run_until_complete
[0.436s] INFO:colcon.colcon_ros.task.catkin.build:Building ROS package in '/home/maxime/ros2_ws/src/maestro_node' with build type 'catkin'
[0.436s] INFO:colcon.colcon_cmake.task.cmake.build:Building CMake package in '/home/maxime/ros2_ws/src/maestro_node'
[0.439s] INFO:colcon.colcon_core.plugin_system:Skipping extension 'colcon_core.shell.bat': Not used on non-Windows systems
[0.439s] INFO:colcon.colcon_core.shell:Skip shell extension 'powershell' for command environment: Not usable outside of PowerShell
[0.439s] DEBUG:colcon.colcon_core.shell:Skip shell extension 'dsv' for command environment
[0.443s] INFO:colcon.colcon_cmake.task.cmake.build:Building CMake package in '/home/maxime/ros2_ws/src/ros_maestro'
[0.444s] INFO:colcon.colcon_core.shell:Skip shell extension 'powershell' for command environment: Not usable outside of PowerShell
[0.444s] DEBUG:colcon.colcon_core.shell:Skip shell extension 'dsv' for command environment
[0.451s] DEBUG:colcon.colcon_core.event_handler.log_command:Invoking command in '/home/maxime/ros2_ws/build/maestro_node': /usr/bin/cmake --build /home/maxime/ros2_ws/build/maestro_node -- -j16 -l16
[0.458s] DEBUG:colcon.colcon_core.event_handler.log_command:Invoking command in '/home/maxime/ros2_ws/build/ros_maestro': /usr/bin/cmake /home/maxime/ros2_ws/src/ros_maestro -DCMAKE_INSTALL_PREFIX=/home/maxime/ros2_ws/install/ros_maestro
[0.615s] DEBUG:colcon.colcon_core.event_handler.log_command:Invoked command in '/home/maxime/ros2_ws/build/maestro_node' returned '0': /usr/bin/cmake --build /home/maxime/ros2_ws/build/maestro_node -- -j16 -l16
[0.732s] DEBUG:colcon.colcon_core.event_handler.log_command:Invoking command in '/home/maxime/ros2_ws/build/maestro_node': /usr/bin/cmake --install /home/maxime/ros2_ws/build/maestro_node
[0.746s] DEBUG:colcon.colcon_core.event_handler.log_command:Invoked command in '/home/maxime/ros2_ws/build/maestro_node' returned '0': /usr/bin/cmake --install /home/maxime/ros2_ws/build/maestro_node
[0.800s] Level 1:colcon.colcon_core.shell:create_environment_hook('maestro_node', 'ros_package_path')
[0.801s] INFO:colcon.colcon_core.shell:Creating environment hook '/home/maxime/ros2_ws/install/maestro_node/share/maestro_node/hook/ros_package_path.ps1'
[0.802s] INFO:colcon.colcon_core.shell:Creating environment descriptor '/home/maxime/ros2_ws/install/maestro_node/share/maestro_node/hook/ros_package_path.dsv'
[0.802s] INFO:colcon.colcon_core.shell:Creating environment hook '/home/maxime/ros2_ws/install/maestro_node/share/maestro_node/hook/ros_package_path.sh'
[0.803s] Level 1:colcon.colcon_core.shell:create_environment_hook('maestro_node', 'pkg_config_path')
[0.803s] INFO:colcon.colcon_core.shell:Creating environment hook '/home/maxime/ros2_ws/install/maestro_node/share/maestro_node/hook/pkg_config_path.ps1'
[0.804s] INFO:colcon.colcon_core.shell:Creating environment descriptor '/home/maxime/ros2_ws/install/maestro_node/share/maestro_node/hook/pkg_config_path.dsv'
[0.804s] INFO:colcon.colcon_core.shell:Creating environment hook '/home/maxime/ros2_ws/install/maestro_node/share/maestro_node/hook/pkg_config_path.sh'
[0.807s] Level 1:colcon.colcon_core.shell:create_environment_hook('maestro_node', 'pkg_config_path_multiarch')
[0.807s] INFO:colcon.colcon_core.shell:Creating environment hook '/home/maxime/ros2_ws/install/maestro_node/share/maestro_node/hook/pkg_config_path_multiarch.ps1'
[0.808s] INFO:colcon.colcon_core.shell:Creating environment descriptor '/home/maxime/ros2_ws/install/maestro_node/share/maestro_node/hook/pkg_config_path_multiarch.dsv'
[0.808s] INFO:colcon.colcon_core.shell:Creating environment hook '/home/maxime/ros2_ws/install/maestro_node/share/maestro_node/hook/pkg_config_path_multiarch.sh'
[0.809s] Level 1:colcon.colcon_core.environment:create_environment_scripts_only(maestro_node)
[0.813s] Level 1:colcon.colcon_core.environment:checking '/home/maxime/ros2_ws/install/maestro_node' for CMake module files
[0.814s] Level 1:colcon.colcon_core.environment:checking '/home/maxime/ros2_ws/install/maestro_node' for CMake config files
[0.814s] Level 1:colcon.colcon_core.shell:create_environment_hook('maestro_node', 'cmake_prefix_path')
[0.814s] INFO:colcon.colcon_core.shell:Creating environment hook '/home/maxime/ros2_ws/install/maestro_node/share/maestro_node/hook/cmake_prefix_path.ps1'
[0.815s] INFO:colcon.colcon_core.shell:Creating environment descriptor '/home/maxime/ros2_ws/install/maestro_node/share/maestro_node/hook/cmake_prefix_path.dsv'
[0.815s] INFO:colcon.colcon_core.shell:Creating environment hook '/home/maxime/ros2_ws/install/maestro_node/share/maestro_node/hook/cmake_prefix_path.sh'
[0.816s] Level 1:colcon.colcon_core.environment:checking '/home/maxime/ros2_ws/install/maestro_node/lib'
[0.816s] Level 1:colcon.colcon_core.environment:checking '/home/maxime/ros2_ws/install/maestro_node/bin'
[0.816s] Level 1:colcon.colcon_core.environment:checking '/home/maxime/ros2_ws/install/maestro_node/lib/pkgconfig/maestro_node.pc'
[0.816s] Level 1:colcon.colcon_core.environment:checking '/home/maxime/ros2_ws/install/maestro_node/lib/python3.10/site-packages'
[0.816s] Level 1:colcon.colcon_core.environment:checking '/home/maxime/ros2_ws/install/maestro_node/bin'
[0.817s] INFO:colcon.colcon_core.shell:Creating package script '/home/maxime/ros2_ws/install/maestro_node/share/maestro_node/package.ps1'
[0.817s] INFO:colcon.colcon_core.shell:Creating package descriptor '/home/maxime/ros2_ws/install/maestro_node/share/maestro_node/package.dsv'
[0.818s] INFO:colcon.colcon_core.shell:Creating package script '/home/maxime/ros2_ws/install/maestro_node/share/maestro_node/package.sh'
[0.819s] INFO:colcon.colcon_core.shell:Creating package script '/home/maxime/ros2_ws/install/maestro_node/share/maestro_node/package.bash'
[0.820s] INFO:colcon.colcon_core.shell:Creating package script '/home/maxime/ros2_ws/install/maestro_node/share/maestro_node/package.zsh'
[0.820s] Level 1:colcon.colcon_core.environment:create_file_with_runtime_dependencies(/home/maxime/ros2_ws/install/maestro_node/share/colcon-core/packages/maestro_node)
[1.559s] DEBUG:colcon.colcon_core.event_handler.log_command:Invoked command in '/home/maxime/ros2_ws/build/ros_maestro' returned '1': /usr/bin/cmake /home/maxime/ros2_ws/src/ros_maestro -DCMAKE_INSTALL_PREFIX=/home/maxime/ros2_ws/install/ros_maestro
[1.560s] DEBUG:colcon.colcon_parallel_executor.executor.parallel:closing loop
[1.560s] DEBUG:colcon.colcon_parallel_executor.executor.parallel:loop closed
[1.560s] DEBUG:colcon.colcon_parallel_executor.executor.parallel:run_until_complete finished with '1'
[1.560s] DEBUG:colcon.colcon_core.event_reactor:joining thread
[1.565s] INFO:colcon.colcon_core.plugin_system:Skipping extension 'colcon_notification.desktop_notification.terminal_notifier': Not used on non-Darwin systems
[1.565s] INFO:colcon.colcon_core.plugin_system:Skipping extension 'colcon_notification.desktop_notification.win32': Not used on non-Windows systems
[1.565s] INFO:colcon.colcon_notification.desktop_notification:Sending desktop notification using 'notify2'
[1.584s] DEBUG:colcon.colcon_core.event_reactor:joined thread
[1.584s] INFO:colcon.colcon_core.shell:Creating prefix script '/home/maxime/ros2_ws/install/local_setup.ps1'
[1.586s] INFO:colcon.colcon_core.shell:Creating prefix util module '/home/maxime/ros2_ws/install/_local_setup_util_ps1.py'
[1.587s] INFO:colcon.colcon_core.shell:Creating prefix chain script '/home/maxime/ros2_ws/install/setup.ps1'
[1.588s] INFO:colcon.colcon_core.shell:Creating prefix script '/home/maxime/ros2_ws/install/local_setup.sh'
[1.588s] INFO:colcon.colcon_core.shell:Creating prefix util module '/home/maxime/ros2_ws/install/_local_setup_util_sh.py'
[1.588s] INFO:colcon.colcon_core.shell:Creating prefix chain script '/home/maxime/ros2_ws/install/setup.sh'
[1.589s] INFO:colcon.colcon_core.shell:Creating prefix script '/home/maxime/ros2_ws/install/local_setup.bash'
[1.590s] INFO:colcon.colcon_core.shell:Creating prefix chain script '/home/maxime/ros2_ws/install/setup.bash'
[1.590s] INFO:colcon.colcon_core.shell:Creating prefix script '/home/maxime/ros2_ws/install/local_setup.zsh'
[1.591s] INFO:colcon.colcon_core.shell:Creating prefix chain script '/home/maxime/ros2_ws/install/setup.zsh'
