[100%] Built target maestro_node
-- Install configuration: ""
-- Up-to-date: /home/maxime/ros2_ws/install/maestro_node/lib/maestro_node/maestro_node
-- Up-to-date: /home/maxime/ros2_ws/install/maestro_node/include/
-- Up-to-date: /home/maxime/ros2_ws/install/maestro_node/include//ros_maestro
-- Up-to-date: /home/maxime/ros2_ws/install/maestro_node/include//PololuController.h
-- Up-to-date: /home/maxime/ros2_ws/install/maestro_node/include//ROSMaestroController.h
-- Up-to-date: /home/maxime/ros2_ws/install/maestro_node/include//TimeoutSerial.h
-- Up-to-date: /home/maxime/ros2_ws/install/maestro_node/share/maestro_node/launch
-- Up-to-date: /home/maxime/ros2_ws/install/maestro_node/share/maestro_node/launch/gui_control_launch.py
-- Up-to-date: /home/maxime/ros2_ws/install/maestro_node/share/maestro_node/launch/maestro_launch.py
-- Up-to-date: /home/maxime/ros2_ws/install/maestro_node/share/ament_index/resource_index/package_run_dependencies/maestro_node
-- Up-to-date: /home/maxime/ros2_ws/install/maestro_node/share/ament_index/resource_index/parent_prefix_path/maestro_node
-- Up-to-date: /home/maxime/ros2_ws/install/maestro_node/share/maestro_node/environment/ament_prefix_path.sh
-- Up-to-date: /home/maxime/ros2_ws/install/maestro_node/share/maestro_node/environment/ament_prefix_path.dsv
-- Up-to-date: /home/maxime/ros2_ws/install/maestro_node/share/maestro_node/environment/path.sh
-- Up-to-date: /home/maxime/ros2_ws/install/maestro_node/share/maestro_node/environment/path.dsv
-- Up-to-date: /home/maxime/ros2_ws/install/maestro_node/share/maestro_node/local_setup.bash
-- Up-to-date: /home/maxime/ros2_ws/install/maestro_node/share/maestro_node/local_setup.sh
-- Up-to-date: /home/maxime/ros2_ws/install/maestro_node/share/maestro_node/local_setup.zsh
-- Up-to-date: /home/maxime/ros2_ws/install/maestro_node/share/maestro_node/local_setup.dsv
-- Installing: /home/maxime/ros2_ws/install/maestro_node/share/maestro_node/package.dsv
-- Up-to-date: /home/maxime/ros2_ws/install/maestro_node/share/ament_index/resource_index/packages/maestro_node
-- Up-to-date: /home/maxime/ros2_ws/install/maestro_node/share/maestro_node/cmake/maestro_nodeConfig.cmake
-- Up-to-date: /home/maxime/ros2_ws/install/maestro_node/share/maestro_node/cmake/maestro_nodeConfig-version.cmake
-- Up-to-date: /home/maxime/ros2_ws/install/maestro_node/share/maestro_node/package.xml
