[35m[1mConsolidate compiler generated dependencies of target maestro_node[0m
[ 20%] [32mBuilding CXX object CMakeFiles/maestro_node.dir/src/maestro_node.cpp.o[0m
[ 40%] [32m[1mLinking CXX executable maestro_node[0m
[100%] Built target maestro_node
-- Install configuration: ""
-- Installing: /home/maxime/ros2_ws/install/maestro_node/lib/maestro_node/maestro_node
-- Set runtime path of "/home/maxime/ros2_ws/install/maestro_node/lib/maestro_node/maestro_node" to ""
-- Installing: /home/maxime/ros2_ws/install/maestro_node/include/
-- Installing: /home/maxime/ros2_ws/install/maestro_node/include//ros_maestro
-- Installing: /home/maxime/ros2_ws/install/maestro_node/include//PololuController.h
-- Installing: /home/maxime/ros2_ws/install/maestro_node/include//ROSMaestroController.h
-- Installing: /home/maxime/ros2_ws/install/maestro_node/include//TimeoutSerial.h
-- Installing: /home/maxime/ros2_ws/install/maestro_node/share/maestro_node/launch
-- Installing: /home/maxime/ros2_ws/install/maestro_node/share/maestro_node/launch/gui_control_launch.py
-- Installing: /home/maxime/ros2_ws/install/maestro_node/share/maestro_node/launch/maestro_launch.py
-- Installing: /home/maxime/ros2_ws/install/maestro_node/share/ament_index/resource_index/package_run_dependencies/maestro_node
-- Installing: /home/maxime/ros2_ws/install/maestro_node/share/ament_index/resource_index/parent_prefix_path/maestro_node
-- Installing: /home/maxime/ros2_ws/install/maestro_node/share/maestro_node/environment/ament_prefix_path.sh
-- Installing: /home/maxime/ros2_ws/install/maestro_node/share/maestro_node/environment/ament_prefix_path.dsv
-- Installing: /home/maxime/ros2_ws/install/maestro_node/share/maestro_node/environment/path.sh
-- Installing: /home/maxime/ros2_ws/install/maestro_node/share/maestro_node/environment/path.dsv
-- Installing: /home/maxime/ros2_ws/install/maestro_node/share/maestro_node/local_setup.bash
-- Installing: /home/maxime/ros2_ws/install/maestro_node/share/maestro_node/local_setup.sh
-- Installing: /home/maxime/ros2_ws/install/maestro_node/share/maestro_node/local_setup.zsh
-- Installing: /home/maxime/ros2_ws/install/maestro_node/share/maestro_node/local_setup.dsv
-- Installing: /home/maxime/ros2_ws/install/maestro_node/share/maestro_node/package.dsv
-- Installing: /home/maxime/ros2_ws/install/maestro_node/share/ament_index/resource_index/packages/maestro_node
-- Installing: /home/maxime/ros2_ws/install/maestro_node/share/maestro_node/cmake/maestro_nodeConfig.cmake
-- Installing: /home/maxime/ros2_ws/install/maestro_node/share/maestro_node/cmake/maestro_nodeConfig-version.cmake
-- Installing: /home/maxime/ros2_ws/install/maestro_node/share/maestro_node/package.xml
