[0.013s] Invoking command in '/home/maxime/ros2_ws/build/maestro_node': /usr/bin/cmake --build /home/maxime/ros2_ws/build/maestro_node -- -j16 -l16
[0.070s] [35m[1mConsolidate compiler generated dependencies of target maestro_node[0m
[0.109s] [ 20%] [32mBuilding CXX object CMakeFiles/maestro_node.dir/src/maestro_node.cpp.o[0m
[3.391s] [ 40%] [32m[1mLinking CXX executable maestro_node[0m
[3.746s] [100%] Built target maestro_node
[3.756s] Invoked command in '/home/maxime/ros2_ws/build/maestro_node' returned '0': /usr/bin/cmake --build /home/maxime/ros2_ws/build/maestro_node -- -j16 -l16
[3.837s] Invoking command in '/home/maxime/ros2_ws/build/maestro_node': /usr/bin/cmake --install /home/maxime/ros2_ws/build/maestro_node
[3.842s] -- Install configuration: ""
[3.842s] -- Installing: /home/maxime/ros2_ws/install/maestro_node/lib/maestro_node/maestro_node
[3.846s] -- Set runtime path of "/home/maxime/ros2_ws/install/maestro_node/lib/maestro_node/maestro_node" to ""
[3.846s] -- Installing: /home/maxime/ros2_ws/install/maestro_node/include/
[3.846s] -- Installing: /home/maxime/ros2_ws/install/maestro_node/include//ros_maestro
[3.846s] -- Installing: /home/maxime/ros2_ws/install/maestro_node/include//PololuController.h
[3.846s] -- Installing: /home/maxime/ros2_ws/install/maestro_node/include//ROSMaestroController.h
[3.846s] -- Installing: /home/maxime/ros2_ws/install/maestro_node/include//TimeoutSerial.h
[3.846s] -- Installing: /home/maxime/ros2_ws/install/maestro_node/share/maestro_node/launch
[3.846s] -- Installing: /home/maxime/ros2_ws/install/maestro_node/share/maestro_node/launch/gui_control_launch.py
[3.846s] -- Installing: /home/maxime/ros2_ws/install/maestro_node/share/maestro_node/launch/maestro_launch.py
[3.847s] -- Installing: /home/maxime/ros2_ws/install/maestro_node/share/ament_index/resource_index/package_run_dependencies/maestro_node
[3.847s] -- Installing: /home/maxime/ros2_ws/install/maestro_node/share/ament_index/resource_index/parent_prefix_path/maestro_node
[3.847s] -- Installing: /home/maxime/ros2_ws/install/maestro_node/share/maestro_node/environment/ament_prefix_path.sh
[3.847s] -- Installing: /home/maxime/ros2_ws/install/maestro_node/share/maestro_node/environment/ament_prefix_path.dsv
[3.847s] -- Installing: /home/maxime/ros2_ws/install/maestro_node/share/maestro_node/environment/path.sh
[3.847s] -- Installing: /home/maxime/ros2_ws/install/maestro_node/share/maestro_node/environment/path.dsv
[3.847s] -- Installing: /home/maxime/ros2_ws/install/maestro_node/share/maestro_node/local_setup.bash
[3.848s] -- Installing: /home/maxime/ros2_ws/install/maestro_node/share/maestro_node/local_setup.sh
[3.848s] -- Installing: /home/maxime/ros2_ws/install/maestro_node/share/maestro_node/local_setup.zsh
[3.848s] -- Installing: /home/maxime/ros2_ws/install/maestro_node/share/maestro_node/local_setup.dsv
[3.848s] -- Installing: /home/maxime/ros2_ws/install/maestro_node/share/maestro_node/package.dsv
[3.848s] -- Installing: /home/maxime/ros2_ws/install/maestro_node/share/ament_index/resource_index/packages/maestro_node
[3.848s] -- Installing: /home/maxime/ros2_ws/install/maestro_node/share/maestro_node/cmake/maestro_nodeConfig.cmake
[3.848s] -- Installing: /home/maxime/ros2_ws/install/maestro_node/share/maestro_node/cmake/maestro_nodeConfig-version.cmake
[3.848s] -- Installing: /home/maxime/ros2_ws/install/maestro_node/share/maestro_node/package.xml
[3.850s] Invoked command in '/home/maxime/ros2_ws/build/maestro_node' returned '0': /usr/bin/cmake --install /home/maxime/ros2_ws/build/maestro_node
