-- Found ament_cmake: 1.3.10 (/opt/ros/humble/share/ament_cmake/cmake)
-- Found rclcpp: 16.0.10 (/opt/ros/humble/share/rclcpp/cmake)
-- Found rosidl_generator_c: 3.1.5 (/opt/ros/humble/share/rosidl_generator_c/cmake)
-- Found rosidl_adapter: 3.1.5 (/opt/ros/humble/share/rosidl_adapter/cmake)
-- Found rosidl_generator_cpp: 3.1.5 (/opt/ros/humble/share/rosidl_generator_cpp/cmake)
-- Using all available rosidl_typesupport_c: rosidl_typesupport_fastrtps_c;rosidl_typesupport_introspection_c
-- Using all available rosidl_typesupport_cpp: rosidl_typesupport_fastrtps_cpp;rosidl_typesupport_introspection_cpp
-- Found rmw_implementation_cmake: 6.1.2 (/opt/ros/humble/share/rmw_implementation_cmake/cmake)
-- Found rmw_fastrtps_cpp: 6.2.7 (/opt/ros/humble/share/rmw_fastrtps_cpp/cmake)
-- Using RMW implementation 'rmw_fastrtps_cpp' as default
-- Found tf2: 0.25.8 (/opt/ros/humble/share/tf2/cmake)
-- Found tf2_ros: 0.25.8 (/opt/ros/humble/share/tf2_ros/cmake)
-- Configuring done
-- Generating done
-- Build files have been written to: /home/maxime/ros2_ws/build/maestro_node
[ 80%] [32mBuilding CXX object CMakeFiles/maestro_node.dir/src/PololuController.cpp.o[0m
[ 60%] [32mBuilding CXX object CMakeFiles/maestro_node.dir/src/maestro_node.cpp.o[0m
[ 80%] [32mBuilding CXX object CMakeFiles/maestro_node.dir/src/TimeoutSerial.cpp.o[0m
[ 80%] [32mBuilding CXX object CMakeFiles/maestro_node.dir/src/ROSMaestroController.cpp.o[0m
In file included from [01m[K/home/maxime/ros2_ws/src/maestro_node/src/ROSMaestroController.cpp:1[m[K:
[01m[K/home/maxime/ros2_ws/src/maestro_node/include/ROSMaestroController.h:5:10:[m[K [01;31m[Kfatal error: [m[Ksensor_msgs/msg/joint_state.hpp: No such file or directory
    5 | #include [01;31m[K<sensor_msgs/msg/joint_state.hpp>[m[K
      |          [01;31m[K^~~~~~~~~~~~~~~~~~~~~~~~~~~~~~~~~[m[K
compilation terminated.
gmake[2]: *** [CMakeFiles/maestro_node.dir/build.make:104: CMakeFiles/maestro_node.dir/src/ROSMaestroController.cpp.o] Error 1
gmake[2]: *** Waiting for unfinished jobs....
In file included from [01m[K/home/maxime/ros2_ws/src/maestro_node/src/maestro_node.cpp:5[m[K:
[01m[K/home/maxime/ros2_ws/src/maestro_node/include/ROSMaestroController.h:5:10:[m[K [01;31m[Kfatal error: [m[Ksensor_msgs/msg/joint_state.hpp: No such file or directory
    5 | #include [01;31m[K<sensor_msgs/msg/joint_state.hpp>[m[K
      |          [01;31m[K^~~~~~~~~~~~~~~~~~~~~~~~~~~~~~~~~[m[K
compilation terminated.
gmake[2]: *** [CMakeFiles/maestro_node.dir/build.make:118: CMakeFiles/maestro_node.dir/src/maestro_node.cpp.o] Error 1
In file included from [01m[K/usr/include/boost/smart_ptr/detail/sp_thread_sleep.hpp:22[m[K,
                 from [01m[K/usr/include/boost/smart_ptr/detail/yield_k.hpp:23[m[K,
                 from [01m[K/usr/include/boost/smart_ptr/detail/spinlock_gcc_atomic.hpp:14[m[K,
                 from [01m[K/usr/include/boost/smart_ptr/detail/spinlock.hpp:42[m[K,
                 from [01m[K/usr/include/boost/smart_ptr/detail/spinlock_pool.hpp:25[m[K,
                 from [01m[K/usr/include/boost/smart_ptr/shared_ptr.hpp:29[m[K,
                 from [01m[K/usr/include/boost/shared_ptr.hpp:17[m[K,
                 from [01m[K/usr/include/boost/date_time/time_clock.hpp:17[m[K,
                 from [01m[K/usr/include/boost/date_time/posix_time/posix_time_types.hpp:10[m[K,
                 from [01m[K/usr/include/boost/asio/time_traits.hpp:23[m[K,
                 from [01m[K/usr/include/boost/asio/detail/timer_queue_ptime.hpp:22[m[K,
                 from [01m[K/usr/include/boost/asio/detail/deadline_timer_service.hpp:29[m[K,
                 from [01m[K/usr/include/boost/asio/basic_deadline_timer.hpp:25[m[K,
                 from [01m[K/usr/include/boost/asio.hpp:25[m[K,
                 from [01m[K/home/maxime/ros2_ws/src/maestro_node/include/TimeoutSerial.h:14[m[K,
                 from [01m[K/home/maxime/ros2_ws/src/maestro_node/src/TimeoutSerial.cpp:20[m[K:
[01m[K/usr/include/boost/bind.hpp:36:1:[m[K [01;36m[Knote: [m[K‘[01m[K#pragma message: The practice of declaring the Bind placeholders (_1, _2, ...) in the global namespace is deprecated. Please use <boost/bind/bind.hpp> + using namespace boost::placeholders, or define BOOST_BIND_GLOBAL_PLACEHOLDERS to retain the current behavior.[m[K’
   36 | [01;36m[KBOOST_PRAGMA_MESSAGE[m[K(
      | [01;36m[K^~~~~~~~~~~~~~~~~~~~[m[K
[01m[K/home/maxime/ros2_ws/src/maestro_node/src/PololuController.cpp:[m[K In member function ‘[01m[Kvoid PololuController::maestroSetTarget(int, double)[m[K’:
[01m[K/home/maxime/ros2_ws/src/maestro_node/src/PololuController.cpp:38:5:[m[K [01;31m[Kerror: [m[Kreference to ‘[01m[Klock_guard[m[K’ is ambiguous
   38 |     [01;31m[Klock_guard[m[K<mutex> l(pololuMutex);
      |     [01;31m[K^~~~~~~~~~[m[K
In file included from [01m[K/usr/include/boost/thread/pthread/thread_data.hpp:11[m[K,
                 from [01m[K/usr/include/boost/thread/thread_only.hpp:17[m[K,
                 from [01m[K/usr/include/boost/thread/thread.hpp:12[m[K,
                 from [01m[K/usr/include/boost/thread.hpp:13[m[K,
                 from [01m[K/home/maxime/ros2_ws/src/maestro_node/include/PololuController.h:14[m[K,
                 from [01m[K/home/maxime/ros2_ws/src/maestro_node/src/PololuController.cpp:8[m[K:
[01m[K/usr/include/boost/thread/lock_guard.hpp:26:40:[m[K [01;36m[Knote: [m[Kcandidates are: ‘[01m[Ktemplate<class Mutex> class boost::lock_guard[m[K’
   26 |   class BOOST_THREAD_SCOPED_CAPABILITY [01;36m[Klock_guard[m[K
      |                                        [01;36m[K^~~~~~~~~~[m[K
In file included from [01m[K/usr/include/c++/11/mutex:43[m[K,
                 from [01m[K/usr/include/boost/system/detail/std_interoperability.hpp:13[m[K,
                 from [01m[K/usr/include/boost/system/error_code.hpp:963[m[K,
                 from [01m[K/usr/include/boost/asio/detail/throw_error.hpp:19[m[K,
                 from [01m[K/usr/include/boost/asio/detail/impl/posix_event.ipp:23[m[K,
                 from [01m[K/usr/include/boost/asio/detail/posix_event.hpp:172[m[K,
                 from [01m[K/usr/include/boost/asio/detail/event.hpp:25[m[K,
                 from [01m[K/usr/include/boost/asio/execution/blocking_adaptation.hpp:19[m[K,
                 from [01m[K/usr/include/boost/asio/execution.hpp:22[m[K,
                 from [01m[K/usr/include/boost/asio/system_executor.hpp:20[m[K,
                 from [01m[K/usr/include/boost/asio/associated_executor.hpp:22[m[K,
                 from [01m[K/usr/include/boost/asio.hpp:21[m[K,
                 from [01m[K/home/maxime/ros2_ws/src/maestro_node/include/TimeoutSerial.h:14[m[K,
                 from [01m[K/home/maxime/ros2_ws/src/maestro_node/include/PololuController.h:11[m[K,
                 from [01m[K/home/maxime/ros2_ws/src/maestro_node/src/PololuController.cpp:8[m[K:
[01m[K/usr/include/c++/11/bits/std_mutex.h:223:11:[m[K [01;36m[Knote: [m[K                ‘[01m[Ktemplate<class _Mutex> class std::lock_guard[m[K’
  223 |     class [01;36m[Klock_guard[m[K
      |           [01;36m[K^~~~~~~~~~[m[K
[01m[K/home/maxime/ros2_ws/src/maestro_node/src/PololuController.cpp:38:16:[m[K [01;31m[Kerror: [m[Kreference to ‘[01m[Kmutex[m[K’ is ambiguous
   38 |     lock_guard<[01;31m[Kmutex[m[K> l(pololuMutex);
      |                [01;31m[K^~~~~[m[K
In file included from [01m[K/usr/include/boost/thread/mutex.hpp:16[m[K,
                 from [01m[K/usr/include/boost/thread/pthread/thread_data.hpp:13[m[K,
                 from [01m[K/usr/include/boost/thread/thread_only.hpp:17[m[K,
                 from [01m[K/usr/include/boost/thread/thread.hpp:12[m[K,
                 from [01m[K/usr/include/boost/thread.hpp:13[m[K,
                 from [01m[K/home/maxime/ros2_ws/src/maestro_node/include/PololuController.h:14[m[K,
                 from [01m[K/home/maxime/ros2_ws/src/maestro_node/src/PololuController.cpp:8[m[K:
[01m[K/usr/include/boost/thread/pthread/mutex.hpp:39:44:[m[K [01;36m[Knote: [m[Kcandidates are: ‘[01m[Kclass boost::mutex[m[K’
   39 |     class BOOST_THREAD_CAPABILITY("mutex") [01;36m[Kmutex[m[K
      |                                            [01;36m[K^~~~~[m[K
In file included from [01m[K/usr/include/c++/11/mutex:43[m[K,
                 from [01m[K/usr/include/boost/system/detail/std_interoperability.hpp:13[m[K,
                 from [01m[K/usr/include/boost/system/error_code.hpp:963[m[K,
                 from [01m[K/usr/include/boost/asio/detail/throw_error.hpp:19[m[K,
                 from [01m[K/usr/include/boost/asio/detail/impl/posix_event.ipp:23[m[K,
                 from [01m[K/usr/include/boost/asio/detail/posix_event.hpp:172[m[K,
                 from [01m[K/usr/include/boost/asio/detail/event.hpp:25[m[K,
                 from [01m[K/usr/include/boost/asio/execution/blocking_adaptation.hpp:19[m[K,
                 from [01m[K/usr/include/boost/asio/execution.hpp:22[m[K,
                 from [01m[K/usr/include/boost/asio/system_executor.hpp:20[m[K,
                 from [01m[K/usr/include/boost/asio/associated_executor.hpp:22[m[K,
                 from [01m[K/usr/include/boost/asio.hpp:21[m[K,
                 from [01m[K/home/maxime/ros2_ws/src/maestro_node/include/TimeoutSerial.h:14[m[K,
                 from [01m[K/home/maxime/ros2_ws/src/maestro_node/include/PololuController.h:11[m[K,
                 from [01m[K/home/maxime/ros2_ws/src/maestro_node/src/PololuController.cpp:8[m[K:
[01m[K/usr/include/c++/11/bits/std_mutex.h:83:9:[m[K [01;36m[Knote: [m[K                ‘[01m[Kclass std::mutex[m[K’
   83 |   class [01;36m[Kmutex[m[K : private __mutex_base
      |         [01;36m[K^~~~~[m[K
[01m[K/home/maxime/ros2_ws/src/maestro_node/src/PololuController.cpp:38:23:[m[K [01;31m[Kerror: [m[K‘[01m[Kl[m[K’ was not declared in this scope
   38 |     lock_guard<mutex> [01;31m[Kl[m[K(pololuMutex);
      |                       [01;31m[K^[m[K
[01m[K/home/maxime/ros2_ws/src/maestro_node/src/PololuController.cpp:[m[K In member function ‘[01m[Kdouble PololuController::maestroGetTarget(int)[m[K’:
[01m[K/home/maxime/ros2_ws/src/maestro_node/src/PololuController.cpp:50:5:[m[K [01;31m[Kerror: [m[Kreference to ‘[01m[Klock_guard[m[K’ is ambiguous
   50 |     [01;31m[Klock_guard[m[K<mutex> l(pololuMutex);
      |     [01;31m[K^~~~~~~~~~[m[K
In file included from [01m[K/usr/include/boost/thread/pthread/thread_data.hpp:11[m[K,
                 from [01m[K/usr/include/boost/thread/thread_only.hpp:17[m[K,
                 from [01m[K/usr/include/boost/thread/thread.hpp:12[m[K,
                 from [01m[K/usr/include/boost/thread.hpp:13[m[K,
                 from [01m[K/home/maxime/ros2_ws/src/maestro_node/include/PololuController.h:14[m[K,
                 from [01m[K/home/maxime/ros2_ws/src/maestro_node/src/PololuController.cpp:8[m[K:
[01m[K/usr/include/boost/thread/lock_guard.hpp:26:40:[m[K [01;36m[Knote: [m[Kcandidates are: ‘[01m[Ktemplate<class Mutex> class boost::lock_guard[m[K’
   26 |   class BOOST_THREAD_SCOPED_CAPABILITY [01;36m[Klock_guard[m[K
      |                                        [01;36m[K^~~~~~~~~~[m[K
In file included from [01m[K/usr/include/c++/11/mutex:43[m[K,
                 from [01m[K/usr/include/boost/system/detail/std_interoperability.hpp:13[m[K,
                 from [01m[K/usr/include/boost/system/error_code.hpp:963[m[K,
                 from [01m[K/usr/include/boost/asio/detail/throw_error.hpp:19[m[K,
                 from [01m[K/usr/include/boost/asio/detail/impl/posix_event.ipp:23[m[K,
                 from [01m[K/usr/include/boost/asio/detail/posix_event.hpp:172[m[K,
                 from [01m[K/usr/include/boost/asio/detail/event.hpp:25[m[K,
                 from [01m[K/usr/include/boost/asio/execution/blocking_adaptation.hpp:19[m[K,
                 from [01m[K/usr/include/boost/asio/execution.hpp:22[m[K,
                 from [01m[K/usr/include/boost/asio/system_executor.hpp:20[m[K,
                 from [01m[K/usr/include/boost/asio/associated_executor.hpp:22[m[K,
                 from [01m[K/usr/include/boost/asio.hpp:21[m[K,
                 from [01m[K/home/maxime/ros2_ws/src/maestro_node/include/TimeoutSerial.h:14[m[K,
                 from [01m[K/home/maxime/ros2_ws/src/maestro_node/include/PololuController.h:11[m[K,
                 from [01m[K/home/maxime/ros2_ws/src/maestro_node/src/PololuController.cpp:8[m[K:
[01m[K/usr/include/c++/11/bits/std_mutex.h:223:11:[m[K [01;36m[Knote: [m[K                ‘[01m[Ktemplate<class _Mutex> class std::lock_guard[m[K’
  223 |     class [01;36m[Klock_guard[m[K
      |           [01;36m[K^~~~~~~~~~[m[K
[01m[K/home/maxime/ros2_ws/src/maestro_node/src/PololuController.cpp:50:16:[m[K [01;31m[Kerror: [m[Kreference to ‘[01m[Kmutex[m[K’ is ambiguous
   50 |     lock_guard<[01;31m[Kmutex[m[K> l(pololuMutex);
      |                [01;31m[K^~~~~[m[K
In file included from [01m[K/usr/include/boost/thread/mutex.hpp:16[m[K,
                 from [01m[K/usr/include/boost/thread/pthread/thread_data.hpp:13[m[K,
                 from [01m[K/usr/include/boost/thread/thread_only.hpp:17[m[K,
                 from [01m[K/usr/include/boost/thread/thread.hpp:12[m[K,
                 from [01m[K/usr/include/boost/thread.hpp:13[m[K,
                 from [01m[K/home/maxime/ros2_ws/src/maestro_node/include/PololuController.h:14[m[K,
                 from [01m[K/home/maxime/ros2_ws/src/maestro_node/src/PololuController.cpp:8[m[K:
[01m[K/usr/include/boost/thread/pthread/mutex.hpp:39:44:[m[K [01;36m[Knote: [m[Kcandidates are: ‘[01m[Kclass boost::mutex[m[K’
   39 |     class BOOST_THREAD_CAPABILITY("mutex") [01;36m[Kmutex[m[K
      |                                            [01;36m[K^~~~~[m[K
In file included from [01m[K/usr/include/c++/11/mutex:43[m[K,
                 from [01m[K/usr/include/boost/system/detail/std_interoperability.hpp:13[m[K,
                 from [01m[K/usr/include/boost/system/error_code.hpp:963[m[K,
                 from [01m[K/usr/include/boost/asio/detail/throw_error.hpp:19[m[K,
                 from [01m[K/usr/include/boost/asio/detail/impl/posix_event.ipp:23[m[K,
                 from [01m[K/usr/include/boost/asio/detail/posix_event.hpp:172[m[K,
                 from [01m[K/usr/include/boost/asio/detail/event.hpp:25[m[K,
                 from [01m[K/usr/include/boost/asio/execution/blocking_adaptation.hpp:19[m[K,
                 from [01m[K/usr/include/boost/asio/execution.hpp:22[m[K,
                 from [01m[K/usr/include/boost/asio/system_executor.hpp:20[m[K,
                 from [01m[K/usr/include/boost/asio/associated_executor.hpp:22[m[K,
                 from [01m[K/usr/include/boost/asio.hpp:21[m[K,
                 from [01m[K/home/maxime/ros2_ws/src/maestro_node/include/TimeoutSerial.h:14[m[K,
                 from [01m[K/home/maxime/ros2_ws/src/maestro_node/include/PololuController.h:11[m[K,
                 from [01m[K/home/maxime/ros2_ws/src/maestro_node/src/PololuController.cpp:8[m[K:
[01m[K/usr/include/c++/11/bits/std_mutex.h:83:9:[m[K [01;36m[Knote: [m[K                ‘[01m[Kclass std::mutex[m[K’
   83 |   class [01;36m[Kmutex[m[K : private __mutex_base
      |         [01;36m[K^~~~~[m[K
[01m[K/home/maxime/ros2_ws/src/maestro_node/src/PololuController.cpp:50:23:[m[K [01;31m[Kerror: [m[K‘[01m[Kl[m[K’ was not declared in this scope
   50 |     lock_guard<mutex> [01;31m[Kl[m[K(pololuMutex);
      |                       [01;31m[K^[m[K
gmake[2]: *** [CMakeFiles/maestro_node.dir/build.make:90: CMakeFiles/maestro_node.dir/src/PololuController.cpp.o] Error 1
gmake[1]: *** [CMakeFiles/Makefile2:137: CMakeFiles/maestro_node.dir/all] Error 2
gmake: *** [Makefile:146: all] Error 2
