[0.011s] Invoking command in '/home/maxime/ros2_ws/build/my_example_package': CMAKE_PREFIX_PATH=${CMAKE_PREFIX_PATH}:/opt/ros/humble /usr/bin/cmake /home/maxime/ros2_ws/src/my_example_package -DCMAKE_INSTALL_PREFIX=/home/maxime/ros2_ws/install/my_example_package
[0.073s] -- The C compiler identification is GNU 11.4.0
[0.132s] -- The CXX compiler identification is GNU 11.4.0
[0.140s] -- Detecting C compiler ABI info
[0.221s] -- Detecting C compiler ABI info - done
[0.226s] -- Check for working C compiler: /usr/bin/cc - skipped
[0.227s] -- Detecting C compile features
[0.227s] -- Detecting C compile features - done
[0.231s] -- Detecting CXX compiler ABI info
[0.324s] -- Detecting CXX compiler ABI info - done
[0.330s] -- Check for working CXX compiler: /usr/bin/c++ - skipped
[0.330s] -- Detecting CXX compile features
[0.330s] -- Detecting CXX compile features - done
[0.334s] -- Found ament_cmake: 1.3.10 (/opt/ros/humble/share/ament_cmake/cmake)
[0.472s] -- Found Python3: /usr/bin/python3 (found version "3.10.12") found components: Interpreter 
[0.541s] -- Found ament_lint_auto: 0.12.11 (/opt/ros/humble/share/ament_lint_auto/cmake)
[0.589s] -- Added test 'lint_cmake' to check CMake code style
[0.589s] -- Added test 'xmllint' to check XML markup files
[0.590s] -- Configuring done
[0.593s] -- Generating done
[0.593s] -- Build files have been written to: /home/maxime/ros2_ws/build/my_example_package
[0.598s] Invoked command in '/home/maxime/ros2_ws/build/my_example_package' returned '0': CMAKE_PREFIX_PATH=${CMAKE_PREFIX_PATH}:/opt/ros/humble /usr/bin/cmake /home/maxime/ros2_ws/src/my_example_package -DCMAKE_INSTALL_PREFIX=/home/maxime/ros2_ws/install/my_example_package
[0.600s] Invoking command in '/home/maxime/ros2_ws/build/my_example_package': CMAKE_PREFIX_PATH=${CMAKE_PREFIX_PATH}:/opt/ros/humble /usr/bin/cmake --build /home/maxime/ros2_ws/build/my_example_package -- -j16 -l16
[0.638s] Invoked command in '/home/maxime/ros2_ws/build/my_example_package' returned '0': CMAKE_PREFIX_PATH=${CMAKE_PREFIX_PATH}:/opt/ros/humble /usr/bin/cmake --build /home/maxime/ros2_ws/build/my_example_package -- -j16 -l16
[0.675s] Invoking command in '/home/maxime/ros2_ws/build/my_example_package': CMAKE_PREFIX_PATH=${CMAKE_PREFIX_PATH}:/opt/ros/humble /usr/bin/cmake --install /home/maxime/ros2_ws/build/my_example_package
[0.681s] -- Install configuration: ""
[0.681s] -- Installing: /home/maxime/ros2_ws/install/my_example_package/share/ament_index/resource_index/package_run_dependencies/my_example_package
[0.681s] -- Installing: /home/maxime/ros2_ws/install/my_example_package/share/ament_index/resource_index/parent_prefix_path/my_example_package
[0.681s] -- Installing: /home/maxime/ros2_ws/install/my_example_package/share/my_example_package/environment/ament_prefix_path.sh
[0.682s] -- Installing: /home/maxime/ros2_ws/install/my_example_package/share/my_example_package/environment/ament_prefix_path.dsv
[0.682s] -- Installing: /home/maxime/ros2_ws/install/my_example_package/share/my_example_package/environment/path.sh
[0.682s] -- Installing: /home/maxime/ros2_ws/install/my_example_package/share/my_example_package/environment/path.dsv
[0.682s] -- Installing: /home/maxime/ros2_ws/install/my_example_package/share/my_example_package/local_setup.bash
[0.682s] -- Installing: /home/maxime/ros2_ws/install/my_example_package/share/my_example_package/local_setup.sh
[0.682s] -- Installing: /home/maxime/ros2_ws/install/my_example_package/share/my_example_package/local_setup.zsh
[0.682s] -- Installing: /home/maxime/ros2_ws/install/my_example_package/share/my_example_package/local_setup.dsv
[0.682s] -- Installing: /home/maxime/ros2_ws/install/my_example_package/share/my_example_package/package.dsv
[0.682s] -- Installing: /home/maxime/ros2_ws/install/my_example_package/share/ament_index/resource_index/packages/my_example_package
[0.683s] -- Installing: /home/maxime/ros2_ws/install/my_example_package/share/my_example_package/cmake/my_example_packageConfig.cmake
[0.683s] -- Installing: /home/maxime/ros2_ws/install/my_example_package/share/my_example_package/cmake/my_example_packageConfig-version.cmake
[0.683s] -- Installing: /home/maxime/ros2_ws/install/my_example_package/share/my_example_package/package.xml
[0.686s] Invoked command in '/home/maxime/ros2_ws/build/my_example_package' returned '0': CMAKE_PREFIX_PATH=${CMAKE_PREFIX_PATH}:/opt/ros/humble /usr/bin/cmake --install /home/maxime/ros2_ws/build/my_example_package
