[0.013s] Invoking command in '/home/maxime/ros2_ws/build/ros_maestro': /usr/bin/cmake /home/maxime/ros2_ws/src/ros_maestro -DCATKIN_INSTALL_INTO_PREFIX_ROOT=0 -DCMAKE_INSTALL_PREFIX=/home/maxime/ros2_ws/install/ros_maestro
[0.023s] -- Found ament_cmake: 1.3.10 (/opt/ros/humble/share/ament_cmake/cmake)
[0.140s] -- Found rclcpp: 16.0.10 (/opt/ros/humble/share/rclcpp/cmake)
[0.165s] -- Found rosidl_generator_c: 3.1.5 (/opt/ros/humble/share/rosidl_generator_c/cmake)
[0.166s] -- Found rosidl_adapter: 3.1.5 (/opt/ros/humble/share/rosidl_adapter/cmake)
[0.171s] -- Found rosidl_generator_cpp: 3.1.5 (/opt/ros/humble/share/rosidl_generator_cpp/cmake)
[0.178s] -- Using all available rosidl_typesupport_c: rosidl_typesupport_fastrtps_c;rosidl_typesupport_introspection_c
[0.188s] -- Using all available rosidl_typesupport_cpp: rosidl_typesupport_fastrtps_cpp;rosidl_typesupport_introspection_cpp
[0.215s] -- Found rmw_implementation_cmake: 6.1.2 (/opt/ros/humble/share/rmw_implementation_cmake/cmake)
[0.216s] -- Found rmw_fastrtps_cpp: 6.2.7 (/opt/ros/humble/share/rmw_fastrtps_cpp/cmake)
[0.332s] -- Using RMW implementation 'rmw_fastrtps_cpp' as default
[0.361s] -- Found sensor_msgs: 4.2.4 (/opt/ros/humble/share/sensor_msgs/cmake)
[0.377s] -- Found rosidl_default_generators: 1.2.0 (/opt/ros/humble/share/rosidl_default_generators/cmake)
[0.557s] -- Found ament_cmake_ros: 0.10.0 (/opt/ros/humble/share/ament_cmake_ros/cmake)
[0.800s] -- Using all available rosidl_typesupport_c: rosidl_typesupport_fastrtps_c;rosidl_typesupport_introspection_c
[0.900s] -- Using all available rosidl_typesupport_cpp: rosidl_typesupport_fastrtps_cpp;rosidl_typesupport_introspection_cpp
[0.917s] -- Found PythonInterp: /usr/bin/python3 (found suitable version "3.10.12", minimum required is "3.6") 
[0.918s] -- Found python_cmake_module: 0.10.0 (/opt/ros/humble/share/python_cmake_module/cmake)
[0.942s] -- Found PythonLibs: /usr/lib/x86_64-linux-gnu/libpython3.10.so (found suitable version "3.10.12", minimum required is "3.5") 
[0.942s] -- Using PYTHON_EXECUTABLE: /usr/bin/python3
[0.942s] -- Using PYTHON_INCLUDE_DIRS: /usr/include/python3.10
[0.942s] -- Using PYTHON_LIBRARIES: /usr/lib/x86_64-linux-gnu/libpython3.10.so
[0.958s] -- Found PythonExtra: .so  
[0.992s] -- Configuring done
[1.012s] -- Generating done
[1.013s] -- Build files have been written to: /home/maxime/ros2_ws/build/ros_maestro
[1.023s] Invoked command in '/home/maxime/ros2_ws/build/ros_maestro' returned '0': /usr/bin/cmake /home/maxime/ros2_ws/src/ros_maestro -DCATKIN_INSTALL_INTO_PREFIX_ROOT=0 -DCMAKE_INSTALL_PREFIX=/home/maxime/ros2_ws/install/ros_maestro
[1.024s] Invoking command in '/home/maxime/ros2_ws/build/ros_maestro': /usr/bin/cmake --build /home/maxime/ros2_ws/build/ros_maestro -- -j16 -l16
[1.065s] [  3%] [34m[1mGenerating C code for ROS interfaces[0m
[1.073s] [  6%] [34m[1mGenerating C++ code for ROS interfaces[0m
[1.081s] [  6%] Built target ament_cmake_python_copy_ros_maestro
[1.213s] [  6%] Built target ros_maestro__cpp
[1.219s] running egg_info
[1.220s] creating ros_maestro.egg-info
[1.220s] writing ros_maestro.egg-info/PKG-INFO
[1.221s] writing dependency_links to ros_maestro.egg-info/dependency_links.txt
[1.221s] writing top-level names to ros_maestro.egg-info/top_level.txt
[1.221s] [ 12%] [34m[1mGenerating C++ type support for eProsima Fast-RTPS[0m
[1.221s] [ 12%] [34m[1mGenerating C++ introspection for ROS interfaces[0m
[1.221s] writing manifest file 'ros_maestro.egg-info/SOURCES.txt'
[1.221s] [ 16%] [34m[1mGenerating C++ type support dispatch for ROS interfaces[0m
[1.224s] reading manifest file 'ros_maestro.egg-info/SOURCES.txt'
[1.224s] writing manifest file 'ros_maestro.egg-info/SOURCES.txt'
[1.237s] [ 19%] [32mBuilding C object CMakeFiles/ros_maestro__rosidl_generator_c.dir/rosidl_generator_c/ros_maestro/msg/detail/pwm_cmd__functions.c.o[0m
[1.275s] [ 19%] Built target ament_cmake_python_build_ros_maestro_egg
[1.278s] [ 22%] [32m[1mLinking C shared library libros_maestro__rosidl_generator_c.so[0m
[1.310s] [ 22%] Built target ros_maestro__rosidl_generator_c
[1.320s] [ 32%] [34m[1mGenerating C type support dispatch for ROS interfaces[0m
[1.320s] [ 32%] [34m[1mGenerating C introspection for ROS interfaces[0m
[1.320s] [ 32%] [34m[1mGenerating C type support for eProsima Fast-RTPS[0m
[1.371s] [ 35%] [32mBuilding CXX object CMakeFiles/ros_maestro__rosidl_typesupport_cpp.dir/rosidl_typesupport_cpp/ros_maestro/msg/pwm_cmd__type_support.cpp.o[0m
[1.381s] [ 38%] [32mBuilding CXX object CMakeFiles/ros_maestro__rosidl_typesupport_introspection_cpp.dir/rosidl_typesupport_introspection_cpp/ros_maestro/msg/detail/pwm_cmd__type_support.cpp.o[0m
[1.391s] [ 41%] [32mBuilding CXX object CMakeFiles/ros_maestro__rosidl_typesupport_fastrtps_cpp.dir/rosidl_typesupport_fastrtps_cpp/ros_maestro/msg/detail/dds_fastrtps/pwm_cmd__type_support.cpp.o[0m
[1.479s] [ 45%] [32mBuilding CXX object CMakeFiles/ros_maestro__rosidl_typesupport_c.dir/rosidl_typesupport_c/ros_maestro/msg/pwm_cmd__type_support.cpp.o[0m
[1.491s] [ 51%] [32mBuilding CXX object CMakeFiles/ros_maestro__rosidl_typesupport_fastrtps_c.dir/rosidl_typesupport_fastrtps_c/ros_maestro/msg/detail/pwm_cmd__type_support_c.cpp.o[0m
[1.492s] [ 51%] [32mBuilding C object CMakeFiles/ros_maestro__rosidl_typesupport_introspection_c.dir/rosidl_typesupport_introspection_c/ros_maestro/msg/detail/pwm_cmd__type_support.c.o[0m
[1.510s] [ 54%] [32m[1mLinking CXX shared library libros_maestro__rosidl_typesupport_c.so[0m
[1.522s] [ 58%] [32m[1mLinking C shared library libros_maestro__rosidl_typesupport_introspection_c.so[0m
[1.552s] [ 58%] Built target ros_maestro__rosidl_typesupport_c
[1.555s] [ 58%] Built target ros_maestro__rosidl_typesupport_introspection_c
[1.583s] [ 61%] [32m[1mLinking CXX shared library libros_maestro__rosidl_typesupport_cpp.so[0m
[1.618s] [ 61%] Built target ros_maestro__rosidl_typesupport_cpp
[1.664s] [ 64%] [32m[1mLinking CXX shared library libros_maestro__rosidl_typesupport_introspection_cpp.so[0m
[1.684s] [ 67%] [32m[1mLinking CXX shared library libros_maestro__rosidl_typesupport_fastrtps_cpp.so[0m
[1.699s] [ 67%] Built target ros_maestro__rosidl_typesupport_introspection_cpp
[1.738s] [ 70%] [32m[1mLinking CXX shared library libros_maestro__rosidl_typesupport_fastrtps_c.so[0m
[1.743s] [ 70%] Built target ros_maestro__rosidl_typesupport_fastrtps_cpp
[1.795s] [ 70%] Built target ros_maestro__rosidl_typesupport_fastrtps_c
[1.813s] [ 70%] Built target ros_maestro
[1.832s] [ 74%] [34m[1mGenerating Python code for ROS interfaces[0m
[1.992s] [ 74%] Built target ros_maestro__py
[2.009s] [ 77%] [32mBuilding C object CMakeFiles/ros_maestro__rosidl_generator_py.dir/rosidl_generator_py/ros_maestro/msg/_pwm_cmd_s.c.o[0m
[2.097s] [ 80%] [32m[1mLinking C shared library rosidl_generator_py/ros_maestro/libros_maestro__rosidl_generator_py.so[0m
[2.136s] [ 80%] Built target ros_maestro__rosidl_generator_py
[2.156s] [ 90%] [32mBuilding C object CMakeFiles/ros_maestro__rosidl_typesupport_introspection_c__pyext.dir/rosidl_generator_py/ros_maestro/_ros_maestro_s.ep.rosidl_typesupport_introspection_c.c.o[0m
[2.156s] [ 90%] [32mBuilding C object CMakeFiles/ros_maestro__rosidl_typesupport_c__pyext.dir/rosidl_generator_py/ros_maestro/_ros_maestro_s.ep.rosidl_typesupport_c.c.o[0m
[2.156s] [ 90%] [32mBuilding C object CMakeFiles/ros_maestro__rosidl_typesupport_fastrtps_c__pyext.dir/rosidl_generator_py/ros_maestro/_ros_maestro_s.ep.rosidl_typesupport_fastrtps_c.c.o[0m
[2.222s] [100%] [32m[1mLinking C shared library rosidl_generator_py/ros_maestro/ros_maestro_s__rosidl_typesupport_fastrtps_c.cpython-310-x86_64-linux-gnu.so[0m
[2.222s] [100%] [32m[1mLinking C shared library rosidl_generator_py/ros_maestro/ros_maestro_s__rosidl_typesupport_introspection_c.cpython-310-x86_64-linux-gnu.so[0m
[2.222s] [100%] [32m[1mLinking C shared library rosidl_generator_py/ros_maestro/ros_maestro_s__rosidl_typesupport_c.cpython-310-x86_64-linux-gnu.so[0m
[2.259s] [100%] Built target ros_maestro__rosidl_typesupport_fastrtps_c__pyext
[2.259s] [100%] Built target ros_maestro__rosidl_typesupport_introspection_c__pyext
[2.259s] [100%] Built target ros_maestro__rosidl_typesupport_c__pyext
[2.270s] Invoked command in '/home/maxime/ros2_ws/build/ros_maestro' returned '0': /usr/bin/cmake --build /home/maxime/ros2_ws/build/ros_maestro -- -j16 -l16
[2.427s] Invoking command in '/home/maxime/ros2_ws/build/ros_maestro': /usr/bin/cmake --install /home/maxime/ros2_ws/build/ros_maestro
[2.437s] -- Install configuration: ""
[2.437s] -- Installing: /home/maxime/ros2_ws/install/ros_maestro/share/ament_index/resource_index/rosidl_interfaces/ros_maestro
[2.437s] -- Installing: /home/maxime/ros2_ws/install/ros_maestro/include/ros_maestro/ros_maestro
[2.437s] -- Installing: /home/maxime/ros2_ws/install/ros_maestro/include/ros_maestro/ros_maestro/msg
[2.437s] -- Installing: /home/maxime/ros2_ws/install/ros_maestro/include/ros_maestro/ros_maestro/msg/rosidl_generator_c__visibility_control.h
[2.438s] -- Installing: /home/maxime/ros2_ws/install/ros_maestro/include/ros_maestro/ros_maestro/msg/detail
[2.438s] -- Installing: /home/maxime/ros2_ws/install/ros_maestro/include/ros_maestro/ros_maestro/msg/detail/pwm_cmd__functions.h
[2.438s] -- Installing: /home/maxime/ros2_ws/install/ros_maestro/include/ros_maestro/ros_maestro/msg/detail/pwm_cmd__type_support.h
[2.438s] -- Installing: /home/maxime/ros2_ws/install/ros_maestro/include/ros_maestro/ros_maestro/msg/detail/pwm_cmd__struct.h
[2.438s] -- Installing: /home/maxime/ros2_ws/install/ros_maestro/include/ros_maestro/ros_maestro/msg/detail/pwm_cmd__functions.c
[2.438s] -- Installing: /home/maxime/ros2_ws/install/ros_maestro/include/ros_maestro/ros_maestro/msg/pwm_cmd.h
[2.438s] -- Installing: /home/maxime/ros2_ws/install/ros_maestro/share/ros_maestro/environment/library_path.sh
[2.438s] -- Installing: /home/maxime/ros2_ws/install/ros_maestro/share/ros_maestro/environment/library_path.dsv
[2.438s] -- Installing: /home/maxime/ros2_ws/install/ros_maestro/lib/libros_maestro__rosidl_generator_c.so
[2.438s] -- Set runtime path of "/home/maxime/ros2_ws/install/ros_maestro/lib/libros_maestro__rosidl_generator_c.so" to ""
[2.438s] -- Up-to-date: /home/maxime/ros2_ws/install/ros_maestro/include/ros_maestro/ros_maestro
[2.438s] -- Up-to-date: /home/maxime/ros2_ws/install/ros_maestro/include/ros_maestro/ros_maestro/msg
[2.438s] -- Installing: /home/maxime/ros2_ws/install/ros_maestro/include/ros_maestro/ros_maestro/msg/rosidl_typesupport_fastrtps_c__visibility_control.h
[2.439s] -- Up-to-date: /home/maxime/ros2_ws/install/ros_maestro/include/ros_maestro/ros_maestro/msg/detail
[2.439s] -- Installing: /home/maxime/ros2_ws/install/ros_maestro/include/ros_maestro/ros_maestro/msg/detail/pwm_cmd__rosidl_typesupport_fastrtps_c.h
[2.439s] -- Installing: /home/maxime/ros2_ws/install/ros_maestro/lib/libros_maestro__rosidl_typesupport_fastrtps_c.so
[2.439s] -- Set runtime path of "/home/maxime/ros2_ws/install/ros_maestro/lib/libros_maestro__rosidl_typesupport_fastrtps_c.so" to ""
[2.439s] -- Up-to-date: /home/maxime/ros2_ws/install/ros_maestro/include/ros_maestro/ros_maestro
[2.439s] -- Up-to-date: /home/maxime/ros2_ws/install/ros_maestro/include/ros_maestro/ros_maestro/msg
[2.439s] -- Up-to-date: /home/maxime/ros2_ws/install/ros_maestro/include/ros_maestro/ros_maestro/msg/detail
[2.439s] -- Installing: /home/maxime/ros2_ws/install/ros_maestro/include/ros_maestro/ros_maestro/msg/detail/pwm_cmd__builder.hpp
[2.439s] -- Installing: /home/maxime/ros2_ws/install/ros_maestro/include/ros_maestro/ros_maestro/msg/detail/pwm_cmd__struct.hpp
[2.439s] -- Installing: /home/maxime/ros2_ws/install/ros_maestro/include/ros_maestro/ros_maestro/msg/detail/pwm_cmd__traits.hpp
[2.439s] -- Installing: /home/maxime/ros2_ws/install/ros_maestro/include/ros_maestro/ros_maestro/msg/pwm_cmd.hpp
[2.439s] -- Up-to-date: /home/maxime/ros2_ws/install/ros_maestro/include/ros_maestro/ros_maestro
[2.439s] -- Up-to-date: /home/maxime/ros2_ws/install/ros_maestro/include/ros_maestro/ros_maestro/msg
[2.439s] -- Installing: /home/maxime/ros2_ws/install/ros_maestro/include/ros_maestro/ros_maestro/msg/rosidl_typesupport_fastrtps_cpp__visibility_control.h
[2.440s] -- Up-to-date: /home/maxime/ros2_ws/install/ros_maestro/include/ros_maestro/ros_maestro/msg/detail
[2.440s] -- Installing: /home/maxime/ros2_ws/install/ros_maestro/include/ros_maestro/ros_maestro/msg/detail/dds_fastrtps
[2.440s] -- Installing: /home/maxime/ros2_ws/install/ros_maestro/include/ros_maestro/ros_maestro/msg/detail/pwm_cmd__rosidl_typesupport_fastrtps_cpp.hpp
[2.440s] -- Installing: /home/maxime/ros2_ws/install/ros_maestro/lib/libros_maestro__rosidl_typesupport_fastrtps_cpp.so
[2.440s] -- Set runtime path of "/home/maxime/ros2_ws/install/ros_maestro/lib/libros_maestro__rosidl_typesupport_fastrtps_cpp.so" to ""
[2.440s] -- Up-to-date: /home/maxime/ros2_ws/install/ros_maestro/include/ros_maestro/ros_maestro
[2.440s] -- Up-to-date: /home/maxime/ros2_ws/install/ros_maestro/include/ros_maestro/ros_maestro/msg
[2.440s] -- Installing: /home/maxime/ros2_ws/install/ros_maestro/include/ros_maestro/ros_maestro/msg/rosidl_typesupport_introspection_c__visibility_control.h
[2.440s] -- Up-to-date: /home/maxime/ros2_ws/install/ros_maestro/include/ros_maestro/ros_maestro/msg/detail
[2.440s] -- Installing: /home/maxime/ros2_ws/install/ros_maestro/include/ros_maestro/ros_maestro/msg/detail/pwm_cmd__type_support.c
[2.440s] -- Installing: /home/maxime/ros2_ws/install/ros_maestro/include/ros_maestro/ros_maestro/msg/detail/pwm_cmd__rosidl_typesupport_introspection_c.h
[2.440s] -- Installing: /home/maxime/ros2_ws/install/ros_maestro/lib/libros_maestro__rosidl_typesupport_introspection_c.so
[2.441s] -- Set runtime path of "/home/maxime/ros2_ws/install/ros_maestro/lib/libros_maestro__rosidl_typesupport_introspection_c.so" to ""
[2.441s] -- Installing: /home/maxime/ros2_ws/install/ros_maestro/lib/libros_maestro__rosidl_typesupport_c.so
[2.441s] -- Set runtime path of "/home/maxime/ros2_ws/install/ros_maestro/lib/libros_maestro__rosidl_typesupport_c.so" to ""
[2.441s] -- Up-to-date: /home/maxime/ros2_ws/install/ros_maestro/include/ros_maestro/ros_maestro
[2.441s] -- Up-to-date: /home/maxime/ros2_ws/install/ros_maestro/include/ros_maestro/ros_maestro/msg
[2.441s] -- Up-to-date: /home/maxime/ros2_ws/install/ros_maestro/include/ros_maestro/ros_maestro/msg/detail
[2.441s] -- Installing: /home/maxime/ros2_ws/install/ros_maestro/include/ros_maestro/ros_maestro/msg/detail/pwm_cmd__type_support.cpp
[2.441s] -- Installing: /home/maxime/ros2_ws/install/ros_maestro/include/ros_maestro/ros_maestro/msg/detail/pwm_cmd__rosidl_typesupport_introspection_cpp.hpp
[2.441s] -- Installing: /home/maxime/ros2_ws/install/ros_maestro/lib/libros_maestro__rosidl_typesupport_introspection_cpp.so
[2.441s] -- Set runtime path of "/home/maxime/ros2_ws/install/ros_maestro/lib/libros_maestro__rosidl_typesupport_introspection_cpp.so" to ""
[2.441s] -- Installing: /home/maxime/ros2_ws/install/ros_maestro/lib/libros_maestro__rosidl_typesupport_cpp.so
[2.442s] -- Set runtime path of "/home/maxime/ros2_ws/install/ros_maestro/lib/libros_maestro__rosidl_typesupport_cpp.so" to ""
[2.442s] -- Installing: /home/maxime/ros2_ws/install/ros_maestro/share/ros_maestro/environment/pythonpath.sh
[2.442s] -- Installing: /home/maxime/ros2_ws/install/ros_maestro/share/ros_maestro/environment/pythonpath.dsv
[2.442s] -- Installing: /home/maxime/ros2_ws/install/ros_maestro/local/lib/python3.10/dist-packages/ros_maestro-0.0.0-py3.10.egg-info
[2.442s] -- Installing: /home/maxime/ros2_ws/install/ros_maestro/local/lib/python3.10/dist-packages/ros_maestro-0.0.0-py3.10.egg-info/dependency_links.txt
[2.442s] -- Installing: /home/maxime/ros2_ws/install/ros_maestro/local/lib/python3.10/dist-packages/ros_maestro-0.0.0-py3.10.egg-info/PKG-INFO
[2.442s] -- Installing: /home/maxime/ros2_ws/install/ros_maestro/local/lib/python3.10/dist-packages/ros_maestro-0.0.0-py3.10.egg-info/top_level.txt
[2.442s] -- Installing: /home/maxime/ros2_ws/install/ros_maestro/local/lib/python3.10/dist-packages/ros_maestro-0.0.0-py3.10.egg-info/SOURCES.txt
[2.443s] -- Installing: /home/maxime/ros2_ws/install/ros_maestro/local/lib/python3.10/dist-packages/ros_maestro
[2.443s] -- Installing: /home/maxime/ros2_ws/install/ros_maestro/local/lib/python3.10/dist-packages/ros_maestro/_ros_maestro_s.ep.rosidl_typesupport_c.c
[2.443s] -- Installing: /home/maxime/ros2_ws/install/ros_maestro/local/lib/python3.10/dist-packages/ros_maestro/ros_maestro_s__rosidl_typesupport_c.cpython-310-x86_64-linux-gnu.so
[2.443s] -- Installing: /home/maxime/ros2_ws/install/ros_maestro/local/lib/python3.10/dist-packages/ros_maestro/libros_maestro__rosidl_generator_py.so
[2.443s] -- Installing: /home/maxime/ros2_ws/install/ros_maestro/local/lib/python3.10/dist-packages/ros_maestro/msg
[2.443s] -- Installing: /home/maxime/ros2_ws/install/ros_maestro/local/lib/python3.10/dist-packages/ros_maestro/msg/_pwm_cmd_s.c
[2.443s] -- Installing: /home/maxime/ros2_ws/install/ros_maestro/local/lib/python3.10/dist-packages/ros_maestro/msg/_pwm_cmd.py
[2.443s] -- Installing: /home/maxime/ros2_ws/install/ros_maestro/local/lib/python3.10/dist-packages/ros_maestro/msg/__init__.py
[2.443s] -- Installing: /home/maxime/ros2_ws/install/ros_maestro/local/lib/python3.10/dist-packages/ros_maestro/_ros_maestro_s.ep.rosidl_typesupport_introspection_c.c
[2.443s] -- Installing: /home/maxime/ros2_ws/install/ros_maestro/local/lib/python3.10/dist-packages/ros_maestro/ros_maestro_s__rosidl_typesupport_introspection_c.cpython-310-x86_64-linux-gnu.so
[2.443s] -- Installing: /home/maxime/ros2_ws/install/ros_maestro/local/lib/python3.10/dist-packages/ros_maestro/ros_maestro_s__rosidl_typesupport_fastrtps_c.cpython-310-x86_64-linux-gnu.so
[2.444s] -- Installing: /home/maxime/ros2_ws/install/ros_maestro/local/lib/python3.10/dist-packages/ros_maestro/_ros_maestro_s.ep.rosidl_typesupport_fastrtps_c.c
[2.444s] -- Installing: /home/maxime/ros2_ws/install/ros_maestro/local/lib/python3.10/dist-packages/ros_maestro/__init__.py
[2.478s] Listing '/home/maxime/ros2_ws/install/ros_maestro/local/lib/python3.10/dist-packages/ros_maestro'...
[2.478s] Compiling '/home/maxime/ros2_ws/install/ros_maestro/local/lib/python3.10/dist-packages/ros_maestro/__init__.py'...
[2.479s] Listing '/home/maxime/ros2_ws/install/ros_maestro/local/lib/python3.10/dist-packages/ros_maestro/msg'...
[2.479s] Compiling '/home/maxime/ros2_ws/install/ros_maestro/local/lib/python3.10/dist-packages/ros_maestro/msg/__init__.py'...
[2.479s] Compiling '/home/maxime/ros2_ws/install/ros_maestro/local/lib/python3.10/dist-packages/ros_maestro/msg/_pwm_cmd.py'...
[2.481s] -- Installing: /home/maxime/ros2_ws/install/ros_maestro/local/lib/python3.10/dist-packages/ros_maestro/ros_maestro_s__rosidl_typesupport_fastrtps_c.cpython-310-x86_64-linux-gnu.so
[2.482s] -- Set runtime path of "/home/maxime/ros2_ws/install/ros_maestro/local/lib/python3.10/dist-packages/ros_maestro/ros_maestro_s__rosidl_typesupport_fastrtps_c.cpython-310-x86_64-linux-gnu.so" to ""
[2.482s] -- Installing: /home/maxime/ros2_ws/install/ros_maestro/local/lib/python3.10/dist-packages/ros_maestro/ros_maestro_s__rosidl_typesupport_introspection_c.cpython-310-x86_64-linux-gnu.so
[2.482s] -- Set runtime path of "/home/maxime/ros2_ws/install/ros_maestro/local/lib/python3.10/dist-packages/ros_maestro/ros_maestro_s__rosidl_typesupport_introspection_c.cpython-310-x86_64-linux-gnu.so" to ""
[2.482s] -- Installing: /home/maxime/ros2_ws/install/ros_maestro/local/lib/python3.10/dist-packages/ros_maestro/ros_maestro_s__rosidl_typesupport_c.cpython-310-x86_64-linux-gnu.so
[2.483s] -- Set runtime path of "/home/maxime/ros2_ws/install/ros_maestro/local/lib/python3.10/dist-packages/ros_maestro/ros_maestro_s__rosidl_typesupport_c.cpython-310-x86_64-linux-gnu.so" to ""
[2.483s] -- Installing: /home/maxime/ros2_ws/install/ros_maestro/lib/libros_maestro__rosidl_generator_py.so
[2.483s] -- Set runtime path of "/home/maxime/ros2_ws/install/ros_maestro/lib/libros_maestro__rosidl_generator_py.so" to ""
[2.483s] -- Installing: /home/maxime/ros2_ws/install/ros_maestro/share/ros_maestro/msg/PwmCmd.idl
[2.483s] -- Installing: /home/maxime/ros2_ws/install/ros_maestro/share/ros_maestro/msg/PwmCmd.msg
[2.483s] -- Installing: /home/maxime/ros2_ws/install/ros_maestro/share/ament_index/resource_index/package_run_dependencies/ros_maestro
[2.483s] -- Installing: /home/maxime/ros2_ws/install/ros_maestro/share/ament_index/resource_index/parent_prefix_path/ros_maestro
[2.483s] -- Installing: /home/maxime/ros2_ws/install/ros_maestro/share/ros_maestro/environment/ament_prefix_path.sh
[2.483s] -- Installing: /home/maxime/ros2_ws/install/ros_maestro/share/ros_maestro/environment/ament_prefix_path.dsv
[2.483s] -- Installing: /home/maxime/ros2_ws/install/ros_maestro/share/ros_maestro/environment/path.sh
[2.484s] -- Installing: /home/maxime/ros2_ws/install/ros_maestro/share/ros_maestro/environment/path.dsv
[2.484s] -- Installing: /home/maxime/ros2_ws/install/ros_maestro/share/ros_maestro/local_setup.bash
[2.484s] -- Installing: /home/maxime/ros2_ws/install/ros_maestro/share/ros_maestro/local_setup.sh
[2.484s] -- Installing: /home/maxime/ros2_ws/install/ros_maestro/share/ros_maestro/local_setup.zsh
[2.484s] -- Installing: /home/maxime/ros2_ws/install/ros_maestro/share/ros_maestro/local_setup.dsv
[2.484s] -- Installing: /home/maxime/ros2_ws/install/ros_maestro/share/ros_maestro/package.dsv
[2.484s] -- Installing: /home/maxime/ros2_ws/install/ros_maestro/share/ament_index/resource_index/packages/ros_maestro
[2.484s] -- Installing: /home/maxime/ros2_ws/install/ros_maestro/share/ros_maestro/cmake/export_ros_maestro__rosidl_generator_cExport.cmake
[2.484s] -- Installing: /home/maxime/ros2_ws/install/ros_maestro/share/ros_maestro/cmake/export_ros_maestro__rosidl_generator_cExport-noconfig.cmake
[2.484s] -- Installing: /home/maxime/ros2_ws/install/ros_maestro/share/ros_maestro/cmake/export_ros_maestro__rosidl_typesupport_fastrtps_cExport.cmake
[2.484s] -- Installing: /home/maxime/ros2_ws/install/ros_maestro/share/ros_maestro/cmake/export_ros_maestro__rosidl_typesupport_fastrtps_cExport-noconfig.cmake
[2.485s] -- Installing: /home/maxime/ros2_ws/install/ros_maestro/share/ros_maestro/cmake/export_ros_maestro__rosidl_generator_cppExport.cmake
[2.485s] -- Installing: /home/maxime/ros2_ws/install/ros_maestro/share/ros_maestro/cmake/export_ros_maestro__rosidl_typesupport_fastrtps_cppExport.cmake
[2.485s] -- Installing: /home/maxime/ros2_ws/install/ros_maestro/share/ros_maestro/cmake/export_ros_maestro__rosidl_typesupport_fastrtps_cppExport-noconfig.cmake
[2.485s] -- Installing: /home/maxime/ros2_ws/install/ros_maestro/share/ros_maestro/cmake/ros_maestro__rosidl_typesupport_introspection_cExport.cmake
[2.485s] -- Installing: /home/maxime/ros2_ws/install/ros_maestro/share/ros_maestro/cmake/ros_maestro__rosidl_typesupport_introspection_cExport-noconfig.cmake
[2.485s] -- Installing: /home/maxime/ros2_ws/install/ros_maestro/share/ros_maestro/cmake/ros_maestro__rosidl_typesupport_cExport.cmake
[2.485s] -- Installing: /home/maxime/ros2_ws/install/ros_maestro/share/ros_maestro/cmake/ros_maestro__rosidl_typesupport_cExport-noconfig.cmake
[2.485s] -- Installing: /home/maxime/ros2_ws/install/ros_maestro/share/ros_maestro/cmake/ros_maestro__rosidl_typesupport_introspection_cppExport.cmake
[2.485s] -- Installing: /home/maxime/ros2_ws/install/ros_maestro/share/ros_maestro/cmake/ros_maestro__rosidl_typesupport_introspection_cppExport-noconfig.cmake
[2.485s] -- Installing: /home/maxime/ros2_ws/install/ros_maestro/share/ros_maestro/cmake/ros_maestro__rosidl_typesupport_cppExport.cmake
[2.485s] -- Installing: /home/maxime/ros2_ws/install/ros_maestro/share/ros_maestro/cmake/ros_maestro__rosidl_typesupport_cppExport-noconfig.cmake
[2.486s] -- Installing: /home/maxime/ros2_ws/install/ros_maestro/share/ros_maestro/cmake/export_ros_maestro__rosidl_generator_pyExport.cmake
[2.486s] -- Installing: /home/maxime/ros2_ws/install/ros_maestro/share/ros_maestro/cmake/export_ros_maestro__rosidl_generator_pyExport-noconfig.cmake
[2.486s] -- Installing: /home/maxime/ros2_ws/install/ros_maestro/share/ros_maestro/cmake/ament_cmake_export_dependencies-extras.cmake
[2.486s] -- Installing: /home/maxime/ros2_ws/install/ros_maestro/share/ros_maestro/cmake/rosidl_cmake-extras.cmake
[2.486s] -- Installing: /home/maxime/ros2_ws/install/ros_maestro/share/ros_maestro/cmake/ament_cmake_export_include_directories-extras.cmake
[2.486s] -- Installing: /home/maxime/ros2_ws/install/ros_maestro/share/ros_maestro/cmake/ament_cmake_export_libraries-extras.cmake
[2.486s] -- Installing: /home/maxime/ros2_ws/install/ros_maestro/share/ros_maestro/cmake/ament_cmake_export_targets-extras.cmake
[2.486s] -- Installing: /home/maxime/ros2_ws/install/ros_maestro/share/ros_maestro/cmake/rosidl_cmake_export_typesupport_targets-extras.cmake
[2.486s] -- Installing: /home/maxime/ros2_ws/install/ros_maestro/share/ros_maestro/cmake/rosidl_cmake_export_typesupport_libraries-extras.cmake
[2.486s] -- Installing: /home/maxime/ros2_ws/install/ros_maestro/share/ros_maestro/cmake/ros_maestroConfig.cmake
[2.486s] -- Installing: /home/maxime/ros2_ws/install/ros_maestro/share/ros_maestro/cmake/ros_maestroConfig-version.cmake
[2.486s] -- Installing: /home/maxime/ros2_ws/install/ros_maestro/share/ros_maestro/package.xml
[2.487s] -- Installing: /home/maxime/ros2_ws/install/ros_maestro/lib/ros_maestro/attopilot_driver.py
[2.487s] -- Installing: /home/maxime/ros2_ws/install/ros_maestro/lib/ros_maestro/maestro_driver.py
[2.487s] -- Installing: /home/maxime/ros2_ws/install/ros_maestro/lib/ros_maestro/relay_driver.py
[2.487s] -- Installing: /home/maxime/ros2_ws/install/ros_maestro/share/ros_maestro/launch
[2.487s] -- Installing: /home/maxime/ros2_ws/install/ros_maestro/share/ros_maestro/launch/erl_launch.py
[2.487s] -- Installing: /home/maxime/ros2_ws/install/ros_maestro/share/ros_maestro/launch/test_launch.py
[2.487s] -- Installing: /home/maxime/ros2_ws/install/ros_maestro/share/ros_maestro/launch/maestro_launch.py
[2.488s] [31mCMake Error at cmake_install.cmake:634 (file):
[2.488s]   file INSTALL cannot find
[2.488s]   "/home/maxime/ros2_ws/src/ros_maestro/include/ros_maestro": No such file or
[2.488s]   directory.
[2.488s] 
[2.488s] [0m
[2.489s] Invoked command in '/home/maxime/ros2_ws/build/ros_maestro' returned '1': /usr/bin/cmake --install /home/maxime/ros2_ws/build/ros_maestro
