[0.012s] Invoking command in '/home/maxime/ros2_ws/build/ros_maestro': /usr/bin/cmake /home/maxime/ros2_ws/src/ros_maestro -DCMAKE_INSTALL_PREFIX=/home/maxime/ros2_ws/install/ros_maestro
[0.022s] -- Found ament_cmake: 1.3.10 (/opt/ros/humble/share/ament_cmake/cmake)
[0.141s] -- Found rclcpp: 16.0.10 (/opt/ros/humble/share/rclcpp/cmake)
[0.166s] -- Found rosidl_generator_c: 3.1.5 (/opt/ros/humble/share/rosidl_generator_c/cmake)
[0.168s] -- Found rosidl_adapter: 3.1.5 (/opt/ros/humble/share/rosidl_adapter/cmake)
[0.173s] -- Found rosidl_generator_cpp: 3.1.5 (/opt/ros/humble/share/rosidl_generator_cpp/cmake)
[0.180s] -- Using all available rosidl_typesupport_c: rosidl_typesupport_fastrtps_c;rosidl_typesupport_introspection_c
[0.190s] -- Using all available rosidl_typesupport_cpp: rosidl_typesupport_fastrtps_cpp;rosidl_typesupport_introspection_cpp
[0.219s] -- Found rmw_implementation_cmake: 6.1.2 (/opt/ros/humble/share/rmw_implementation_cmake/cmake)
[0.220s] -- Found rmw_fastrtps_cpp: 6.2.7 (/opt/ros/humble/share/rmw_fastrtps_cpp/cmake)
[0.330s] -- Using RMW implementation 'rmw_fastrtps_cpp' as default
[0.359s] -- Found sensor_msgs: 4.2.4 (/opt/ros/humble/share/sensor_msgs/cmake)
[0.375s] -- Found rosidl_default_generators: 1.2.0 (/opt/ros/humble/share/rosidl_default_generators/cmake)
[0.498s] Error parsing '/home/maxime/ros2_ws/src/ros_maestro/package.xml':
[0.526s] Traceback (most recent call last):
[0.526s]   File "/opt/ros/humble/share/ament_cmake_core/cmake/core/package_xml_2_cmake.py", line 150, in <module>
[0.526s]     main()
[0.527s]   File "/opt/ros/humble/share/ament_cmake_core/cmake/core/package_xml_2_cmake.py", line 53, in main
[0.527s]     raise e
[0.527s]   File "/opt/ros/humble/share/ament_cmake_core/cmake/core/package_xml_2_cmake.py", line 49, in main
[0.527s]     package = parse_package_string(
[0.527s]   File "/usr/lib/python3/dist-packages/catkin_pkg/package.py", line 786, in parse_package_string
[0.527s]     raise InvalidPackage('Error(s):%s' % (''.join(['\n- %s' % e for e in errors])), filename)
[0.527s] catkin_pkg.package.InvalidPackage: Error(s) in package '/home/maxime/ros2_ws/src/ros_maestro/package.xml':
[0.527s] Error(s):
[0.527s] - The manifest of package "ros_maestro" (with format version 2) must not contain the following tags: member_of_group
[0.543s] [31mCMake Error at /opt/ros/humble/share/ament_cmake_core/cmake/core/ament_package_xml.cmake:95 (message):
[0.543s]   execute_process(/usr/bin/python3
[0.543s]   /opt/ros/humble/share/ament_cmake_core/cmake/core/package_xml_2_cmake.py
[0.543s]   /home/maxime/ros2_ws/src/ros_maestro/package.xml
[0.543s]   /home/maxime/ros2_ws/build/ros_maestro/ament_cmake_core/package.cmake)
[0.544s]   returned error code 1
[0.544s] Call Stack (most recent call first):
[0.544s]   /opt/ros/humble/share/ament_cmake_core/cmake/core/ament_package_xml.cmake:49 (_ament_package_xml)
[0.544s]   /opt/ros/humble/share/rosidl_cmake/cmake/rosidl_generate_interfaces.cmake:226 (ament_package_xml)
[0.544s]   CMakeLists.txt:16 (rosidl_generate_interfaces)
[0.544s] 
[0.544s] [0m
[0.544s] -- Configuring incomplete, errors occurred!
[0.544s] See also "/home/maxime/ros2_ws/build/ros_maestro/CMakeFiles/CMakeOutput.log".
[0.553s] Invoked command in '/home/maxime/ros2_ws/build/ros_maestro' returned '1': /usr/bin/cmake /home/maxime/ros2_ws/src/ros_maestro -DCMAKE_INSTALL_PREFIX=/home/maxime/ros2_ws/install/ros_maestro
