[0.014s] Invoking command in '/home/maxime/ros2_ws/build/maestro_node': /usr/bin/cmake --build /home/maxime/ros2_ws/build/maestro_node -- -j16 -l16
[0.095s] [100%] Built target maestro_node
[0.109s] Invoked command in '/home/maxime/ros2_ws/build/maestro_node' returned '0': /usr/bin/cmake --build /home/maxime/ros2_ws/build/maestro_node -- -j16 -l16
[0.230s] Invoking command in '/home/maxime/ros2_ws/build/maestro_node': /usr/bin/cmake --install /home/maxime/ros2_ws/build/maestro_node
[0.238s] -- Install configuration: ""
[0.239s] -- Up-to-date: /home/maxime/ros2_ws/install/maestro_node/lib/maestro_node/maestro_node
[0.239s] -- Up-to-date: /home/maxime/ros2_ws/install/maestro_node/include/
[0.239s] -- Up-to-date: /home/maxime/ros2_ws/install/maestro_node/include//ros_maestro
[0.239s] -- Up-to-date: /home/maxime/ros2_ws/install/maestro_node/include//PololuController.h
[0.239s] -- Up-to-date: /home/maxime/ros2_ws/install/maestro_node/include//ROSMaestroController.h
[0.239s] -- Up-to-date: /home/maxime/ros2_ws/install/maestro_node/include//TimeoutSerial.h
[0.239s] -- Up-to-date: /home/maxime/ros2_ws/install/maestro_node/share/maestro_node/launch
[0.239s] -- Up-to-date: /home/maxime/ros2_ws/install/maestro_node/share/maestro_node/launch/gui_control_launch.py
[0.239s] -- Up-to-date: /home/maxime/ros2_ws/install/maestro_node/share/maestro_node/launch/maestro_launch.py
[0.239s] -- Up-to-date: /home/maxime/ros2_ws/install/maestro_node/share/ament_index/resource_index/package_run_dependencies/maestro_node
[0.239s] -- Up-to-date: /home/maxime/ros2_ws/install/maestro_node/share/ament_index/resource_index/parent_prefix_path/maestro_node
[0.240s] -- Up-to-date: /home/maxime/ros2_ws/install/maestro_node/share/maestro_node/environment/ament_prefix_path.sh
[0.240s] -- Up-to-date: /home/maxime/ros2_ws/install/maestro_node/share/maestro_node/environment/ament_prefix_path.dsv
[0.240s] -- Up-to-date: /home/maxime/ros2_ws/install/maestro_node/share/maestro_node/environment/path.sh
[0.240s] -- Up-to-date: /home/maxime/ros2_ws/install/maestro_node/share/maestro_node/environment/path.dsv
[0.240s] -- Up-to-date: /home/maxime/ros2_ws/install/maestro_node/share/maestro_node/local_setup.bash
[0.240s] -- Up-to-date: /home/maxime/ros2_ws/install/maestro_node/share/maestro_node/local_setup.sh
[0.240s] -- Up-to-date: /home/maxime/ros2_ws/install/maestro_node/share/maestro_node/local_setup.zsh
[0.240s] -- Up-to-date: /home/maxime/ros2_ws/install/maestro_node/share/maestro_node/local_setup.dsv
[0.240s] -- Installing: /home/maxime/ros2_ws/install/maestro_node/share/maestro_node/package.dsv
[0.240s] -- Up-to-date: /home/maxime/ros2_ws/install/maestro_node/share/ament_index/resource_index/packages/maestro_node
[0.240s] -- Up-to-date: /home/maxime/ros2_ws/install/maestro_node/share/maestro_node/cmake/maestro_nodeConfig.cmake
[0.240s] -- Up-to-date: /home/maxime/ros2_ws/install/maestro_node/share/maestro_node/cmake/maestro_nodeConfig-version.cmake
[0.240s] -- Up-to-date: /home/maxime/ros2_ws/install/maestro_node/share/maestro_node/package.xml
[0.242s] Invoked command in '/home/maxime/ros2_ws/build/maestro_node' returned '0': /usr/bin/cmake --install /home/maxime/ros2_ws/build/maestro_node
