[0.013s] Invoking command in '/home/maxime/ros2_ws/build/maestro_node': /usr/bin/cmake --build /home/maxime/ros2_ws/build/maestro_node -- -j16 -l16
[0.070s] [35m[1mConsolidate compiler generated dependencies of target maestro_node[0m
[0.107s] [ 20%] [32mBuilding CXX object CMakeFiles/maestro_node.dir/src/maestro_node.cpp.o[0m
[2.969s] [01m[K/home/maxime/ros2_ws/src/maestro_node/src/maestro_node.cpp:[m[K In function ‘[01m[Kint main(int, char**)[m[K’:
[2.970s] [01m[K/home/maxime/ros2_ws/src/maestro_node/src/maestro_node.cpp:67:36:[m[K [01;31m[Kerror: [m[K‘[01m[Kname[m[K’ was not declared in this scope; did you mean ‘[01m[Krosidl_generator_traits::name[m[K’?
[2.970s]    67 |    ROSMaestroController controller([01;31m[Kname[m[K, std::dynamic_pointer_cast<rclcpp::Node>(node), timeout_serial);
[2.970s]       |                                    [01;31m[K^~~~[m[K
[2.970s]       |                                    [32m[Krosidl_generator_traits::name[m[K
[2.970s] In file included from [01m[K/opt/ros/humble/include/builtin_interfaces/builtin_interfaces/msg/detail/duration__traits.hpp:15[m[K,
[2.970s]                  from [01m[K/opt/ros/humble/include/builtin_interfaces/builtin_interfaces/msg/duration.hpp:9[m[K,
[2.970s]                  from [01m[K/opt/ros/humble/include/rclcpp/rclcpp/duration.hpp:20[m[K,
[2.970s]                  from [01m[K/opt/ros/humble/include/rclcpp/rclcpp/qos.hpp:20[m[K,
[2.970s]                  from [01m[K/opt/ros/humble/include/rclcpp/rclcpp/node_interfaces/node_graph_interface.hpp:32[m[K,
[2.970s]                  from [01m[K/opt/ros/humble/include/rclcpp/rclcpp/client.hpp:42[m[K,
[2.970s]                  from [01m[K/opt/ros/humble/include/rclcpp/rclcpp/callback_group.hpp:24[m[K,
[2.970s]                  from [01m[K/opt/ros/humble/include/rclcpp/rclcpp/any_executable.hpp:20[m[K,
[2.970s]                  from [01m[K/opt/ros/humble/include/rclcpp/rclcpp/memory_strategy.hpp:25[m[K,
[2.970s]                  from [01m[K/opt/ros/humble/include/rclcpp/rclcpp/memory_strategies.hpp:18[m[K,
[2.970s]                  from [01m[K/opt/ros/humble/include/rclcpp/rclcpp/executor_options.hpp:20[m[K,
[2.970s]                  from [01m[K/opt/ros/humble/include/rclcpp/rclcpp/executor.hpp:37[m[K,
[2.970s]                  from [01m[K/opt/ros/humble/include/rclcpp/rclcpp/executors/multi_threaded_executor.hpp:25[m[K,
[2.970s]                  from [01m[K/opt/ros/humble/include/rclcpp/rclcpp/executors.hpp:21[m[K,
[2.970s]                  from [01m[K/opt/ros/humble/include/rclcpp/rclcpp/rclcpp.hpp:155[m[K,
[2.970s]                  from [01m[K/home/maxime/ros2_ws/src/maestro_node/src/maestro_node.cpp:3[m[K:
[2.970s] [01m[K/opt/ros/humble/include/rosidl_runtime_cpp/rosidl_runtime_cpp/traits.hpp:155:21:[m[K [01;36m[Knote: [m[K‘[01m[Krosidl_generator_traits::name[m[K’ declared here
[2.970s]   155 | inline const char * [01;36m[Kname[m[K();
[2.970s]       |                     [01;36m[K^~~~[m[K
[2.975s] [01m[K/home/maxime/ros2_ws/src/maestro_node/src/maestro_node.cpp:67:89:[m[K [01;31m[Kerror: [m[K‘[01m[Ktimeout_serial[m[K’ was not declared in this scope; did you mean ‘[01m[KTimeoutSerial[m[K’?
[2.975s]    67 | roller(name, std::dynamic_pointer_cast<rclcpp::Node>(node), [01;31m[Ktimeout_serial[m[K);
[2.975s]       |                                                             [01;31m[K^~~~~~~~~~~~~~[m[K
[2.975s]       |                                                             [32m[KTimeoutSerial[m[K
[3.259s] In file included from [01m[K/usr/include/x86_64-linux-gnu/c++/11/bits/c++allocator.h:33[m[K,
[3.259s]                  from [01m[K/usr/include/c++/11/bits/allocator.h:46[m[K,
[3.259s]                  from [01m[K/usr/include/c++/11/string:41[m[K,
[3.259s]                  from [01m[K/usr/include/c++/11/bits/locale_classes.h:40[m[K,
[3.259s]                  from [01m[K/usr/include/c++/11/bits/ios_base.h:41[m[K,
[3.259s]                  from [01m[K/usr/include/c++/11/ios:42[m[K,
[3.259s]                  from [01m[K/usr/include/c++/11/ostream:38[m[K,
[3.259s]                  from [01m[K/usr/include/c++/11/iostream:39[m[K,
[3.259s]                  from [01m[K/home/maxime/ros2_ws/src/maestro_node/src/maestro_node.cpp:2[m[K:
[3.259s] /usr/include/c++/11/ext/new_allocator.h: In instantiation of ‘[01m[Kvoid __gnu_cxx::new_allocator<_Tp>::construct(_Up*, _Args&& ...) [with _Up = ROSMaestroController; _Args = {std::__cxx11::basic_string<char, std::char_traits<char>, std::allocator<char> >&, MaestroNode*, TimeoutSerial*}; _Tp = ROSMaestroController][m[K’:
[3.259s] [01m[K/usr/include/c++/11/bits/alloc_traits.h:516:17:[m[K   required from ‘[01m[Kstatic void std::allocator_traits<std::allocator<_CharT> >::construct(std::allocator_traits<std::allocator<_CharT> >::allocator_type&, _Up*, _Args&& ...) [with _Up = ROSMaestroController; _Args = {std::__cxx11::basic_string<char, std::char_traits<char>, std::allocator<char> >&, MaestroNode*, TimeoutSerial*}; _Tp = ROSMaestroController; std::allocator_traits<std::allocator<_CharT> >::allocator_type = std::allocator<ROSMaestroController>][m[K’
[3.260s] [01m[K/usr/include/c++/11/bits/shared_ptr_base.h:519:39:[m[K   required from ‘[01m[Kstd::_Sp_counted_ptr_inplace<_Tp, _Alloc, _Lp>::_Sp_counted_ptr_inplace(_Alloc, _Args&& ...) [with _Args = {std::__cxx11::basic_string<char, std::char_traits<char>, std::allocator<char> >&, MaestroNode*, TimeoutSerial*}; _Tp = ROSMaestroController; _Alloc = std::allocator<ROSMaestroController>; __gnu_cxx::_Lock_policy _Lp = __gnu_cxx::_S_atomic][m[K’
[3.260s] [01m[K/usr/include/c++/11/bits/shared_ptr_base.h:650:16:[m[K   required from ‘[01m[Kstd::__shared_count<_Lp>::__shared_count(_Tp*&, std::_Sp_alloc_shared_tag<_Alloc>, _Args&& ...) [with _Tp = ROSMaestroController; _Alloc = std::allocator<ROSMaestroController>; _Args = {std::__cxx11::basic_string<char, std::char_traits<char>, std::allocator<char> >&, MaestroNode*, TimeoutSerial*}; __gnu_cxx::_Lock_policy _Lp = __gnu_cxx::_S_atomic][m[K’
[3.260s] [01m[K/usr/include/c++/11/bits/shared_ptr_base.h:1342:14:[m[K   required from ‘[01m[Kstd::__shared_ptr<_Tp, _Lp>::__shared_ptr(std::_Sp_alloc_shared_tag<_Tp>, _Args&& ...) [with _Alloc = std::allocator<ROSMaestroController>; _Args = {std::__cxx11::basic_string<char, std::char_traits<char>, std::allocator<char> >&, MaestroNode*, TimeoutSerial*}; _Tp = ROSMaestroController; __gnu_cxx::_Lock_policy _Lp = __gnu_cxx::_S_atomic][m[K’
[3.260s] [01m[K/usr/include/c++/11/bits/shared_ptr.h:409:59:[m[K   required from ‘[01m[Kstd::shared_ptr<_Tp>::shared_ptr(std::_Sp_alloc_shared_tag<_Tp>, _Args&& ...) [with _Alloc = std::allocator<ROSMaestroController>; _Args = {std::__cxx11::basic_string<char, std::char_traits<char>, std::allocator<char> >&, MaestroNode*, TimeoutSerial*}; _Tp = ROSMaestroController][m[K’
[3.260s] [01m[K/usr/include/c++/11/bits/shared_ptr.h:862:14:[m[K   required from ‘[01m[Kstd::shared_ptr<_Tp> std::allocate_shared(const _Alloc&, _Args&& ...) [with _Tp = ROSMaestroController; _Alloc = std::allocator<ROSMaestroController>; _Args = {std::__cxx11::basic_string<char, std::char_traits<char>, std::allocator<char> >&, MaestroNode*, TimeoutSerial*}][m[K’
[3.260s] [01m[K/usr/include/c++/11/bits/shared_ptr.h:878:39:[m[K   required from ‘[01m[Kstd::shared_ptr<_Tp> std::make_shared(_Args&& ...) [with _Tp = ROSMaestroController; _Args = {std::__cxx11::basic_string<char, std::char_traits<char>, std::allocator<char> >&, MaestroNode*, TimeoutSerial*}][m[K’
[3.260s] [01m[K/home/maxime/ros2_ws/src/maestro_node/src/maestro_node.cpp:20:61:[m[K   required from here
[3.260s] [01m[K/usr/include/c++/11/ext/new_allocator.h:162:11:[m[K [01;31m[Kerror: [m[Kno matching function for call to ‘[01m[KROSMaestroController::ROSMaestroController(std::__cxx11::basic_string<char>&, MaestroNode*, TimeoutSerial*)[m[K’
[3.260s]   162 |         { [01;31m[K::new((void *)__p) _Up(std::forward<_Args>(__args)...)[m[K; }
[3.260s]       |           [01;31m[K^~~~~~~~~~~~~~~~~~~~~~~~~~~~~~~~~~~~~~~~~~~~~~~~~~~~~~[m[K
[3.260s] In file included from [01m[K/home/maxime/ros2_ws/src/maestro_node/src/maestro_node.cpp:5[m[K:
[3.260s] [01m[K/home/maxime/ros2_ws/src/maestro_node/include/ROSMaestroController.h:19:5:[m[K [01;36m[Knote: [m[Kcandidate: ‘[01m[KROSMaestroController::ROSMaestroController(std::string, std::shared_ptr<rclcpp::Node>, TimeoutSerial*)[m[K’
[3.260s]    19 |     [01;36m[KROSMaestroController[m[K(std::string name_node, std::shared_ptr<rclcpp::Node> node, TimeoutSerial* serial);
[3.260s]       |     [01;36m[K^~~~~~~~~~~~~~~~~~~~[m[K
[3.260s] [01m[K/home/maxime/ros2_ws/src/maestro_node/include/ROSMaestroController.h:19:79:[m[K [01;36m[Knote: [m[K  no known conversion for argument 2 from ‘[01m[KMaestroNode*[m[K’ to ‘[01m[Kstd::shared_ptr<rclcpp::Node>[m[K’
[3.260s]    19 | roller(std::string name_node, [01;36m[Kstd::shared_ptr<rclcpp::Node> node[m[K, TimeoutSerial* serial);
[3.260s]       |                               [01;36m[K~~~~~~~~~~~~~~~~~~~~~~~~~~~~~~^~~~[m[K
[3.260s] 
[3.359s] gmake[2]: *** [CMakeFiles/maestro_node.dir/build.make:118: CMakeFiles/maestro_node.dir/src/maestro_node.cpp.o] Error 1
[3.360s] gmake[1]: *** [CMakeFiles/Makefile2:137: CMakeFiles/maestro_node.dir/all] Error 2
[3.360s] gmake: *** [Makefile:146: all] Error 2
[3.363s] Invoked command in '/home/maxime/ros2_ws/build/maestro_node' returned '2': /usr/bin/cmake --build /home/maxime/ros2_ws/build/maestro_node -- -j16 -l16
