[01m[K/home/maxime/ros2_ws/src/maestro_node/src/maestro_node.cpp:[m[K In function ‘[01m[Kint main(int, char**)[m[K’:
[01m[K/home/maxime/ros2_ws/src/maestro_node/src/maestro_node.cpp:65:89:[m[K [01;31m[Kerror: [m[K‘[01m[Knode[m[K’ was not declared in this scope
   65 | cpp::Node> shared_node = std::dynamic_pointer_cast<rclcpp::Node>([01;31m[Knode[m[K);
      |                                                                  [01;31m[K^~~~[m[K

[01m[K/home/maxime/ros2_ws/src/maestro_node/src/maestro_node.cpp:72:26:[m[K [01;31m[Kerror: [m[Kredeclaration of ‘[01m[KROSMaestroController controller[m[K’
   72 |     ROSMaestroController [01;31m[Kcontroller[m[K(name, rclcpp_node, timeout_serial);
      |                          [01;31m[K^~~~~~~~~~[m[K
[01m[K/home/maxime/ros2_ws/src/maestro_node/src/maestro_node.cpp:68:26:[m[K [01;36m[Knote: [m[K‘[01m[KROSMaestroController controller[m[K’ previously declared here
   68 |     ROSMaestroController [01;36m[Kcontroller[m[K(name, shared_node, timeout_serial);
      |                          [01;36m[K^~~~~~~~~~[m[K
[01m[K/home/maxime/ros2_ws/src/maestro_node/src/maestro_node.cpp:72:43:[m[K [01;31m[Kerror: [m[K‘[01m[Krclcpp_node[m[K’ was not declared in this scope
   72 |     ROSMaestroController controller(name, [01;31m[Krclcpp_node[m[K, timeout_serial);
      |                                           [01;31m[K^~~~~~~~~~~[m[K
In file included from [01m[K/usr/include/x86_64-linux-gnu/c++/11/bits/c++allocator.h:33[m[K,
                 from [01m[K/usr/include/c++/11/bits/allocator.h:46[m[K,
                 from [01m[K/usr/include/c++/11/string:41[m[K,
                 from [01m[K/usr/include/c++/11/bits/locale_classes.h:40[m[K,
                 from [01m[K/usr/include/c++/11/bits/ios_base.h:41[m[K,
                 from [01m[K/usr/include/c++/11/ios:42[m[K,
                 from [01m[K/usr/include/c++/11/ostream:38[m[K,
                 from [01m[K/usr/include/c++/11/iostream:39[m[K,
                 from [01m[K/home/maxime/ros2_ws/src/maestro_node/src/maestro_node.cpp:2[m[K:
/usr/include/c++/11/ext/new_allocator.h: In instantiation of ‘[01m[Kvoid __gnu_cxx::new_allocator<_Tp>::construct(_Up*, _Args&& ...) [with _Up = ROSMaestroController; _Args = {std::__cxx11::basic_string<char, std::char_traits<char>, std::allocator<char> >&, MaestroNode*, TimeoutSerial*}; _Tp = ROSMaestroController][m[K’:
[01m[K/usr/include/c++/11/bits/alloc_traits.h:516:17:[m[K   required from ‘[01m[Kstatic void std::allocator_traits<std::allocator<_CharT> >::construct(std::allocator_traits<std::allocator<_CharT> >::allocator_type&, _Up*, _Args&& ...) [with _Up = ROSMaestroController; _Args = {std::__cxx11::basic_string<char, std::char_traits<char>, std::allocator<char> >&, MaestroNode*, TimeoutSerial*}; _Tp = ROSMaestroController; std::allocator_traits<std::allocator<_CharT> >::allocator_type = std::allocator<ROSMaestroController>][m[K’
[01m[K/usr/include/c++/11/bits/shared_ptr_base.h:519:39:[m[K   required from ‘[01m[Kstd::_Sp_counted_ptr_inplace<_Tp, _Alloc, _Lp>::_Sp_counted_ptr_inplace(_Alloc, _Args&& ...) [with _Args = {std::__cxx11::basic_string<char, std::char_traits<char>, std::allocator<char> >&, MaestroNode*, TimeoutSerial*}; _Tp = ROSMaestroController; _Alloc = std::allocator<ROSMaestroController>; __gnu_cxx::_Lock_policy _Lp = __gnu_cxx::_S_atomic][m[K’
[01m[K/usr/include/c++/11/bits/shared_ptr_base.h:650:16:[m[K   required from ‘[01m[Kstd::__shared_count<_Lp>::__shared_count(_Tp*&, std::_Sp_alloc_shared_tag<_Alloc>, _Args&& ...) [with _Tp = ROSMaestroController; _Alloc = std::allocator<ROSMaestroController>; _Args = {std::__cxx11::basic_string<char, std::char_traits<char>, std::allocator<char> >&, MaestroNode*, TimeoutSerial*}; __gnu_cxx::_Lock_policy _Lp = __gnu_cxx::_S_atomic][m[K’
[01m[K/usr/include/c++/11/bits/shared_ptr_base.h:1342:14:[m[K   required from ‘[01m[Kstd::__shared_ptr<_Tp, _Lp>::__shared_ptr(std::_Sp_alloc_shared_tag<_Tp>, _Args&& ...) [with _Alloc = std::allocator<ROSMaestroController>; _Args = {std::__cxx11::basic_string<char, std::char_traits<char>, std::allocator<char> >&, MaestroNode*, TimeoutSerial*}; _Tp = ROSMaestroController; __gnu_cxx::_Lock_policy _Lp = __gnu_cxx::_S_atomic][m[K’
[01m[K/usr/include/c++/11/bits/shared_ptr.h:409:59:[m[K   required from ‘[01m[Kstd::shared_ptr<_Tp>::shared_ptr(std::_Sp_alloc_shared_tag<_Tp>, _Args&& ...) [with _Alloc = std::allocator<ROSMaestroController>; _Args = {std::__cxx11::basic_string<char, std::char_traits<char>, std::allocator<char> >&, MaestroNode*, TimeoutSerial*}; _Tp = ROSMaestroController][m[K’
[01m[K/usr/include/c++/11/bits/shared_ptr.h:862:14:[m[K   required from ‘[01m[Kstd::shared_ptr<_Tp> std::allocate_shared(const _Alloc&, _Args&& ...) [with _Tp = ROSMaestroController; _Alloc = std::allocator<ROSMaestroController>; _Args = {std::__cxx11::basic_string<char, std::char_traits<char>, std::allocator<char> >&, MaestroNode*, TimeoutSerial*}][m[K’
[01m[K/usr/include/c++/11/bits/shared_ptr.h:878:39:[m[K   required from ‘[01m[Kstd::shared_ptr<_Tp> std::make_shared(_Args&& ...) [with _Tp = ROSMaestroController; _Args = {std::__cxx11::basic_string<char, std::char_traits<char>, std::allocator<char> >&, MaestroNode*, TimeoutSerial*}][m[K’
[01m[K/home/maxime/ros2_ws/src/maestro_node/src/maestro_node.cpp:20:61:[m[K   required from here
[01m[K/usr/include/c++/11/ext/new_allocator.h:162:11:[m[K [01;31m[Kerror: [m[Kno matching function for call to ‘[01m[KROSMaestroController::ROSMaestroController(std::__cxx11::basic_string<char>&, MaestroNode*, TimeoutSerial*)[m[K’
  162 |         { [01;31m[K::new((void *)__p) _Up(std::forward<_Args>(__args)...)[m[K; }
      |           [01;31m[K^~~~~~~~~~~~~~~~~~~~~~~~~~~~~~~~~~~~~~~~~~~~~~~~~~~~~~[m[K
In file included from [01m[K/home/maxime/ros2_ws/src/maestro_node/src/maestro_node.cpp:5[m[K:
[01m[K/home/maxime/ros2_ws/src/maestro_node/include/ROSMaestroController.h:19:5:[m[K [01;36m[Knote: [m[Kcandidate: ‘[01m[KROSMaestroController::ROSMaestroController(std::string, std::shared_ptr<rclcpp::Node>, TimeoutSerial*)[m[K’
   19 |     [01;36m[KROSMaestroController[m[K(std::string name_node, std::shared_ptr<rclcpp::Node> node, TimeoutSerial* serial);
      |     [01;36m[K^~~~~~~~~~~~~~~~~~~~[m[K
[01m[K/home/maxime/ros2_ws/src/maestro_node/include/ROSMaestroController.h:19:79:[m[K [01;36m[Knote: [m[K  no known conversion for argument 2 from ‘[01m[KMaestroNode*[m[K’ to ‘[01m[Kstd::shared_ptr<rclcpp::Node>[m[K’
   19 | roller(std::string name_node, [01;36m[Kstd::shared_ptr<rclcpp::Node> node[m[K, TimeoutSerial* serial);
      |                               [01;36m[K~~~~~~~~~~~~~~~~~~~~~~~~~~~~~~^~~~[m[K

gmake[2]: *** [CMakeFiles/maestro_node.dir/build.make:118: CMakeFiles/maestro_node.dir/src/maestro_node.cpp.o] Error 1
gmake[1]: *** [CMakeFiles/Makefile2:137: CMakeFiles/maestro_node.dir/all] Error 2
gmake: *** [Makefile:146: all] Error 2
