[0.012s] Invoking command in '/home/maxime/ros2_ws/build/ros_maestro': /usr/bin/cmake /home/maxime/ros2_ws/src/ros_maestro -DCATKIN_INSTALL_INTO_PREFIX_ROOT=0 -DCMAKE_INSTALL_PREFIX=/home/maxime/ros2_ws/install/ros_maestro
[0.022s] -- Found ament_cmake: 1.3.10 (/opt/ros/humble/share/ament_cmake/cmake)
[0.141s] -- Found rclcpp: 16.0.10 (/opt/ros/humble/share/rclcpp/cmake)
[0.166s] -- Found rosidl_generator_c: 3.1.5 (/opt/ros/humble/share/rosidl_generator_c/cmake)
[0.168s] -- Found rosidl_adapter: 3.1.5 (/opt/ros/humble/share/rosidl_adapter/cmake)
[0.173s] -- Found rosidl_generator_cpp: 3.1.5 (/opt/ros/humble/share/rosidl_generator_cpp/cmake)
[0.180s] -- Using all available rosidl_typesupport_c: rosidl_typesupport_fastrtps_c;rosidl_typesupport_introspection_c
[0.190s] -- Using all available rosidl_typesupport_cpp: rosidl_typesupport_fastrtps_cpp;rosidl_typesupport_introspection_cpp
[0.217s] -- Found rmw_implementation_cmake: 6.1.2 (/opt/ros/humble/share/rmw_implementation_cmake/cmake)
[0.218s] -- Found rmw_fastrtps_cpp: 6.2.7 (/opt/ros/humble/share/rmw_fastrtps_cpp/cmake)
[0.331s] -- Using RMW implementation 'rmw_fastrtps_cpp' as default
[0.370s] -- Found sensor_msgs: 4.2.4 (/opt/ros/humble/share/sensor_msgs/cmake)
[0.393s] -- Found rosidl_default_generators: 1.2.0 (/opt/ros/humble/share/rosidl_default_generators/cmake)
[0.525s] [31mCMake Error at /opt/ros/humble/share/rosidl_cmake/cmake/rosidl_generate_interfaces.cmake:229 (message):
[0.525s]   Packages installing interfaces must include
[0.526s]   '<member_of_group>rosidl_interface_packages</member_of_group>' in their
[0.526s]   package.xml
[0.526s] Call Stack (most recent call first):
[0.527s]   CMakeLists.txt:16 (rosidl_generate_interfaces)
[0.527s] 
[0.527s] [0m
[0.527s] -- Configuring incomplete, errors occurred!
[0.527s] See also "/home/maxime/ros2_ws/build/ros_maestro/CMakeFiles/CMakeOutput.log".
[0.537s] Invoked command in '/home/maxime/ros2_ws/build/ros_maestro' returned '1': /usr/bin/cmake /home/maxime/ros2_ws/src/ros_maestro -DCATKIN_INSTALL_INTO_PREFIX_ROOT=0 -DCMAKE_INSTALL_PREFIX=/home/maxime/ros2_ws/install/ros_maestro
