[0.011s] Invoking command in '/home/maxime/ros2_ws/build/maestro_node': /usr/bin/cmake /home/maxime/ros2_ws/src/maestro_node -DCATKIN_INSTALL_INTO_PREFIX_ROOT=0 -DCMAKE_INSTALL_PREFIX=/home/maxime/ros2_ws/install/maestro_node
[0.026s] -- Found ament_cmake: 1.3.10 (/opt/ros/humble/share/ament_cmake/cmake)
[0.133s] -- Found rclcpp: 16.0.10 (/opt/ros/humble/share/rclcpp/cmake)
[0.158s] -- Found rosidl_generator_c: 3.1.5 (/opt/ros/humble/share/rosidl_generator_c/cmake)
[0.160s] -- Found rosidl_adapter: 3.1.5 (/opt/ros/humble/share/rosidl_adapter/cmake)
[0.165s] -- Found rosidl_generator_cpp: 3.1.5 (/opt/ros/humble/share/rosidl_generator_cpp/cmake)
[0.172s] -- Using all available rosidl_typesupport_c: rosidl_typesupport_fastrtps_c;rosidl_typesupport_introspection_c
[0.182s] -- Using all available rosidl_typesupport_cpp: rosidl_typesupport_fastrtps_cpp;rosidl_typesupport_introspection_cpp
[0.208s] -- Found rmw_implementation_cmake: 6.1.2 (/opt/ros/humble/share/rmw_implementation_cmake/cmake)
[0.208s] -- Found rmw_fastrtps_cpp: 6.2.7 (/opt/ros/humble/share/rmw_fastrtps_cpp/cmake)
[0.316s] -- Using RMW implementation 'rmw_fastrtps_cpp' as default
[0.356s] -- Found tf2: 0.25.8 (/opt/ros/humble/share/tf2/cmake)
[0.369s] -- Found tf2_ros: 0.25.8 (/opt/ros/humble/share/tf2_ros/cmake)
[0.499s] -- Configuring done
[0.502s] [31mCMake Error at CMakeLists.txt:22 (add_executable):
[0.502s]   Cannot find source file:
[0.502s] 
[0.502s]     src/ROSMaestroController.cpp
[0.502s] 
[0.502s]   Tried extensions .c .C .c++ .cc .cpp .cxx .cu .mpp .m .M .mm .ixx .cppm .h
[0.502s]   .hh .h++ .hm .hpp .hxx .in .txx .f .F .for .f77 .f90 .f95 .f03 .hip .ispc
[0.502s] 
[0.502s] [0m
[0.503s] [31mCMake Error at CMakeLists.txt:22 (add_executable):
[0.503s]   No SOURCES given to target: maestro_node
[0.503s] 
[0.503s] [0m
[0.503s] [0mCMake Generate step failed.  Build files cannot be regenerated correctly.[0m
[0.512s] Invoked command in '/home/maxime/ros2_ws/build/maestro_node' returned '1': /usr/bin/cmake /home/maxime/ros2_ws/src/maestro_node -DCATKIN_INSTALL_INTO_PREFIX_ROOT=0 -DCMAKE_INSTALL_PREFIX=/home/maxime/ros2_ws/install/maestro_node
