[0.011s] Invoking command in '/home/maxime/ros2_ws/build/maestro_node': /usr/bin/cmake /home/maxime/ros2_ws/src/maestro_node -DCATKIN_INSTALL_INTO_PREFIX_ROOT=0 -DCMAKE_INSTALL_PREFIX=/home/maxime/ros2_ws/install/maestro_node
[0.026s] -- Found ament_cmake: 1.3.10 (/opt/ros/humble/share/ament_cmake/cmake)
[0.135s] -- Found rclcpp: 16.0.10 (/opt/ros/humble/share/rclcpp/cmake)
[0.159s] -- Found rosidl_generator_c: 3.1.5 (/opt/ros/humble/share/rosidl_generator_c/cmake)
[0.162s] -- Found rosidl_adapter: 3.1.5 (/opt/ros/humble/share/rosidl_adapter/cmake)
[0.166s] -- Found rosidl_generator_cpp: 3.1.5 (/opt/ros/humble/share/rosidl_generator_cpp/cmake)
[0.173s] -- Using all available rosidl_typesupport_c: rosidl_typesupport_fastrtps_c;rosidl_typesupport_introspection_c
[0.183s] -- Using all available rosidl_typesupport_cpp: rosidl_typesupport_fastrtps_cpp;rosidl_typesupport_introspection_cpp
[0.208s] -- Found rmw_implementation_cmake: 6.1.2 (/opt/ros/humble/share/rmw_implementation_cmake/cmake)
[0.209s] -- Found rmw_fastrtps_cpp: 6.2.7 (/opt/ros/humble/share/rmw_fastrtps_cpp/cmake)
[0.316s] -- Using RMW implementation 'rmw_fastrtps_cpp' as default
[0.356s] -- Found tf2: 0.25.8 (/opt/ros/humble/share/tf2/cmake)
[0.369s] -- Found tf2_ros: 0.25.8 (/opt/ros/humble/share/tf2_ros/cmake)
[0.450s] [31mCMake Error at CMakeLists.txt:11 (find_package):
[0.450s]   By not providing "Findasio.cmake" in CMAKE_MODULE_PATH this project has
[0.450s]   asked CMake to find a package configuration file provided by "asio", but
[0.450s]   CMake did not find one.
[0.450s] 
[0.450s]   Could not find a package configuration file provided by "asio" with any of
[0.450s]   the following names:
[0.451s] 
[0.451s]     asioConfig.cmake
[0.451s]     asio-config.cmake
[0.451s] 
[0.451s]   Add the installation prefix of "asio" to CMAKE_PREFIX_PATH or set
[0.451s]   "asio_DIR" to a directory containing one of the above files.  If "asio"
[0.451s]   provides a separate development package or SDK, be sure it has been
[0.451s]   installed.
[0.451s] 
[0.451s] [0m
[0.451s] -- Configuring incomplete, errors occurred!
[0.451s] See also "/home/maxime/ros2_ws/build/maestro_node/CMakeFiles/CMakeOutput.log".
[0.459s] Invoked command in '/home/maxime/ros2_ws/build/maestro_node' returned '1': /usr/bin/cmake /home/maxime/ros2_ws/src/maestro_node -DCATKIN_INSTALL_INTO_PREFIX_ROOT=0 -DCMAKE_INSTALL_PREFIX=/home/maxime/ros2_ws/install/maestro_node
